Warning: no access to tty (Bad file descriptor).
Thus no job control in this shell.
SHELL=/bin/csh
Hostname=ce-l208
Scratch dir=/work/tk3016/gams/Case2_CBS.2749726.wk
Parameters=
Gams command= gams  Case2_CBS.gms procDirPath=/work/tk3016/gams/Case2_CBS.2749726.wk O=Case2_CBS.2749726.lst lo=3 SolveLink=5 
Allocated cpu cores= 24
Requested Gams threads= 24
Allocated Gams threads= 24
--- Job Case2_CBS.gms Start 01/19/24 15:53:20 41.1.0 1682d454 LEX-LEG x86 64bit/Linux
--- Applying:
    /rvol/GAMS/gams41.1_linux_x64_64_sfx/gmsprmun.txt
--- GAMS Parameters defined
    Input /home/ps/ce-fs2/tk3016/proper_comparison/classifier/Process/Paper/Case2_CBS.gms
    Output /home/ps/ce-fs2/tk3016/proper_comparison/classifier/Process/Paper/Case2_CBS.2749726.lst
    ScrDir /work/tk3016/gams/Case2_CBS.2749726.wk/225a/
    SysDir /rvol/GAMS/gams41.1_linux_x64_64_sfx/
    LogOption 3
    SolveLink 5
    Threads 24
    ProcDirPath /work/tk3016/gams/Case2_CBS.2749726.wk
Licensee: Medium MUD - 10 User License                   S230530|0002AP-LNX
          Imperial College London, Centre for Process Systems EngineerDC621
          /rvol/GAMS/res/.rtspvr3/GAMS/gamslice.txt
          License Admin: Graham Stuart, g.stuart@imperial.ac.uk            
Processor information: 2 socket(s), 24 core(s), and 24 thread(s) available
GAMS 41.1.0   Copyright (C) 1987-2022 GAMS Development. All rights reserved
--- Starting compilation
--- Case2_CBS.gms(38) 3 Mb
--- GDXin=/home/ps/ce-fs2/tk3016/proper_comparison/classifier/Process/Paper/Case2_CBS3.gdx
--- GDX File ($gdxIn) /home/ps/ce-fs2/tk3016/proper_comparison/classifier/Process/Paper/Case2_CBS3.gdx
--- Case2_CBS.gms(66) 3 Mb
--- GDXin=/home/ps/ce-fs2/tk3016/proper_comparison/classifier/Process/Paper/Case2_CBS3.gdx
--- GDX File ($gdxIn) /home/ps/ce-fs2/tk3016/proper_comparison/classifier/Process/Paper/Case2_CBS3.gdx
--- Case2_CBS.gms(71) 3 Mb
--- GDXin=/home/ps/ce-fs2/tk3016/proper_comparison/classifier/Process/Paper/Case2_CBS3.gdx
--- GDX File ($gdxIn) /home/ps/ce-fs2/tk3016/proper_comparison/classifier/Process/Paper/Case2_CBS3.gdx
--- Case2_CBS.gms(76) 3 Mb
--- GDXin=/home/ps/ce-fs2/tk3016/proper_comparison/classifier/Process/Paper/Case2_CBS3.gdx
--- GDX File ($gdxIn) /home/ps/ce-fs2/tk3016/proper_comparison/classifier/Process/Paper/Case2_CBS3.gdx
--- Case2_CBS.gms(81) 3 Mb
--- GDXin=/home/ps/ce-fs2/tk3016/proper_comparison/classifier/Process/Paper/Case2_CBS3.gdx
--- GDX File ($gdxIn) /home/ps/ce-fs2/tk3016/proper_comparison/classifier/Process/Paper/Case2_CBS3.gdx
--- Case2_CBS.gms(86) 3 Mb
--- GDXin=/home/ps/ce-fs2/tk3016/proper_comparison/classifier/Process/Paper/Case2_CBS3.gdx
--- GDX File ($gdxIn) /home/ps/ce-fs2/tk3016/proper_comparison/classifier/Process/Paper/Case2_CBS3.gdx
--- Case2_CBS.gms(91) 3 Mb
--- GDXin=/home/ps/ce-fs2/tk3016/proper_comparison/classifier/Process/Paper/Case2_CBS3.gdx
--- GDX File ($gdxIn) /home/ps/ce-fs2/tk3016/proper_comparison/classifier/Process/Paper/Case2_CBS3.gdx
--- Case2_CBS.gms(96) 3 Mb
--- GDXin=/home/ps/ce-fs2/tk3016/proper_comparison/classifier/Process/Paper/Case2_CBS3.gdx
--- GDX File ($gdxIn) /home/ps/ce-fs2/tk3016/proper_comparison/classifier/Process/Paper/Case2_CBS3.gdx
--- Case2_CBS.gms(101) 3 Mb
--- GDXin=/home/ps/ce-fs2/tk3016/proper_comparison/classifier/Process/Paper/Case2_CBS3.gdx
--- GDX File ($gdxIn) /home/ps/ce-fs2/tk3016/proper_comparison/classifier/Process/Paper/Case2_CBS3.gdx
--- Case2_CBS.gms(106) 3 Mb
--- GDXin=/home/ps/ce-fs2/tk3016/proper_comparison/classifier/Process/Paper/Case2_CBS3.gdx
--- GDX File ($gdxIn) /home/ps/ce-fs2/tk3016/proper_comparison/classifier/Process/Paper/Case2_CBS3.gdx
--- Case2_CBS.gms(111) 3 Mb
--- GDXin=/home/ps/ce-fs2/tk3016/proper_comparison/classifier/Process/Paper/Case2_CBS3.gdx
--- GDX File ($gdxIn) /home/ps/ce-fs2/tk3016/proper_comparison/classifier/Process/Paper/Case2_CBS3.gdx
--- Case2_CBS.gms(663) 3 Mb
--- Starting execution: elapsed 0:00:00.043
--- Case2_CBS.gms(647) 4 Mb
--- Generating MINLP model N2
--- Case2_CBS.gms(648) 6 Mb
--- Reset Solvelink = 2
--- LOOPS ics = 1
---   574 rows  523 columns  2,682 non-zeroes
---   3,514 nl-code  1,008 nl-non-zeroes
---   46 discrete-columns
--- Range statistics (absolute non-zero finite values)
--- RHS       [min, max] : [ 1.398E-02, 1.001E+03] - Zero values observed as well
--- Bound     [min, max] : [ 1.000E-10, 2.000E+03] - Zero values observed as well
--- Matrix    [min, max] : [ 1.763E-10, 2.723E+04] - Zero values observed as well
--- Case2_CBS.gms(648) 4 Mb
--- Executing SBB (Solvelink=2): elapsed 0:00:00.061

Simple B&B       41.1.0 1682d454 Oct 28, 2022          LEG x86 64bit/Linux    

 523 columns (46 discrete), 574 rows, 2682 nonzeros

SNOPT            41.1.0 1682d454 Oct 28, 2022          LEG x86 64bit/Linux    


 ==============================
 S N O P T  7.7.7    (Feb 2021)
 ==============================
 SNMEMB EXIT 100 -- finished successfully
 SNMEMB INFO 104 -- memory requirements estimated

 Nonlinear constraints     323     Linear constraints     251
 Nonlinear variables       419     Linear variables       103
 Jacobian  variables       419     Objective variables    419
 Total constraints         574     Total variables        522
 The user has defined    1202   out of    1202   constraint gradients.
 The user has defined     419   out of     419   objective  gradients.

        Minor NumInf  FP mult  FP step   rgNorm         SumInf     nS
          100      1 -2.7E+01  5.5E-11           1.1459968E-05

        Minor NonOpt  QP mult  QP step   rgNorm   QP objective     nS
          200      8 -3.7E-05  2.2E-06  1.9E-15  9.6192014E-01      4

 Major Minors     Step   nCon Feasible  Optimal  MeritFunction     nS Penalty
     0    205               1  9.2E-02  2.7E-01  9.9862999E-01      4           r
     1     23  1.0E+00      2 (5.6E-07)(1.9E-06) 9.9863409E-01      4 3.5E-05   r
 SNOPTC EXIT   0 -- finished successfully
 SNOPTC INFO   1 -- optimality conditions satisfied

 Problem name                 N2
 No. of iterations                 251   Objective            9.9863364110E-01
 No. of major iterations             1   Linear    obj. term  9.9863364110E-01
 Penalty parameter           3.534E-05   Nonlinear obj. term  0.0000000000E+00
 User function calls (total)         2
 No. of superbasics                  4   No. of basic nonlinears           389
 No. of degenerate steps           149   Percentage                      59.36
 Max x                      27 6.1E+02   Max pi                    325 3.8E+01
 Max Primal infeas         524 3.4E-04   Max Dual infeas           426 8.5E-02
 Nonlinear constraint violn    3.4E-04

 Solution not printed
 Time for solving problem                       0.00 seconds
 Time for constraint functions                  0.00 seconds
 Time for objective function                    0.00 seconds

 Root node solved locally optimal.
   Node  Act. Lev.  Objective  IInf  Best Int.   Best Bound   Gap  (0 secs)
      0     2   0       0.9986  11            -       0.9986         -
      1     3   1       0.9986   9            -       0.9986         -
      2     4   2       0.9986  10            -       0.9986         -
      3     5   3       0.9986   5            -       0.9986         -
      4     6   4       0.9986   3            -       0.9986         -
*     5     4   5       0.9986   0       0.9986       0.9986  0.000011
      6     3   4       pruned   -       0.9986       0.9986  0.000009
      7     2   3       pruned   -       0.9986       0.9986  0.000006
      8     1   2       pruned   -       0.9986       0.9986  0.000006
      9     0   1       pruned   -       0.9986       0.9986  0.000000
 Integer solution
 Statistics:
    Iterations    :             13996
    NLP Seconds   :         12.210000
    B&B nodes     :                 9
    MIP solution  :          0.998630 found in node 5
    Best possible :          0.998630
    Absolute gap  :          0.000000     optca :1.0000e-09
    Relative gap  :          0.000000     optcr :  0.000001
    Model Status  :                 8
    Solver Status :                 1

 Non convex model!
    # jumps in best bound       :                 2
    Maximum jump in best bound  :          0.000002 in node 3
    # jumps to better objective :                 2
    Maximum jump in objective   :          0.000002 in node 3

 NLP Solver Statistics
    Total Number of NLP solves  :         11
    Total Number of NLP failures:          0
    Details:          snopt
      # execs            11
      # failures          0
 Terminating.
--- Reading solution for model N2
--- Executing after solve: elapsed 0:00:12.375
--- Case2_CBS.gms(647) 4 Mb
--- Generating MINLP model N2
--- Case2_CBS.gms(648) 6 Mb
--- Reset Solvelink = 2
--- LOOPS ics = 2
---   575 rows  523 columns  2,698 non-zeroes
---   3,514 nl-code  1,008 nl-non-zeroes
---   46 discrete-columns
--- Range statistics (absolute non-zero finite values)
--- RHS       [min, max] : [ 1.398E-02, 1.001E+03] - Zero values observed as well
--- Bound     [min, max] : [ 1.000E-10, 2.000E+03] - Zero values observed as well
--- Matrix    [min, max] : [ 8.476E-17, 2.724E+04] - Zero values observed as well
--- Case2_CBS.gms(648) 4 Mb
--- Executing SBB (Solvelink=2): elapsed 0:00:12.382

Simple B&B       41.1.0 1682d454 Oct 28, 2022          LEG x86 64bit/Linux    

 523 columns (46 discrete), 575 rows, 2698 nonzeros

SNOPT            41.1.0 1682d454 Oct 28, 2022          LEG x86 64bit/Linux    


 ==============================
 S N O P T  7.7.7    (Feb 2021)
 ==============================
 SNMEMB EXIT 100 -- finished successfully
 SNMEMB INFO 104 -- memory requirements estimated

 Nonlinear constraints     323     Linear constraints     252
 Nonlinear variables       419     Linear variables       103
 Jacobian  variables       419     Objective variables    419
 Total constraints         575     Total variables        522

        Minor NonOpt  LP mult  LP Step                 SumInfE
          100      3  1.0E+00  1.3E-06           1.5070000E+00
 The user has defined    1202   out of    1202   constraint gradients.
 The user has defined     419   out of     419   objective  gradients.

        Minor NumInf  FP mult  FP step   rgNorm         SumInf     nS
          100     14 -1.0E+00  1.7E-05           7.0441795E-01

 Major Minors     Step   nCon Feasible  Optimal  MeritFunction     nS Penalty
     0    143               1  1.9E-01  1.0E+00  9.9846453E-01                  r i
     1     25  1.2E-01      2  1.7E-01  1.0E+00 -7.5748148E+02      3 1.1E-01   rli
     2     10  2.0E-01      4  1.4E-01  1.0E+00 -3.6013731E+03      2 7.3E-01 sm li
     3     35  1.0E+00      6  1.5E-02  1.0E+00  2.1041822E+01      6 7.3E-01  m  i
     4      1  1.5E-02     10  1.5E-02  1.0E+00 -2.7976367E+00      6 9.4E-01     i
     5      5  1.5E-02     14  1.4E-02  1.0E+00 -2.7603677E+00      6 9.4E-01   R i
     6      1  2.1E-02     17  1.4E-02  1.0E+00 -6.7262378E+00      6 1.0E+00 s   i
     7      4  5.4E-02     21  1.4E-02  1.0E+00 -6.3964221E+00      6 1.0E+00     i
     8      2  6.1E-02     24  1.3E-02  1.0E+00 -5.9428093E+00      7 1.0E+00     i
     9      4  6.8E-02     27  1.2E-02  1.0E+00 -5.5703306E+00      6 1.0E+00     i

 Major Minors     Step   nCon Feasible  Optimal  MeritFunction     nS Penalty
    10      3  7.6E-02     31  1.1E-02  1.0E+00 -5.1824387E+00      6 1.0E+00     i
    11      4  9.0E-02     35  1.1E-02  1.0E+00 -4.7537822E+00      5 1.0E+00   r i
    12      1  2.4E-01     38  9.1E-03  1.0E+00 -4.6431182E+00      5 1.0E+00   r i
    13      1  1.0E+00     39  6.1E-03  1.0E+00 -3.7292289E+00      5 1.0E+00 s   i
    14      1  1.0E+00     40  3.6E-03  1.0E+00 -6.1860714E-01      5 1.0E+00     i
    15      2  1.0E+00     41  1.7E-03  1.0E+00  6.2285253E-01      5 1.0E+00     i
    16      1  1.0E+00     42  5.5E-04  3.3E-01  9.5212534E-01      5 1.0E+00     i
    17      1  1.0E+00     43  6.7E-05  4.1E-02  9.9491682E-01      5 1.0E+00     i
    18      1  1.0E+00     44 (7.9E-07) 4.8E-04  9.9607090E-01      5 1.0E+00     i
    19      3  1.0E+00     45 (4.0E-07) 2.3E-03  9.9610807E-01      4 1.0E+00     i

 Major Minors     Step   nCon Feasible  Optimal  MeritFunction     nS Penalty
    20      1  4.4E-01     47  2.4E-05  1.5E-02  9.9630122E-01      4 1.0E+00     i
    21      1  1.0E+00     48  4.1E-05  2.5E-02  9.9648428E-01      4 1.0E+00     i
    22      1  1.0E+00     49 (1.3E-08) 2.0E-04  9.9673042E-01      4 1.0E+00     i
    23      2  1.0E+00     50 (1.4E-08) 8.6E-06  9.9674093E-01      3 1.0E+00 s r i
    24      2  1.0E+00     51  1.5E-05  9.1E-03  9.9700210E-01      2 1.0E+00 s   i
    25      1  1.7E-01     54  2.0E-05  1.2E-02  9.9710136E-01      2 1.0E+00     i
    26      1  1.6E-01     57  2.7E-05  1.6E-02  9.9718352E-01      2 1.0E+00     i
    27      1  1.5E-01     60  3.2E-05  1.9E-02  9.9726410E-01      2 1.0E+00     i
    28      2  1.5E-01     64  3.6E-05  2.2E-02  9.9734677E-01        1.0E+00 sM  i
    29      0  4.1E-01     67  4.5E-05  2.7E-02  9.9752714E-01        1.0E+00  m  i

 Major Minors     Step   nCon Feasible  Optimal  MeritFunction     nS Penalty
    30      1  3.6E-01     69  5.4E-05  3.2E-02  9.9763563E-01        1.0E+00  m  i
    31      0  1.9E-01     72  5.2E-05  3.1E-02  9.9775512E-01        1.0E+00     i
    32      1  3.4E-01     74  6.1E-05  3.6E-02  9.9781861E-01        1.0E+00  m  i
    33      0  3.4E-01     76  6.0E-05  3.5E-02  9.9793694E-01        1.0E+00     i
    34      1  5.2E-01     78  4.9E-05  2.9E-02  9.9823614E-01      1 1.0E+00   r i
    35      1  1.0E+00     80 (5.4E-07) 3.2E-04  9.9858207E-01        1.0E+00 sM  i
    36      0  1.0E+00     81  1.7E-05  9.7E-03  9.9864535E-01        1.0E+00     i
    37      0  1.0E+00     82 (5.8E-09) 3.4E-06  9.9868323E-01        1.0E+00     i
    38      0  9.3E-01     90 (3.9E-10)(1.6E-11) 9.9868323E-01        4.8E+00     i
 SNOPTC EXIT   0 -- finished successfully
 SNOPTC INFO   1 -- optimality conditions satisfied

 Problem name                 N2
 No. of iterations                 378   Objective            9.9868323422E-01
 No. of major iterations            38   Linear    obj. term  9.9868323422E-01
 Penalty parameter           4.836E+00   Nonlinear obj. term  0.0000000000E+00
 User function calls (total)        90
 No. of degenerate steps           117   Percentage                      30.95
 Max x                      27 5.9E+02   Max pi                    325 1.0E+10
 Max Primal infeas         769 2.3E-07   Max Dual infeas           389 9.5E-04
 Nonlinear constraint violn    2.3E-07

 Solution not printed
 Time for solving problem                       0.00 seconds
 Time for constraint functions                  0.00 seconds
 Time for objective function                    0.00 seconds

 Root node solved locally optimal.
   Node  Act. Lev.  Objective  IInf  Best Int.   Best Bound   Gap  (0 secs)
      0     2   0       0.9987   5            -       0.9987         -
      1     3   1       0.9971  14            -       0.9987         -
      2     4   2       0.9984   5            -       0.9987         -
      3     5   3       0.9974  14            -       0.9987         -
      4     6   4       0.9963  11            -       0.9987         -
      5     5   5   infeasible   -            -       0.9987         -
      6     6   5       0.7095   9            -       0.9987         -
      7     7   6       0.7079   5            -       0.9987         -
      8     8   7       0.6560  10            -       0.9987         -
      9     9   8       0.6586   8            -       0.9987         -
     10     8   9   infeasible   -            -       0.9987         -
     11     7   9   infeasible   -            -       0.9987         -
     12     6   8   infeasible   -            -       0.9987         -
     13     7   7       0.5482   5            -       0.9987         -
*    14     5   8       0.5493   0       0.5493       0.9987  0.450002
     15     4   1   infeasible   -       0.5493       0.9984  0.449862
     16     5   3       0.9936   6       0.5493       0.9974  0.449318
     17     4   4       pruned   -       0.5493       0.9971  0.449116
     18     5   2       0.5769   9       0.5493       0.9936  0.447160
     19     4   4      ignored   -       0.5493       0.9936  0.447160 (4,7)
   Node  Act. Lev.  Objective  IInf  Best Int.   Best Bound   Gap  (3 secs)
     20     5   4       0.9916   5       0.5493       0.9916  0.446058
     21     4   5   infeasible   -       0.5493       0.9916  0.446058
     22     3   5   infeasible   -       0.5493       0.7095  0.225809
     23     2   6   infeasible   -       0.5493       0.5769  0.047812
     24     1   3   infeasible   -       0.5493       0.5769  0.047812
     25     0   3   infeasible   -       0.5493       0.5493  0.000000
 Integer solution
 Statistics:
    Iterations    :             22187
    NLP Seconds   :          3.813000
    B&B nodes     :                25
    Ignored nodes :                 1
    MIP solution  :          0.549276 found in node 14
    Best possible :          0.549276
    Absolute gap  :          0.000000     optca :1.0000e-09
    Relative gap  :          0.000000     optcr :  0.000001
    Model Status  :                 8
    Solver Status :                 1

 Non convex model!
    # jumps to better objective :                 3
    Maximum jump in objective   :          0.002623 in node 9

 NLP Solver Statistics
    Total Number of NLP solves  :         27
    Total Number of NLP failures:          1
    Details:          snopt
      # execs            27
      # failures          1
 Terminating.
--- Reading solution for model N2
--- Executing after solve: elapsed 0:00:16.316
--- Case2_CBS.gms(647) 4 Mb
--- Generating MINLP model N2
--- Case2_CBS.gms(648) 6 Mb
--- Reset Solvelink = 2
--- LOOPS ics = 3
---   576 rows  523 columns  2,714 non-zeroes
---   3,514 nl-code  1,008 nl-non-zeroes
---   46 discrete-columns
--- Range statistics (absolute non-zero finite values)
--- RHS       [min, max] : [ 1.398E-02, 1.001E+03] - Zero values observed as well
--- Bound     [min, max] : [ 1.000E-10, 2.000E+03] - Zero values observed as well
--- Matrix    [min, max] : [ 4.621E-17, 6.000E+02] - Zero values observed as well
--- Case2_CBS.gms(648) 4 Mb
--- Executing SBB (Solvelink=2): elapsed 0:00:16.324

Simple B&B       41.1.0 1682d454 Oct 28, 2022          LEG x86 64bit/Linux    

 523 columns (46 discrete), 576 rows, 2714 nonzeros

SNOPT            41.1.0 1682d454 Oct 28, 2022          LEG x86 64bit/Linux    


 ==============================
 S N O P T  7.7.7    (Feb 2021)
 ==============================
 SNMEMB EXIT 100 -- finished successfully
 SNMEMB INFO 104 -- memory requirements estimated

 Nonlinear constraints     323     Linear constraints     253
 Nonlinear variables       419     Linear variables       103
 Jacobian  variables       419     Objective variables    419
 Total constraints         576     Total variables        522

        Minor NonOpt  LP mult  LP Step                 SumInfE
          100      8 -9.3E-01  2.1E-09           1.6889333E+00
 The user has defined    1202   out of    1202   constraint gradients.
 The user has defined     419   out of     419   objective  gradients.

        Minor NumInf  FP mult  FP step   rgNorm         SumInf     nS
          100      9  7.6E-01  9.0E-02           1.6121542E+00

        Minor NonOpt  QP mult  QP step   rgNorm Elastic QP obj     nS
          200        -1.7E+05  3.6E-02          -2.0287000E+04

 Major Minors     Step   nCon Feasible  Optimal  MeritFunction     nS Penalty
     0    200               1  7.2E-02  4.6E-01  5.4788752E-01                  r i
     1     41  6.1E-02      2  6.8E-02  5.4E-01 -4.8617354E+04      4 4.5E+01   rli
     2     28 -7.3E-02      4  6.1E-02  8.2E-01 -4.7044507E+04      2 4.5E+01 sm li

        Minor NonOpt  QP mult  QP step   rgNorm Elastic QP obj     nS
          100     19           1.0E+00  4.5E-06 -3.5588669E+05      2
          200     24           9.6E-02  3.7E+04 -9.8435816E+04      1
          300      1           1.0E+00  1.1E-06 -3.0728027E+04      2

 Major Minors     Step   nCon Feasible  Optimal  MeritFunction     nS Penalty
     3    375  1.0E+00      6  7.0E-03  6.4E-01  3.1163563E+04      1 4.5E+01  m  i
     4     59 -3.7E+00      8  6.8E-04  3.4E-01  1.3239453E+03      7 4.3E+03  m  i
     5      2  7.4E-01     11  1.8E-04  8.9E-02  5.1365181E+00      7 2.1E+04     i
     6     12  8.4E-01     14  2.8E-05  1.4E-02  5.3673577E-01     11 2.2E+04   R i
     7      6  1.0E+00     15 (2.5E-08) 1.2E-05  4.9966224E-01     12 2.4E+04 s   i
     8     17  1.0E+00     16  1.3E-06  1.6E-03  5.0063565E-01      2 2.2E+02 s   i
     9      4  2.6E-01     19  2.1E-05  1.5E-02  5.0636979E-01        4.1E+01     i

 Major Minors     Step   nCon Feasible  Optimal  MeritFunction     nS Penalty
    10      0  2.7E-01     23  3.6E-05  1.9E-02  5.1366151E-01        3.1E+01  m  i
    11      4  3.7E-01     25  5.2E-05  1.3E-01  5.1894696E-01        3.1E+01  m  i
    12      1  3.8E-01     28  5.3E-05  1.4E-01  5.2422896E-01      1 3.1E+01     i
    13      2  4.4E-01     31  4.9E-05  2.6E-02  5.3125953E-01        3.1E+01  M  i
    14      0  1.8E-01     35  4.7E-05  2.6E-02  5.3466909E-01        3.1E+01  m  i
    15      0  1.5E-01     38  5.1E-05  2.8E-02  5.3727476E-01        3.1E+01  m  i
    16      0  1.3E-01     41  5.3E-05  2.9E-02  5.3939471E-01        3.1E+01  m  i
    17      0  1.2E-01     44  5.4E-05  3.0E-02  5.4134194E-01        3.1E+01  m  i
    18      6  1.5E-01     46  5.7E-05  3.1E-02  5.4290743E-01      1 3.1E+01  mr i
    19      1  2.6E-01     49  6.2E-05  3.4E-02  5.4501288E-01        3.1E+01 sm  i

 Major Minors     Step   nCon Feasible  Optimal  MeritFunction     nS Penalty
    20      0  1.4E-01     52  6.3E-05  3.5E-02  5.4702708E-01        3.1E+01  m  i
    21      1  2.2E-01     54  6.6E-05  3.7E-02  5.4933796E-01        3.1E+01  m  i
    22      0  3.4E-01     56  6.2E-05  3.4E-02  5.5225474E-01        3.1E+01     i
    23      0  3.8E-01     58  4.7E-05  2.6E-02  5.5701876E-01        3.1E+01     i
    24      0  3.8E-01     60  5.7E-05  3.2E-02  5.6178262E-01        3.1E+01  m  i
    25      0  4.1E-01     62  6.0E-05  3.4E-02  5.6678048E-01        3.1E+01  m  i
    26     20  5.2E-01     64  5.6E-05  5.8E-02  5.7353309E-01      1 3.1E+01  m  i
    27      1  1.0E+00     65  3.4E-05  3.6E-02  5.7608834E-01        3.1E+01     i
    28      1  1.0E+00     67  2.3E-05  1.3E-02  5.8937933E-01        3.1E+01  m  i
    29      0  1.0E+00     68  1.6E-05  9.2E-03  5.9637748E-01        3.1E+01  mr i

 Major Minors     Step   nCon Feasible  Optimal  MeritFunction     nS Penalty
    30      4  1.0E+00     69  1.6E-05  9.2E-03  6.0212954E-01      1 3.1E+01 sm  i
    31      2  1.0E+00     71  4.5E-05  2.7E-02  6.0906372E-01        3.1E+01  m  i
    32      1  1.0E+00     73  5.5E-05  3.3E-02  6.1560381E-01        3.1E+01  m  i
    33      0  1.0E+00     74  4.7E-06  2.9E-03  6.2369645E-01        3.1E+01  m  i
    34      0  1.0E+00     75 (1.3E-09)(1.2E-07) 6.2377568E-01        3.1E+01  m  i
 SNOPTC EXIT   0 -- finished successfully
 SNOPTC INFO   1 -- optimality conditions satisfied

 Problem name                 N2
 No. of iterations                 899   Objective            6.2377568312E-01
 No. of major iterations            34   Linear    obj. term  6.2377568312E-01
 Penalty parameter           3.057E+01   Nonlinear obj. term  0.0000000000E+00
 User function calls (total)        75
 No. of degenerate steps           151   Percentage                      16.80
 Max x                      26 6.1E+02   Max pi                     24 1.0E+10
 Max Primal infeas         831 7.7E-07   Max Dual infeas           382 1.2E+03
 Nonlinear constraint violn    7.7E-07

 Solution not printed
 Time for solving problem                       0.12 seconds
 Time for constraint functions                  0.00 seconds
 Time for objective function                    0.00 seconds

 Root node solved locally optimal.
   Node  Act. Lev.  Objective  IInf  Best Int.   Best Bound   Gap  (0 secs)
      0     2   0       0.7095   9            -       0.7095         -
      1     3   1       0.7079   5            -       0.7095         -
      2     2   2   infeasible   -            -       0.7095         -
      3     3   2       0.5398   8            -       0.7095         -
      4     4   3       0.5365   6            -       0.7095         -
      5     5   4       0.5388   4            -       0.7095         -
*     6     3   5       0.5377   0       0.5377       0.7095  0.242126
      7     4   1       0.5852  10       0.5377       0.5852  0.081202
      8     3   2       pruned   -       0.5377       0.5852  0.081202
      9     4   2       0.7053   6       0.5377       0.7053  0.237634
     10     5   3       0.5399   5       0.5377       0.7053  0.237634
     11     4   3   infeasible   -       0.5377       0.5399  0.003986
*    12     3   4       0.5378   0       0.5378       0.5399  0.003741
     13     2   4       pruned   -       0.5378       0.5398  0.003681
     14     1   3   infeasible   -       0.5378       0.5388  0.001769
     15     0   5       pruned   -       0.5378       0.5378  0.000000
 Integer solution
 Statistics:
    Iterations    :              9659
    NLP Seconds   :          1.124001
    B&B nodes     :                15
    MIP solution  :          0.537831 found in node 12
    Best possible :          0.537831
    Absolute gap  :          0.000000     optca :1.0000e-09
    Relative gap  :          0.000000     optcr :  0.000001
    Model Status  :                 8
    Solver Status :                 1

 Non convex model!
    # jumps in best bound       :                 1
    Maximum jump in best bound  :          0.120083 in node 9
    # jumps to better objective :                 2
    Maximum jump in objective   :          0.120083 in node 9

 NLP Solver Statistics
    Total Number of NLP solves  :         17
    Total Number of NLP failures:          0
    Details:          snopt
      # execs            17
      # failures          0
 Terminating.
--- Reading solution for model N2
--- Executing after solve: elapsed 0:00:17.526
--- Case2_CBS.gms(647) 4 Mb
--- Generating MINLP model N2
--- Case2_CBS.gms(648) 6 Mb
--- Reset Solvelink = 2
--- LOOPS ics = 4
---   577 rows  523 columns  2,730 non-zeroes
---   3,514 nl-code  1,008 nl-non-zeroes
---   46 discrete-columns
--- Range statistics (absolute non-zero finite values)
--- RHS       [min, max] : [ 1.398E-02, 1.001E+03] - Zero values observed as well
--- Bound     [min, max] : [ 1.000E-10, 2.000E+03] - Zero values observed as well
--- Matrix    [min, max] : [ 1.690E-18, 6.000E+02] - Zero values observed as well
--- Case2_CBS.gms(648) 4 Mb
--- Executing SBB (Solvelink=2): elapsed 0:00:17.534

Simple B&B       41.1.0 1682d454 Oct 28, 2022          LEG x86 64bit/Linux    

 523 columns (46 discrete), 577 rows, 2730 nonzeros

SNOPT            41.1.0 1682d454 Oct 28, 2022          LEG x86 64bit/Linux    


 ==============================
 S N O P T  7.7.7    (Feb 2021)
 ==============================
 SNMEMB EXIT 100 -- finished successfully
 SNMEMB INFO 104 -- memory requirements estimated

 Nonlinear constraints     323     Linear constraints     254
 Nonlinear variables       419     Linear variables       103
 Jacobian  variables       419     Objective variables    419
 Total constraints         577     Total variables        522

        Minor NonOpt  LP mult  LP Step                 SumInfE
          100     14  5.7E+00  5.6E-11           1.5049342E+00
 The user has defined    1202   out of    1202   constraint gradients.
 The user has defined     419   out of     419   objective  gradients.

        Minor NumInf  FP mult  FP step   rgNorm         SumInf     nS
          100      9 -5.7E-01  1.1E-04           2.7222268E-01

 Major Minors     Step   nCon Feasible  Optimal  MeritFunction     nS Penalty
     0    155               1  2.2E-02  5.7E-03 -1.1824498E-01      3           r
     1      1  1.5E-01      2  1.9E-02  4.9E-03 -6.9896575E+00      3 1.1E-01   rl
     2      5  1.9E-01      3  1.5E-02  6.5E-01 -5.2541015E+02      4 1.2E+01 s  l
     3     11  1.0E+00      5  1.2E-04  8.3E-02  5.2936786E-01      6 4.2E+00  m
     4      3  1.0E+00      6 (2.3E-07) 1.3E-01  5.3301784E-01      6 4.2E+00
     5      3  1.0E+00      8 (9.7E-08) 1.4E-01  5.3311510E-01      6 4.2E+00  m
     6      5  1.0E+00      9 (1.5E-07) 1.3E-01  5.3337794E-01      6 4.2E+00
     7      2  1.0E+00     10  1.6E-06  4.2E-02  5.3375419E-01      5 4.2E+00
     8     15  1.0E+00     12  8.1E-05  2.0E-01  5.3595864E-01      6 4.2E+00  m
     9      2  1.0E+00     13  4.4E-05  4.9E-02  5.3841796E-01      5 4.2E+00

 Major Minors     Step   nCon Feasible  Optimal  MeritFunction     nS Penalty
    10      4  1.0E+00     14  3.2E-05  1.4E-01  5.4100564E-01      5 4.2E+00
    11      2  1.0E+00     15  4.9E-05  3.4E-02  5.4306029E-01      4 4.2E+00
    12      5  1.0E+00     17  1.3E-04  1.4E-02  5.4511773E-01      5 4.2E+00  mR
    13      1  1.0E+00     18 (4.5E-07) 2.3E-03  5.4757011E-01      5 4.2E+00 s
    14      6  1.0E+00     20  1.9E-04  2.1E-02  5.5230426E-01      4 4.2E+00  m
    15     11  2.3E-01     24  2.7E-04  1.2E-04  5.6215359E-01      2 4.2E+00  m
    16      5  1.9E-01     28  2.7E-04  1.6E-01  5.7293499E-01      1 4.2E+00  m
    17      9  1.9E-01     32  2.5E-04  5.8E-04  5.8416667E-01      1 4.2E+00  M
    18     11  1.8E-01     36  2.1E-04  4.9E-04  5.9550868E-01      2 4.2E+00  m
    19      2  2.2E-01     40  2.1E-04  2.8E-04  6.0872861E-01      1 4.2E+00  M

 Major Minors     Step   nCon Feasible  Optimal  MeritFunction     nS Penalty
    20      1  3.6E-01     43  2.3E-04  1.6E-04  6.1848791E-01        4.2E+00  M
    21      9  4.0E-01     46  2.3E-04  2.0E-02  6.3800403E-01      1 4.2E+00  m
    22      4  1.0E+00     48  1.3E-04  8.4E-03  6.8065771E-01      1 4.2E+00  m
    23      1  1.0E+00     49  9.3E-06  1.8E-04  7.0822897E-01      1 4.2E+00   R
    24      1  1.0E+00     50 (4.5E-08) 1.7E-03  7.0831904E-01        4.2E+00 s
    25      2  6.8E-01     53  2.0E-05  9.2E-03  7.0868041E-01      1 4.2E+00  m
    26      1  5.0E-01     55  4.8E-05  2.1E-03  7.0900632E-01        4.2E+00  m
    27      0  1.0E+00     56  4.6E-06  1.5E-05  7.0947594E-01        4.2E+00
    28      0  1.0E+00     57 (4.4E-11)(1.4E-10) 7.0948363E-01        4.2E+00  m
 SNOPTC EXIT   0 -- finished successfully
 SNOPTC INFO   1 -- optimality conditions satisfied

 Problem name                 N2
 No. of iterations                 396   Objective            7.0948363108E-01
 No. of major iterations            28   Linear    obj. term  7.0948363108E-01
 Penalty parameter           4.226E+00   Nonlinear obj. term  0.0000000000E+00
 User function calls (total)        57
 No. of degenerate steps           113   Percentage                      28.54
 Max x                      27 6.9E+02   Max pi                    388 5.4E+00
 Max Primal infeas         554 3.0E-08   Max Dual infeas            76 7.8E-10
 Nonlinear constraint violn    3.0E-08

 Solution not printed
 Time for solving problem                       0.00 seconds
 Time for constraint functions                  0.00 seconds
 Time for objective function                    0.00 seconds

 Root node solved locally optimal.
   Node  Act. Lev.  Objective  IInf  Best Int.   Best Bound   Gap  (0 secs)
      0     2   0       0.7095   9            -       0.7095         -
      1     3   1       0.7079   5            -       0.7095         -
      2     4   2       0.6577   8            -       0.7095         -
      3     3   3   infeasible   -            -       0.7095         -
      4     2   3   infeasible   -            -       0.7095         -
*     5     1   2       0.5493   0       0.5493       0.7095  0.225809
      6     0   1      ignored   -       0.5493       0.5493  0.000000 (4,6)
 Integer solution
 Statistics:
    Iterations    :              7453
    NLP Seconds   :        130.538000
    B&B nodes     :                 6
    Ignored nodes :                 1
    MIP solution  :          0.549276 found in node 5
    Best possible :          0.549276
    Absolute gap  :          0.000000     optca :1.0000e-09
    Relative gap  :          0.000000     optcr :  0.000001
    Model Status  :                 8
    Solver Status :                 1

 NLP Solver Statistics
    Total Number of NLP solves  :          8
    Total Number of NLP failures:          1
    Details:          snopt
      # execs             8
      # failures          1
 Terminating.
--- Reading solution for model N2
--- Executing after solve: elapsed 0:02:28.146
--- Case2_CBS.gms(647) 4 Mb
--- Generating MINLP model N2
--- Case2_CBS.gms(648) 6 Mb
--- Reset Solvelink = 2
--- LOOPS ics = 5
---   578 rows  523 columns  2,746 non-zeroes
---   3,514 nl-code  1,008 nl-non-zeroes
---   46 discrete-columns
--- Range statistics (absolute non-zero finite values)
--- RHS       [min, max] : [ 1.398E-02, 1.001E+03] - Zero values observed as well
--- Bound     [min, max] : [ 1.000E-10, 2.000E+03] - Zero values observed as well
--- Matrix    [min, max] : [ 9.153E-17, 6.000E+02] - Zero values observed as well
--- Case2_CBS.gms(648) 4 Mb
--- Executing SBB (Solvelink=2): elapsed 0:02:28.155

Simple B&B       41.1.0 1682d454 Oct 28, 2022          LEG x86 64bit/Linux    

 523 columns (46 discrete), 578 rows, 2746 nonzeros

SNOPT            41.1.0 1682d454 Oct 28, 2022          LEG x86 64bit/Linux    


 ==============================
 S N O P T  7.7.7    (Feb 2021)
 ==============================
 SNMEMB EXIT 100 -- finished successfully
 SNMEMB INFO 104 -- memory requirements estimated

 Nonlinear constraints     323     Linear constraints     255
 Nonlinear variables       419     Linear variables       103
 Jacobian  variables       419     Objective variables    419
 Total constraints         578     Total variables        522

        Minor NonOpt  LP mult  LP Step                 SumInfE
          100      8 -4.1E+04  4.9E-11           1.8338320E+00
 The user has defined    1202   out of    1202   constraint gradients.
 The user has defined     419   out of     419   objective  gradients.

        Minor NumInf  FP mult  FP step   rgNorm         SumInf     nS
          100     17 -6.5E-01  4.6E-03           1.1405137E+00

 Major Minors     Step   nCon Feasible  Optimal  MeritFunction     nS Penalty
     0    155               1  1.9E-03  5.4E-03  5.4999247E-01      4           r
     1      6  2.0E-02      2  1.9E-03  1.3E-02 -1.0569421E+01      5 1.8E+01   rl
     2      9  2.2E-02      4  1.8E-03  6.3E-02 -1.3099213E+01      5 2.2E+01 sM l
     3     27  1.0E+00      5  6.0E-04  8.9E-02  3.1477268E-01      4 6.9E+00
     4     15  1.0E+00      7  3.4E-04  1.4E-01  5.5121062E-01      4 6.9E+00  M
     5      8  1.0E+00      9  1.6E-04  5.6E-04  5.5622414E-01      2 6.9E+00  m
     6      5  1.0E+00     11  8.7E-05  6.0E-05  5.6138656E-01      2 6.9E+00  M
     7      2  6.1E-01     14  7.7E-05  5.7E-04  5.6964613E-01        6.9E+00 sM
     8      5  2.2E-01     16  1.6E-04  6.3E-01  6.0842484E-01      1 6.9E+00  m
     9      1  1.0E+00     18  2.7E-05  1.0E-01  6.1177290E-01        6.9E+00  M

 Major Minors     Step   nCon Feasible  Optimal  MeritFunction     nS Penalty
    10      1  1.0E+00     20  1.0E-04  1.5E-01  6.2254426E-01        6.9E+00  m
    11      6 -2.1E+00     22  1.3E-04  5.1E-02  6.3594647E-01      1 6.9E+00  m
    12     27 -6.5E+00     24  1.1E-04  2.6E-01  6.4937112E-01      4 6.9E+00  mR
    13      5  1.0E+00     26 (4.0E-07) 1.6E-02  6.4733292E-01        7.1E+00 sM
    14      9  1.0E+00     28  1.0E-04  4.9E-01  6.5902931E-01      1 7.1E+00  m
    15      3  1.0E+00     30  1.2E-04  3.4E-04  6.6441285E-01        7.1E+00  M
    16      2  1.0E+00     32  7.0E-05  1.1E-01  6.8391886E-01      1 7.1E+00  m
    17      2  1.0E+00     34  3.6E-05  3.5E-03  6.9018777E-01      1 7.2E+00  m
    18      5  1.0E+00     36  2.5E-05  8.1E-03  7.0174484E-01      1 7.2E+00  m
    19      3  1.0E+00     38  3.3E-05  4.1E-02  7.0771020E-01      1 7.2E+00  m

 Major Minors     Step   nCon Feasible  Optimal  MeritFunction     nS Penalty
    20      1  5.8E-01     41  2.9E-05  2.1E-02  7.0831509E-01        7.2E+00  m
    21      0  1.0E+00     43  4.5E-05  6.3E-04  7.0910993E-01        7.2E+00  m
    22      0  1.0E+00     44 (6.3E-10)(3.6E-07) 7.0948363E-01        7.2E+00  m
 SNOPTC EXIT   0 -- finished successfully
 SNOPTC INFO   1 -- optimality conditions satisfied

 Problem name                 N2
 No. of iterations                 441   Objective            7.0948363099E-01
 No. of major iterations            22   Linear    obj. term  7.0948363099E-01
 Penalty parameter           7.181E+00   Nonlinear obj. term  0.0000000000E+00
 User function calls (total)        44
 No. of degenerate steps           133   Percentage                      30.16
 Max x                      27 6.9E+02   Max pi                    223 4.6E+00
 Max Primal infeas         554 4.4E-07   Max Dual infeas           527 2.9E-04
 Nonlinear constraint violn    4.4E-07

 Solution not printed
 Time for solving problem                       0.00 seconds
 Time for constraint functions                  0.00 seconds
 Time for objective function                    0.00 seconds

 Root node solved locally optimal.
   Node  Act. Lev.  Objective  IInf  Best Int.   Best Bound   Gap  (0 secs)
      0     2   0       0.7095   9            -       0.7095         -
      1     3   1       0.7079   5            -       0.7095         -
      2     4   2       0.7045   5            -       0.7095         -
      3     3   3   infeasible   -            -       0.7095         -
      4     4   3       0.5343   3            -       0.7095         -
      5     5   4       0.5307   3            -       0.7095         -
*     6     3   5       0.5307   0       0.5307       0.7095  0.252027
      7     2   1   infeasible   -       0.5307       0.7079  0.250355
      8     1   2   infeasible   -       0.5307       0.5343  0.006737
      9     0   4   infeasible   -       0.5307       0.5307  0.000000
 Integer solution
 Statistics:
    Iterations    :              8668
    NLP Seconds   :          1.944000
    B&B nodes     :                 9
    MIP solution  :          0.530675 found in node 6
    Best possible :          0.530675
    Absolute gap  :          0.000000     optca :1.0000e-09
    Relative gap  :          0.000000     optcr :  0.000001
    Model Status  :                 8
    Solver Status :                 1

 NLP Solver Statistics
    Total Number of NLP solves  :         11
    Total Number of NLP failures:          0
    Details:          snopt
      # execs            11
      # failures          0
 Terminating.
--- Reading solution for model N2
--- Executing after solve: elapsed 0:02:30.190
--- Case2_CBS.gms(647) 4 Mb
--- Generating MINLP model N2
--- Case2_CBS.gms(648) 6 Mb
--- Reset Solvelink = 2
--- LOOPS ics = 6
---   579 rows  523 columns  2,762 non-zeroes
---   3,514 nl-code  1,008 nl-non-zeroes
---   46 discrete-columns
--- Range statistics (absolute non-zero finite values)
--- RHS       [min, max] : [ 1.398E-02, 1.001E+03] - Zero values observed as well
--- Bound     [min, max] : [ 1.000E-10, 2.000E+03] - Zero values observed as well
--- Matrix    [min, max] : [ 7.410E-18, 6.000E+02] - Zero values observed as well
--- Case2_CBS.gms(648) 4 Mb
--- Executing SBB (Solvelink=2): elapsed 0:02:30.197

Simple B&B       41.1.0 1682d454 Oct 28, 2022          LEG x86 64bit/Linux    

 523 columns (46 discrete), 579 rows, 2762 nonzeros

SNOPT            41.1.0 1682d454 Oct 28, 2022          LEG x86 64bit/Linux    


 ==============================
 S N O P T  7.7.7    (Feb 2021)
 ==============================
 SNMEMB EXIT 100 -- finished successfully
 SNMEMB INFO 104 -- memory requirements estimated

 Nonlinear constraints     323     Linear constraints     256
 Nonlinear variables       419     Linear variables       103
 Jacobian  variables       419     Objective variables    419
 Total constraints         579     Total variables        522

        Minor NonOpt  LP mult  LP Step                 SumInfE
          100     19 -2.9E+01  2.5E-07           1.0035200E+00
 The user has defined    1202   out of    1202   constraint gradients.
 The user has defined     419   out of     419   objective  gradients.

        Minor NumInf  FP mult  FP step   rgNorm         SumInf     nS
          100      5 -9.1E-01  8.9E-04           5.7818816E-03

 Major Minors     Step   nCon Feasible  Optimal  MeritFunction     nS Penalty
     0    139               1  2.2E-04  1.9E-03  5.3067490E-01      6           r
     1      1  1.0E+00      2 (2.3E-07) 4.7E-03  5.3065123E-01      6 1.2E+00   r
     2      1  1.0E+00      4 (5.3E-10) 4.7E-03  5.3063986E-01      6 3.4E+02   r
     3     39  1.0E+00      6 (5.1E-10) 6.6E-05  5.3065155E-01      4 2.2E+01   r
     4     11  1.3E-01      9  3.1E-05  4.1E-05  5.3208038E-01        1.4E+01 s
     5      1  1.3E-01     13  7.9E-05  7.6E-05  5.3713821E-01        1.4E+01  m
     6      2  1.2E-01     16  1.1E-04  1.6E-05  5.4197724E-01      1 1.4E+01  m
     7      7  1.1E-01     20  1.3E-04  4.7E-05  5.4724430E-01      1 1.4E+01  m
     8      3  1.1E-01     24  1.4E-04  1.7E-04  5.5176824E-01        1.4E+01  m
     9      6  1.1E-01     28  1.6E-04  8.8E-05  5.5733084E-01      1 1.4E+01  m

 Major Minors     Step   nCon Feasible  Optimal  MeritFunction     nS Penalty
    10      9  1.0E-01     32  1.6E-04  2.0E-03  5.6284076E-01      1 1.4E+01  m
    11      6  1.7E-01     36  1.6E-04  3.0E-05  5.7511887E-01      1 1.4E+01  m
    12      8  1.3E-01     40  1.6E-04  3.7E-04  5.8368828E-01      1 1.4E+01  m
    13      8  2.0E-01     44  1.6E-04  1.9E-02  5.9735296E-01      1 1.4E+01  m
    14      3  2.1E-01     48  1.5E-04  1.7E-02  6.1254009E-01      1 1.4E+01  mR
    15      3  3.7E-01     51  1.6E-04  3.1E-03  6.2942422E-01      1 1.4E+01 sm
    16      1  4.4E-01     54  1.3E-04  1.3E-03  6.5941209E-01        1.4E+01  m
    17      2  1.0E+00     56  8.8E-05  2.4E-03  6.9857980E-01        1.4E+01  m
    18      0  1.0E+00     58  1.1E-05  9.2E-03  7.0948204E-01        1.4E+01  m
    19      0  1.0E+00     59 (3.8E-08)(3.1E-07) 7.0948363E-01        1.4E+01
 SNOPTC EXIT   0 -- finished successfully
 SNOPTC INFO   1 -- optimality conditions satisfied

 Problem name                 N2
 No. of iterations                 369   Objective            7.0948363171E-01
 No. of major iterations            19   Linear    obj. term  7.0948363171E-01
 Penalty parameter           1.356E+01   Nonlinear obj. term  0.0000000000E+00
 User function calls (total)        59
 No. of degenerate steps           132   Percentage                      35.77
 Max x                      27 6.9E+02   Max pi                    388 5.4E+00
 Max Primal infeas         554 2.6E-05   Max Dual infeas           527 2.9E-04
 Nonlinear constraint violn    2.6E-05

 Solution not printed
 Time for solving problem                       0.12 seconds
 Time for constraint functions                  0.12 seconds
 Time for objective function                    0.00 seconds

 Root node solved locally optimal.
   Node  Act. Lev.  Objective  IInf  Best Int.   Best Bound   Gap  (0 secs)
      0     2   0       0.7095   9            -       0.7095         -
      1     3   1       0.7079   5            -       0.7095         -
      2     2   2   infeasible   -            -       0.7095         -
      3     3   2       0.5380   4            -       0.7095         -
      4     4   3       0.5270   3            -       0.7095         -
      5     3   4   infeasible   -            -       0.7095         -
      6     4   4       0.5299   6            -       0.7095         -
      7     5   5       0.5299   5            -       0.7095         -
      8     6   6       0.5233   2            -       0.7095         -
*     9     5   7       0.5233   0       0.5233       0.7095  0.262353
     10     4   1       pruned   -       0.5233       0.5380  0.027288
     11     3   3   infeasible   -       0.5233       0.5299  0.012365
     12     4   5       0.5276   6       0.5233       0.5299  0.012340
     13     3   6   infeasible   -       0.5233       0.5276  0.007964
     14     2   6   infeasible   -       0.5233       0.5276  0.007964
     15     1   6       pruned   -       0.5233       0.5233 2.001e-07
 Solution satisfies optcr
 Statistics:
    Iterations    :              6073
    NLP Seconds   :          3.157000
    B&B nodes     :                15
    MIP solution  :          0.523349 found in node 9
    Best possible :          0.523349
    Absolute gap  :1.047298142653e-07     optca :1.0000e-09
    Relative gap  :2.001147259693e-07     optcr :  0.000001
    Model Status  :                 8
    Solver Status :                 1

 Non convex model!
    # jumps to better objective :                 1
    Maximum jump in objective   :          0.002868 in node 6

 NLP Solver Statistics
    Total Number of NLP solves  :         17
    Total Number of NLP failures:          0
    Details:          snopt
      # execs            17
      # failures          0
 Terminating.
--- Reading solution for model N2
--- Executing after solve: elapsed 0:02:33.425
--- Case2_CBS.gms(647) 4 Mb--- Case2_CBS.gms(663) 4 Mb
--- GDX File (execute_unload) /home/ps/ce-fs2/tk3016/proper_comparison/classifier/Process/Paper/Crystallisation_ibuprofen_classify.gdx
*** Status: Normal completion
--- Job Case2_CBS.gms Stop 01/19/24 15:55:53 elapsed 0:02:33.480

Execution Time : ce-l208 : User 152.62  System 0.10  Elapsed 2:33.77

done
