Warning: no access to tty (Bad file descriptor).
Thus no job control in this shell.
SHELL=/bin/csh
Hostname=ce-l208
Scratch dir=/work/tk3016/gams/Case2_CBS.2751250.wk
Parameters=
Gams command= gams  Case2_CBS.gms procDirPath=/work/tk3016/gams/Case2_CBS.2751250.wk O=Case2_CBS.2751250.lst lo=3 SolveLink=5 
Allocated cpu cores= 24
Requested Gams threads= 24
Allocated Gams threads= 24
--- Job Case2_CBS.gms Start 05/09/24 15:45:17 42.3.0 dacf7d8e LEX-LEG x86 64bit/Linux
--- Applying:
    /rvol/GAMS/gams42.3_linux_x64_64_sfx/gmsprmun.txt
--- GAMS Parameters defined
    Input /home/ps/ce-fs2/tk3016/proper_comparison/classifier/Process/Paper/Case2_CBS.gms
    Output /home/ps/ce-fs2/tk3016/proper_comparison/classifier/Process/Paper/Case2_CBS.2751250.lst
    ScrDir /work/tk3016/gams/Case2_CBS.2751250.wk/225a/
    SysDir /rvol/GAMS/gams42.3_linux_x64_64_sfx/
    LogOption 3
    SolveLink 5
    Threads 24
    ProcDirPath /work/tk3016/gams/Case2_CBS.2751250.wk
Licensee: Medium MUD - 10 User License                   S230530|0002AP-LNX
          Imperial College London, Centre for Process Systems EngineerDC621
          /rvol/GAMS/res/.rtspvr3/GAMS/gamslice.txt
          License Admin: Graham Stuart, g.stuart@imperial.ac.uk            
Processor information: 2 socket(s), 24 core(s), and 24 thread(s) available
GAMS 42.3.0   Copyright (C) 1987-2023 GAMS Development. All rights reserved
--- Starting compilation
--- Case2_CBS.gms(38) 3 Mb
--- GDXin=/home/ps/ce-fs2/tk3016/proper_comparison/classifier/Process/Paper/Case2_CBS3.gdx
--- GDX File ($gdxIn) /home/ps/ce-fs2/tk3016/proper_comparison/classifier/Process/Paper/Case2_CBS3.gdx
--- Case2_CBS.gms(66) 3 Mb
--- GDXin=/home/ps/ce-fs2/tk3016/proper_comparison/classifier/Process/Paper/Case2_CBS3.gdx
--- GDX File ($gdxIn) /home/ps/ce-fs2/tk3016/proper_comparison/classifier/Process/Paper/Case2_CBS3.gdx
--- Case2_CBS.gms(71) 3 Mb
--- GDXin=/home/ps/ce-fs2/tk3016/proper_comparison/classifier/Process/Paper/Case2_CBS3.gdx
--- GDX File ($gdxIn) /home/ps/ce-fs2/tk3016/proper_comparison/classifier/Process/Paper/Case2_CBS3.gdx
--- Case2_CBS.gms(76) 3 Mb
--- GDXin=/home/ps/ce-fs2/tk3016/proper_comparison/classifier/Process/Paper/Case2_CBS3.gdx
--- GDX File ($gdxIn) /home/ps/ce-fs2/tk3016/proper_comparison/classifier/Process/Paper/Case2_CBS3.gdx
--- Case2_CBS.gms(81) 3 Mb
--- GDXin=/home/ps/ce-fs2/tk3016/proper_comparison/classifier/Process/Paper/Case2_CBS3.gdx
--- GDX File ($gdxIn) /home/ps/ce-fs2/tk3016/proper_comparison/classifier/Process/Paper/Case2_CBS3.gdx
--- Case2_CBS.gms(86) 3 Mb
--- GDXin=/home/ps/ce-fs2/tk3016/proper_comparison/classifier/Process/Paper/Case2_CBS3.gdx
--- GDX File ($gdxIn) /home/ps/ce-fs2/tk3016/proper_comparison/classifier/Process/Paper/Case2_CBS3.gdx
--- Case2_CBS.gms(91) 3 Mb
--- GDXin=/home/ps/ce-fs2/tk3016/proper_comparison/classifier/Process/Paper/Case2_CBS3.gdx
--- GDX File ($gdxIn) /home/ps/ce-fs2/tk3016/proper_comparison/classifier/Process/Paper/Case2_CBS3.gdx
--- Case2_CBS.gms(96) 3 Mb
--- GDXin=/home/ps/ce-fs2/tk3016/proper_comparison/classifier/Process/Paper/Case2_CBS3.gdx
--- GDX File ($gdxIn) /home/ps/ce-fs2/tk3016/proper_comparison/classifier/Process/Paper/Case2_CBS3.gdx
--- Case2_CBS.gms(101) 3 Mb
--- GDXin=/home/ps/ce-fs2/tk3016/proper_comparison/classifier/Process/Paper/Case2_CBS3.gdx
--- GDX File ($gdxIn) /home/ps/ce-fs2/tk3016/proper_comparison/classifier/Process/Paper/Case2_CBS3.gdx
--- Case2_CBS.gms(106) 3 Mb
--- GDXin=/home/ps/ce-fs2/tk3016/proper_comparison/classifier/Process/Paper/Case2_CBS3.gdx
--- GDX File ($gdxIn) /home/ps/ce-fs2/tk3016/proper_comparison/classifier/Process/Paper/Case2_CBS3.gdx
--- Case2_CBS.gms(111) 3 Mb
--- GDXin=/home/ps/ce-fs2/tk3016/proper_comparison/classifier/Process/Paper/Case2_CBS3.gdx
--- GDX File ($gdxIn) /home/ps/ce-fs2/tk3016/proper_comparison/classifier/Process/Paper/Case2_CBS3.gdx
--- Case2_CBS.gms(663) 3 Mb
--- Starting execution: elapsed 0:00:00.036
--- Case2_CBS.gms(647) 4 Mb
--- Generating MINLP model N2
--- Case2_CBS.gms(648) 6 Mb
--- Reset Solvelink = 2
--- LOOPS ics = 1
---   574 rows  523 columns  2,682 non-zeroes
---   3,514 nl-code  1,008 nl-non-zeroes
---   46 discrete-columns
--- Range statistics (absolute non-zero finite values)
--- RHS       [min, max] : [ 1.398E-02, 1.001E+03] - Zero values observed as well
--- Bound     [min, max] : [ 1.000E-10, 2.000E+03] - Zero values observed as well
--- Matrix    [min, max] : [ 1.763E-10, 2.723E+04] - Zero values observed as well
--- Case2_CBS.gms(648) 4 Mb
--- Executing SBB (Solvelink=2): elapsed 0:00:00.046

Simple B&B       42.3.0 dacf7d8e Mar 2, 2023           LEG x86 64bit/Linux    

 523 columns (46 discrete), 574 rows, 2682 nonzeros

SNOPT            42.3.0 dacf7d8e Mar 2, 2023           LEG x86 64bit/Linux    


 ==============================
 S N O P T  7.7.7    (Feb 2021)
 ==============================
 SNMEMB EXIT 100 -- finished successfully
 SNMEMB INFO 104 -- memory requirements estimated

 Nonlinear constraints     323     Linear constraints     251
 Nonlinear variables       419     Linear variables       103
 Jacobian  variables       419     Objective variables    419
 Total constraints         574     Total variables        522
 The user has defined    1202   out of    1202   constraint gradients.
 The user has defined     419   out of     419   objective  gradients.

        Minor NumInf  FP mult  FP step   rgNorm         SumInf     nS
          100      1 -2.7E+01  5.5E-11           1.1459968E-05

        Minor NonOpt  QP mult  QP step   rgNorm   QP objective     nS
          200      8 -3.7E-05  2.2E-06  1.9E-15  9.6192014E-01      4

 Major Minors     Step   nCon Feasible  Optimal  MeritFunction     nS Penalty
     0    205               1  9.2E-02  2.7E-01  9.9862999E-01      4           r
     1     23  1.0E+00      2 (5.6E-07)(1.9E-06) 9.9863409E-01      4 3.5E-05   r
 SNOPTC EXIT   0 -- finished successfully
 SNOPTC INFO   1 -- optimality conditions satisfied

 Problem name                 N2
 No. of iterations                 251   Objective            9.9863364110E-01
 No. of major iterations             1   Linear    obj. term  9.9863364110E-01
 Penalty parameter           3.534E-05   Nonlinear obj. term  0.0000000000E+00
 User function calls (total)         2
 No. of superbasics                  4   No. of basic nonlinears           389
 No. of degenerate steps           149   Percentage                      59.36
 Max x                      27 6.1E+02   Max pi                    325 3.8E+01
 Max Primal infeas         524 3.4E-04   Max Dual infeas           426 8.5E-02
 Nonlinear constraint violn    3.4E-04

 Solution not printed
 Time for solving problem                       0.00 seconds
 Time for constraint functions                  0.00 seconds
 Time for objective function                    0.00 seconds

 Root node solved locally optimal.
   Node  Act. Lev.  Objective  IInf  Best Int.   Best Bound   Gap  (0 secs)
      0     2   0       0.9986  11            -       0.9986         -
      1     3   1       0.9986   9            -       0.9986         -
      2     4   2       0.9986  10            -       0.9986         -
      3     5   3       0.9986   5            -       0.9986         -
      4     6   4       0.9986   3            -       0.9986         -
*     5     4   5       0.9986   0       0.9986       0.9986  0.000011
      6     3   4       pruned   -       0.9986       0.9986  0.000009
      7     2   3       pruned   -       0.9986       0.9986  0.000006
      8     1   2       pruned   -       0.9986       0.9986  0.000006
      9     0   1       pruned   -       0.9986       0.9986  0.000000
 Integer solution
 Statistics:
    Iterations    :              6872
    NLP Seconds   :          1.363001
    B&B nodes     :                 9
    MIP solution  :          0.998630 found in node 5
    Best possible :          0.998630
    Absolute gap  :          0.000000     optca :1.0000e-09
    Relative gap  :          0.000000     optcr :  0.000001
    Model Status  :                 8
    Solver Status :                 1

 Non convex model!
    # jumps in best bound       :                 2
    Maximum jump in best bound  :          0.000002 in node 3
    # jumps to better objective :                 2
    Maximum jump in objective   :          0.000002 in node 3

 NLP Solver Statistics
    Total Number of NLP solves  :         11
    Total Number of NLP failures:          0
    Details:          snopt
      # execs            11
      # failures          0
 Terminating.
--- Reading solution for model N2
--- Executing after solve: elapsed 0:00:01.481
--- Case2_CBS.gms(647) 4 Mb
--- Generating MINLP model N2
--- Case2_CBS.gms(648) 6 Mb
--- Reset Solvelink = 2
--- LOOPS ics = 2
---   575 rows  523 columns  2,698 non-zeroes
---   3,514 nl-code  1,008 nl-non-zeroes
---   46 discrete-columns
--- Range statistics (absolute non-zero finite values)
--- RHS       [min, max] : [ 1.398E-02, 1.001E+03] - Zero values observed as well
--- Bound     [min, max] : [ 1.000E-10, 2.000E+03] - Zero values observed as well
--- Matrix    [min, max] : [ 8.476E-17, 2.724E+04] - Zero values observed as well
--- Case2_CBS.gms(648) 4 Mb
--- Executing SBB (Solvelink=2): elapsed 0:00:01.489

Simple B&B       42.3.0 dacf7d8e Mar 2, 2023           LEG x86 64bit/Linux    

 523 columns (46 discrete), 575 rows, 2698 nonzeros

SNOPT            42.3.0 dacf7d8e Mar 2, 2023           LEG x86 64bit/Linux    


 ==============================
 S N O P T  7.7.7    (Feb 2021)
 ==============================
 SNMEMB EXIT 100 -- finished successfully
 SNMEMB INFO 104 -- memory requirements estimated

 Nonlinear constraints     323     Linear constraints     252
 Nonlinear variables       419     Linear variables       103
 Jacobian  variables       419     Objective variables    419
 Total constraints         575     Total variables        522

        Minor NonOpt  LP mult  LP Step                 SumInfE
          100      3  1.0E+00  1.3E-06           1.5070000E+00
 The user has defined    1202   out of    1202   constraint gradients.
 The user has defined     419   out of     419   objective  gradients.

        Minor NumInf  FP mult  FP step   rgNorm         SumInf     nS
          100     14 -1.0E+00  1.7E-05           7.0441795E-01

 Major Minors     Step   nCon Feasible  Optimal  MeritFunction     nS Penalty
     0    143               1  1.9E-01  1.0E+00  9.9846453E-01                  r i
     1     25  1.2E-01      2  1.7E-01  1.0E+00 -7.5748148E+02      3 1.1E-01   rli
     2     10  2.0E-01      4  1.4E-01  1.0E+00 -3.6013731E+03      2 7.3E-01 sm li
     3     35  1.0E+00      6  1.5E-02  1.0E+00  2.1041822E+01      6 7.3E-01  m  i
     4      1  1.5E-02     10  1.5E-02  1.0E+00 -2.7976367E+00      6 9.4E-01     i
     5      5  1.5E-02     14  1.4E-02  1.0E+00 -2.7603677E+00      6 9.4E-01   R i
     6      1  2.1E-02     17  1.4E-02  1.0E+00 -6.7262378E+00      6 1.0E+00 s   i
     7      4  5.4E-02     21  1.4E-02  1.0E+00 -6.3964221E+00      6 1.0E+00     i
     8      2  6.1E-02     24  1.3E-02  1.0E+00 -5.9428093E+00      7 1.0E+00     i
     9      4  6.8E-02     27  1.2E-02  1.0E+00 -5.5703306E+00      6 1.0E+00     i

 Major Minors     Step   nCon Feasible  Optimal  MeritFunction     nS Penalty
    10      3  7.6E-02     31  1.1E-02  1.0E+00 -5.1824387E+00      6 1.0E+00     i
    11      4  9.0E-02     35  1.1E-02  1.0E+00 -4.7537822E+00      5 1.0E+00   r i
    12      1  2.4E-01     38  9.1E-03  1.0E+00 -4.6431182E+00      5 1.0E+00   r i
    13      1  1.0E+00     39  6.1E-03  1.0E+00 -3.7292289E+00      5 1.0E+00 s   i
    14      1  1.0E+00     40  3.6E-03  1.0E+00 -6.1860714E-01      5 1.0E+00     i
    15      2  1.0E+00     41  1.7E-03  1.0E+00  6.2285253E-01      5 1.0E+00     i
    16      1  1.0E+00     42  5.5E-04  3.3E-01  9.5212534E-01      5 1.0E+00     i
    17      1  1.0E+00     43  6.7E-05  4.1E-02  9.9491682E-01      5 1.0E+00     i
    18      1  1.0E+00     44 (7.9E-07) 4.8E-04  9.9607090E-01      5 1.0E+00     i
    19      3  1.0E+00     45 (4.0E-07) 2.3E-03  9.9610807E-01      4 1.0E+00     i

 Major Minors     Step   nCon Feasible  Optimal  MeritFunction     nS Penalty
    20      1  4.4E-01     47  2.4E-05  1.5E-02  9.9630122E-01      4 1.0E+00     i
    21      1  1.0E+00     48  4.1E-05  2.5E-02  9.9648428E-01      4 1.0E+00     i
    22      1  1.0E+00     49 (1.3E-08) 2.0E-04  9.9673042E-01      4 1.0E+00     i
    23      2  1.0E+00     50 (1.4E-08) 8.6E-06  9.9674093E-01      3 1.0E+00 s r i
    24      2  1.0E+00     51  1.5E-05  9.1E-03  9.9700210E-01      2 1.0E+00 s   i
    25      1  1.7E-01     54  2.0E-05  1.2E-02  9.9710136E-01      2 1.0E+00     i
    26      1  1.6E-01     57  2.7E-05  1.6E-02  9.9718352E-01      2 1.0E+00     i
    27      1  1.5E-01     60  3.2E-05  1.9E-02  9.9726410E-01      2 1.0E+00     i
    28      2  1.5E-01     64  3.6E-05  2.2E-02  9.9734677E-01        1.0E+00 sM  i
    29      0  4.1E-01     67  4.5E-05  2.7E-02  9.9752714E-01        1.0E+00  m  i

 Major Minors     Step   nCon Feasible  Optimal  MeritFunction     nS Penalty
    30      1  3.6E-01     69  5.4E-05  3.2E-02  9.9763563E-01        1.0E+00  m  i
    31      2  3.4E-01     71  8.2E-05  4.9E-02  9.9770214E-01        1.0E+00     i
    32      1  3.3E-01     74  8.2E-05  4.9E-02  9.9778533E-01        1.0E+00  M  i
    33      0  4.0E-01     76  5.9E-05  3.5E-02  9.9802629E-01        1.0E+00     i
    34      0  1.0E+00     77  4.2E-05  2.5E-02  9.9843982E-01        1.0E+00   r i
    35      0  1.0E+00     78 (3.5E-08) 2.1E-05  9.9868323E-01        1.0E+00 s   i
    36      0  1.0E+00     79 (3.7E-13)(9.5E-14) 9.9868323E-01        1.0E+00     i
 SNOPTC EXIT   0 -- finished successfully
 SNOPTC INFO   1 -- optimality conditions satisfied

 Problem name                 N2
 No. of iterations                 378   Objective            9.9868323392E-01
 No. of major iterations            36   Linear    obj. term  9.9868323392E-01
 Penalty parameter           1.006E+00   Nonlinear obj. term  0.0000000000E+00
 User function calls (total)        79
 No. of degenerate steps           117   Percentage                      30.95
 Max x                      27 5.9E+02   Max pi                    325 1.0E+10
 Max Primal infeas         769 2.2E-10   Max Dual infeas           389 9.5E-04
 Nonlinear constraint violn    2.2E-10

 Solution not printed
 Time for solving problem                       0.06 seconds
 Time for constraint functions                  0.00 seconds
 Time for objective function                    0.00 seconds

 Root node solved locally optimal.
   Node  Act. Lev.  Objective  IInf  Best Int.   Best Bound   Gap  (0 secs)
      0     2   0       0.9987   5            -       0.9987         -
      1     3   1       0.9944  13            -       0.9987         -
      2     4   2       0.9983  15            -       0.9987         -
      3     5   3       0.9983  17            -       0.9987         -
      4     6   4       0.9983  16            -       0.9987         -
      5     7   5       0.9983  16            -       0.9987         -
      6     8   6       0.9983  15            -       0.9987         -
      7     9   7       0.9983  16            -       0.9987         -
      8    10   8       0.9983  15            -       0.9987         -
      9    11   9       0.9985   5            -       0.9987         -
     10    12  10       0.9970  14            -       0.9987         -
     11    13  11       0.9868  13            -       0.9987         -
     12    14  12       0.9966  11            -       0.9987         -
     13    13  13   infeasible   -            -       0.9987         -
     14    12  13   infeasible   -            -       0.9987         -
     15    13  12       0.5098   6            -       0.9987         -
     16    12  13   infeasible   -            -       0.9987         -
     17    11  13   infeasible   -            -       0.9987         -
     18    10  11   infeasible   -            -       0.9987         -
     19     9  10   infeasible   -            -       0.9987         -
   Node  Act. Lev.  Objective  IInf  Best Int.   Best Bound   Gap  (1 secs)
     20     8   9   infeasible   -            -       0.9987         -
     21     9   8       0.5046   6            -       0.9987         -
     22     8   9   infeasible   -            -       0.9987         -
     23     7   9   infeasible   -            -       0.9987         -
     24     6   7   infeasible   -            -       0.9987         -
     25     5   6      ignored   -            -       0.9987         - (4,6)
     26     4   5      ignored   -            -       0.9987         - (4,6)
     27     3   4   infeasible   -            -       0.9987         -
     28     2   3      ignored   -            -       0.9987         - (4,6)
     29     3   2       0.5105   6            -       0.9987         -
*    30     1   3       0.6631   0       0.6631       0.9987  0.336056
     31     0   1       pruned   -       0.6631       0.6631  0.000000
 Integer solution
 Statistics:
    Iterations    :             28224
    NLP Seconds   :          3.513000
    B&B nodes     :                31
    Ignored nodes :                 3
    MIP solution  :          0.663072 found in node 30
    Best possible :          0.663072
    Absolute gap  :          0.000000     optca :1.0000e-09
    Relative gap  :          0.000000     optcr :  0.000001
    Model Status  :                 8
    Solver Status :                 1

 Non convex model!
    # jumps to better objective :                 7
    Maximum jump in objective   :          0.152555 in node 30

 NLP Solver Statistics
    Total Number of NLP solves  :         33
    Total Number of NLP failures:          3
    Details:          snopt
      # execs            33
      # failures          3
 Terminating.
--- Reading solution for model N2
--- Executing after solve: elapsed 0:00:05.085
--- Case2_CBS.gms(647) 4 Mb
--- Generating MINLP model N2
--- Case2_CBS.gms(648) 6 Mb
--- Reset Solvelink = 2
--- LOOPS ics = 3
---   576 rows  523 columns  2,714 non-zeroes
---   3,514 nl-code  1,008 nl-non-zeroes
---   46 discrete-columns
--- Range statistics (absolute non-zero finite values)
--- RHS       [min, max] : [ 1.398E-02, 1.001E+03] - Zero values observed as well
--- Bound     [min, max] : [ 1.000E-10, 2.000E+03] - Zero values observed as well
--- Matrix    [min, max] : [ 9.490E-17, 1.079E+03] - Zero values observed as well
--- Case2_CBS.gms(648) 4 Mb
--- Executing SBB (Solvelink=2): elapsed 0:00:05.092

Simple B&B       42.3.0 dacf7d8e Mar 2, 2023           LEG x86 64bit/Linux    

 523 columns (46 discrete), 576 rows, 2714 nonzeros

SNOPT            42.3.0 dacf7d8e Mar 2, 2023           LEG x86 64bit/Linux    


 ==============================
 S N O P T  7.7.7    (Feb 2021)
 ==============================
 SNMEMB EXIT 100 -- finished successfully
 SNMEMB INFO 104 -- memory requirements estimated

 Nonlinear constraints     323     Linear constraints     253
 Nonlinear variables       419     Linear variables       103
 Jacobian  variables       419     Objective variables    419
 Total constraints         576     Total variables        522
 The user has defined    1202   out of    1202   constraint gradients.
 The user has defined     419   out of     419   objective  gradients.

        Minor NumInf  FP mult  FP step   rgNorm         SumInf     nS
          100     29  6.8E+00  1.4E-03           6.2620459E+00

 Major Minors     Step   nCon Feasible  Optimal  MeritFunction     nS Penalty
     0    191               1  7.9E-02  8.3E-02  6.6336449E-01      3           r i
     1      5  3.8E-02      2  7.6E-02  8.5E-02 -1.5324466E+04      4 3.0E+00   rli
     2     19  7.4E-02      4  7.0E-02  4.7E-01 -1.8154415E+04        3.7E+00 sM li

        Minor NonOpt  QP mult  QP step   rgNorm Elastic QP obj     nS
          100      5 -5.3E+04  2.5E-03          -4.8824330E+03

 Major Minors     Step   nCon Feasible  Optimal  MeritFunction     nS Penalty
     3    144  1.0E+00      6  1.0E-01  1.0E+00 -5.9418218E+02      2 3.7E+00  M  i
     4     48  1.0E+00      7  3.1E-04  1.1E-01 -1.8216715E+00        3.7E+00     i
     5     26  1.8E-01     11  3.0E-04  3.1E-01 -2.6978216E+03      2 4.3E+04  m  i
     6     20  1.0E+00     13  1.7E-02  1.0E+00  1.1883829E+01      4 2.7E+02  m  i
     7      5  1.0E+00     15  4.9E-05  4.9E-02  5.3902887E-01      4 3.9E+01  m  i
     8      9  1.0E+00     17 (8.6E-07) 3.7E-02  5.4019601E-01      1 2.4E+01 sM  i
     9      5  7.5E-03     22  1.4E-05  1.4E-02  5.4142936E-01        2.4E+01  m  i

 Major Minors     Step   nCon Feasible  Optimal  MeritFunction     nS Penalty
    10      8  7.4E-03     27  3.4E-05  3.4E-02  5.4269637E-01      1 2.4E+01  m  i
    11      4  7.4E-03     32  5.0E-05  4.9E-02  5.4358843E-01        2.4E+01  m  i
    12     14  1.8E-04     39  5.0E-05  4.9E-02  5.1569848E-01      1 3.1E+01  mr i
    13      8  4.6E-04     46  5.0E-05  4.9E-02  5.2531030E-01      1 2.8E+01 sm  i
    14      3  9.5E-02     53  2.8E-05  2.7E-02  5.3794469E-01      1 2.8E+01  m  i
    15      5  6.8E-03     58  2.8E-05  2.7E-02  5.3806875E-01        2.8E+01  m  i
    16      9  3.2E-04     65  2.8E-05  2.7E-02  5.3812159E-01      1 2.8E+01  m  i
    17      6  2.9E-04     72  2.8E-05  2.7E-02  5.3815750E-01        2.8E+01  m  i
    18      1  3.2E-04     79  2.8E-05  2.7E-02  5.3820567E-01        2.8E+01  m  i
    19      0  3.2E-04     86  2.8E-05  2.7E-02  5.3825843E-01        2.8E+01  m  i

 Major Minors     Step   nCon Feasible  Optimal  MeritFunction     nS Penalty
    20      0  3.2E-04     92  2.8E-05  2.7E-02  5.3831115E-01        2.8E+01  m  i
    21      0  3.2E-04     98  2.8E-05  2.7E-02  5.3836383E-01        2.8E+01  m  i
    22      0  3.2E-04    104  2.8E-05  2.7E-02  5.3841647E-01        2.8E+01  m  i
    23     13  3.2E-04    110  2.8E-05  2.7E-02  5.3846907E-01      2 2.8E+01  mr i
    24      6  6.5E-03    115  2.7E-05  2.7E-02  5.3865930E-01      2 2.8E+01 sm  i
    25      4  2.6E-02    121  2.9E-05  2.8E-02  5.3974140E-01      1 2.8E+01  m  i
    26      5  6.8E-03    126  2.8E-05  2.8E-02  5.3984393E-01      1 2.8E+01  m  i
    27      5  3.1E-04    133  2.8E-05  2.8E-02  5.3989251E-01      1 2.8E+01  m  i
    28      6  2.9E-04    140  2.8E-05  2.8E-02  5.3992536E-01        2.8E+01  m  i
    29      1  3.1E-04    147  2.8E-05  2.8E-02  5.3404403E-01        3.3E+01  m  i

 Major Minors     Step   nCon Feasible  Optimal  MeritFunction     nS Penalty
    30      0  3.1E-04    154  2.8E-05  2.8E-02  5.3409820E-01        3.3E+01  m  i
    31      0  3.1E-04    160  2.8E-05  2.8E-02  5.3415235E-01        3.3E+01  m  i
    32      0  3.1E-04    166  2.8E-05  2.8E-02  5.3420645E-01        3.3E+01  m  i
    33      0  3.1E-04    172  2.8E-05  2.8E-02  5.3426052E-01        3.3E+01  m  i
    34     13  3.1E-04    178  2.8E-05  2.8E-02  5.3431455E-01      2 3.3E+01  mr i
    35     13  6.4E-03    183  2.8E-05  2.8E-02  5.3457591E-01      2 3.3E+01 sm  i
    36      4  6.6E-03    188  2.8E-05  2.8E-02  5.3488653E-01      1 3.3E+01  m  i
    37      5  6.7E-03    193  2.8E-05  2.7E-02  5.3501400E-01      1 3.3E+01  m  i
    38     10  2.9E-04    200  2.8E-05  2.7E-02  5.3506086E-01      1 3.3E+01  m  i
    39      8  2.6E-04    207  2.8E-05  2.7E-02  5.3509181E-01        3.3E+01  m  i

 Major Minors     Step   nCon Feasible  Optimal  MeritFunction     nS Penalty
    40      1  2.7E-04    214  2.8E-05  2.7E-02  5.3051933E-01        3.8E+01  m  i
    41      0  2.7E-04    221  2.8E-05  2.7E-02  5.3056560E-01        3.8E+01  m  i
    42      0  2.7E-04    227  2.8E-05  2.7E-02  5.3061187E-01        3.8E+01  m  i
    43      0  2.7E-04    233  2.8E-05  2.7E-02  5.3065811E-01        3.8E+01  m  i
    44      0  2.7E-04    239  2.8E-05  2.7E-02  5.3070434E-01        3.8E+01  m  i
    45     13  2.7E-04    245  2.8E-05  2.7E-02  5.3075054E-01      2 3.8E+01  mr i
    46     10  6.2E-03    250  2.8E-05  2.7E-02  5.3093825E-01      2 3.8E+01 sm  i
    47      4  6.8E-03    255  2.8E-05  2.7E-02  5.3132355E-01      1 3.8E+01  m  i
    48      6  5.9E-04    262  2.8E-05  2.7E-02  5.3138653E-01      1 3.8E+01  m  i
    49     11  2.6E-04    269  2.8E-05  2.7E-02  5.3142802E-01      1 3.8E+01  m  i

 Major Minors     Step   nCon Feasible  Optimal  MeritFunction     nS Penalty
    50      8  2.3E-04    276  2.8E-05  2.7E-02  5.3145602E-01      1 3.8E+01  m  i
    51      1  2.4E-04    283  2.8E-05  2.7E-02  5.2709971E-01        4.4E+01  m  i
    52      0  2.4E-04    290  2.8E-05  2.7E-02  5.2714187E-01        4.4E+01  m  i
    53      0  2.4E-04    296  2.8E-05  2.7E-02  5.2718402E-01        4.4E+01  m  i
    54      0  2.4E-04    302  2.8E-05  2.7E-02  5.2722615E-01        4.4E+01  m  i
    55      0  2.4E-04    308  2.8E-05  2.7E-02  5.2726828E-01        4.4E+01  m  i
    56     13  2.4E-04    314  2.8E-05  2.7E-02  5.2731039E-01      2 4.4E+01  mr i
    57     13  6.1E-03    319  2.8E-05  2.7E-02  5.2744026E-01      2 4.4E+01 sm  i
    58      4  6.9E-03    324  2.7E-05  2.7E-02  5.2788732E-01      1 4.4E+01  m  i
    59      6  5.4E-04    331  2.7E-05  2.7E-02  5.2794846E-01      1 4.4E+01  m  i

 Major Minors     Step   nCon Feasible  Optimal  MeritFunction     nS Penalty
    60     10  2.3E-04    338  2.7E-05  2.7E-02  5.2798636E-01      2 4.4E+01  m  i
    61      9  2.1E-04    345  2.7E-05  2.7E-02  5.2801258E-01      1 4.4E+01  m  i
    62      1  2.3E-04    352  2.7E-05  2.7E-02  5.2524905E-01        4.8E+01  m  i
    63      0  2.2E-04    359  2.7E-05  2.7E-02  5.2528840E-01        4.8E+01  m  i
    64      0  2.2E-04    365  2.7E-05  2.7E-02  5.2532774E-01        4.8E+01  m  i
    65      0  2.2E-04    371  2.7E-05  2.7E-02  5.2536707E-01        4.8E+01  m  i
    66      0  2.2E-04    377  2.7E-05  2.7E-02  5.2540640E-01        4.8E+01  m  i
    67     13  2.2E-04    383  2.7E-05  2.7E-02  5.2544572E-01      2 4.8E+01  mr i
    68      8  6.0E-03    388  2.7E-05  2.7E-02  5.2552809E-01      2 4.8E+01 sm  i
    69      4  7.2E-03    393  2.7E-05  2.7E-02  5.2603700E-01      1 4.8E+01  m  i

 Major Minors     Step   nCon Feasible  Optimal  MeritFunction     nS Penalty
    70      6  5.0E-04    400  2.7E-05  2.7E-02  5.2609641E-01      1 4.8E+01  m  i
    71      9  2.2E-04    407  2.7E-05  2.7E-02  5.2613183E-01      2 4.8E+01  m  i
    72      9  2.0E-04    414  2.7E-05  2.7E-02  5.2615687E-01      1 4.8E+01  m  i
    73      1  2.1E-04    421  2.7E-05  2.7E-02  5.2302367E-01        5.2E+01  m  i
    74      0  2.1E-04    428  2.7E-05  2.7E-02  5.2306064E-01        5.2E+01  m  i
    75      0  2.1E-04    434  2.7E-05  2.7E-02  5.2309761E-01        5.2E+01  m  i
    76      0  2.1E-04    440  2.7E-05  2.7E-02  5.2313457E-01        5.2E+01  m  i
    77      0  2.1E-04    446  2.7E-05  2.7E-02  5.2317153E-01        5.2E+01  m  i
    78     13  2.1E-04    452  2.7E-05  2.7E-02  5.2320848E-01      2 5.2E+01  mr i
    79      9  5.9E-03    458  2.7E-05  2.7E-02  5.2325711E-01      2 5.2E+01 sm  i

 Major Minors     Step   nCon Feasible  Optimal  MeritFunction     nS Penalty
    80      4  7.5E-03    463  2.7E-05  2.6E-02  5.2383428E-01      1 5.2E+01  m  i
    81      5  4.8E-04    470  2.7E-05  2.6E-02  5.2389260E-01      1 5.2E+01  m  i
    82      9  2.1E-04    477  2.7E-05  2.6E-02  5.2392597E-01      2 5.2E+01  m  i
    83      9  1.9E-04    484  2.7E-05  2.6E-02  5.2395006E-01      1 5.2E+01  m  i
    84      1  2.0E-04    491  2.7E-05  2.6E-02  5.2062093E-01        5.7E+01  m  i
    85      0  2.0E-04    498  2.7E-05  2.6E-02  5.2065599E-01        5.7E+01  m  i
    86      0  2.0E-04    504  2.7E-05  2.6E-02  5.2069105E-01        5.7E+01  m  i
    87      0  2.0E-04    510  2.7E-05  2.6E-02  5.2072610E-01        5.7E+01  m  i
    88      0  2.0E-04    516  2.7E-05  2.6E-02  5.2076115E-01        5.7E+01  m  i
    89     13  2.0E-04    522  2.7E-05  2.6E-02  5.2079619E-01      2 5.7E+01  mr i

 Major Minors     Step   nCon Feasible  Optimal  MeritFunction     nS Penalty
    90     11  5.3E-04    529  2.7E-05  2.6E-02  5.2086084E-01      2 5.7E+01 sm  i
    91      4  7.6E-03    534  2.7E-05  2.6E-02  5.2148892E-01      1 5.7E+01  m  i
    92      6  4.6E-04    541  2.7E-05  2.6E-02  5.2154704E-01      1 5.7E+01  m  i
    93     11  2.0E-04    548  2.7E-05  2.6E-02  5.2157915E-01      2 5.7E+01  m  i
    94      9  1.8E-04    555  2.7E-05  2.6E-02  5.2160268E-01      1 5.7E+01  m  i
    95      1  2.0E-04    562  2.7E-05  2.6E-02  5.2078639E-01      1 5.9E+01  m  i
    96      1  2.0E-04    569  2.7E-05  2.6E-02  5.2082141E-01        5.9E+01  m  i
    97      0  2.0E-04    576  2.7E-05  2.6E-02  5.2085651E-01        5.9E+01     i
    98      0  2.0E-04    582  2.7E-05  2.6E-02  5.2089161E-01        5.9E+01  m  i
    99      0  2.0E-04    588  2.7E-05  2.6E-02  5.2092671E-01        5.9E+01  m  i

 Major Minors     Step   nCon Feasible  Optimal  MeritFunction     nS Penalty
   100      0  2.0E-04    594  2.7E-05  2.6E-02  5.2096180E-01        5.9E+01  m  i
   101     13  2.0E-04    600  2.7E-05  2.6E-02  5.2099688E-01      2 5.9E+01  mr i
   102     12  5.4E-03    607  2.7E-05  2.6E-02  5.2106527E-01      2 5.9E+01 sm  i
   103      4  7.6E-03    612  2.7E-05  2.6E-02  5.2169981E-01      1 5.9E+01  m  i
   104      6  4.6E-04    619  2.7E-05  2.6E-02  5.2175812E-01      1 5.9E+01  m  i
   105     11  2.0E-04    626  2.7E-05  2.6E-02  5.2178985E-01      2 5.9E+01  m  i
   106      9  1.8E-04    633  2.7E-05  2.6E-02  5.2181316E-01        5.9E+01  m  i
   107      1  1.9E-04    640  2.7E-05  2.6E-02  5.1803892E-01      1 6.4E+01  m  i
   108      1  1.9E-04    647  2.7E-05  2.6E-02  5.1807217E-01        6.4E+01  m  i
   109      0  1.9E-04    654  2.7E-05  2.6E-02  5.1810576E-01        6.4E+01     i

 Major Minors     Step   nCon Feasible  Optimal  MeritFunction     nS Penalty
   110      0  1.9E-04    660  2.7E-05  2.6E-02  5.1813934E-01        6.4E+01  m  i
   111      0  1.9E-04    666  2.7E-05  2.6E-02  5.1817292E-01        6.4E+01  m  i
   112      0  1.9E-04    672  2.7E-05  2.6E-02  5.1820650E-01        6.4E+01  m  i
   113     13  1.9E-04    678  2.7E-05  2.6E-02  5.1824007E-01      2 6.4E+01  mr i
   114     10  5.1E-04    685  2.7E-05  2.6E-02  5.1830590E-01      2 6.4E+01 sm  i
   115      4  7.6E-03    690  2.7E-05  2.6E-02  5.1899223E-01      1 6.4E+01  m  i
   116      6  4.5E-04    697  2.6E-05  2.6E-02  5.1905091E-01      1 6.4E+01  m  i
   117     10  1.9E-04    704  2.6E-05  2.6E-02  5.1908163E-01      2 6.4E+01  m  i
   118      9  1.7E-04    711  2.6E-05  2.6E-02  5.1910455E-01        6.4E+01  m  i
   119      1  1.9E-04    718  2.6E-05  2.6E-02  5.1820590E-01      1 6.6E+01  m  i

 Major Minors     Step   nCon Feasible  Optimal  MeritFunction     nS Penalty
   120      1  1.9E-04    725  2.6E-05  2.6E-02  5.1823910E-01        6.6E+01  m  i
   121      0  1.9E-04    732  2.6E-05  2.6E-02  5.1827276E-01        6.6E+01     i
   122      0  1.9E-04    738  2.6E-05  2.6E-02  5.1830640E-01        6.6E+01  m  i
   123      0  1.9E-04    744  2.6E-05  2.6E-02  5.1834005E-01        6.6E+01  m  i
   124      0  1.9E-04    750  2.6E-05  2.6E-02  5.1837369E-01        6.6E+01  m  i
   125     13  1.9E-04    756  2.6E-05  2.6E-02  5.1840733E-01      2 6.6E+01  mr i
   126     10  5.2E-04    763  2.6E-05  2.6E-02  5.1847386E-01      2 6.6E+01 sm  i
   127      4  7.5E-03    768  2.6E-05  2.6E-02  5.1914782E-01      1 6.6E+01  m  i
   128      6  4.5E-04    775  2.6E-05  2.6E-02  5.1920705E-01      1 6.6E+01  m  i
   129     10  1.9E-04    782  2.6E-05  2.6E-02  5.1923776E-01      2 6.6E+01  m  i

 Major Minors     Step   nCon Feasible  Optimal  MeritFunction     nS Penalty
   130      9  1.7E-04    789  2.6E-05  2.6E-02  5.1926063E-01        6.6E+01  m  i
   131      0  1.9E-04    796  2.6E-05  2.6E-02  5.1789611E-01        6.8E+01  m  i
   132      0  1.9E-04    802  2.6E-05  2.6E-02  5.1792813E-01        6.8E+01  m  i
   133      3  1.9E-04    808  2.6E-05  2.6E-02  5.1796015E-01      1 6.8E+01  m  i
   134      1  1.9E-04    815  2.6E-05  2.6E-02  5.1799214E-01      1 6.8E+01     i
   135     14  1.9E-04    822  2.6E-05  2.6E-02  5.1802411E-01      2 6.8E+01   r i
   136      6  5.2E-04    829  2.6E-05  2.6E-02  5.1809155E-01      2 6.8E+01 sm  i
   137      3  7.7E-03    834  2.6E-05  2.6E-02  5.1879898E-01      2 6.8E+01  m  i
   138      6  4.7E-04    841  2.6E-05  2.6E-02  5.1886147E-01        6.8E+01  m  i
   139      9  1.9E-04    848  2.6E-05  2.6E-02  5.1889191E-01      2 6.8E+01  m  i

 Major Minors     Step   nCon Feasible  Optimal  MeritFunction     nS Penalty
   140      8  1.7E-04    855  2.6E-05  2.6E-02  5.1891433E-01        6.8E+01  m  i
   141      3  1.9E-04    862  2.6E-05  2.6E-02  5.1894805E-01      1 6.8E+01  m  i
   142      2  1.9E-04    869  2.6E-05  2.6E-02  5.1897966E-01        6.8E+01  m  i
   143      0  1.9E-04    876  2.6E-05  2.7E-02  5.1901337E-01        6.8E+01  m  i
   144      0  1.9E-04    882  2.6E-05  2.6E-02  5.1904708E-01        6.8E+01  m  i
   145      0  1.9E-04    888  2.6E-05  2.6E-02  5.1908078E-01        6.8E+01  m  i
   146     13  1.9E-04    894  2.6E-05  2.6E-02  5.1911448E-01      2 6.8E+01  mr i
   147      8  5.3E-04    901  2.6E-05  2.6E-02  5.1918188E-01      2 6.8E+01 sm  i
   148      4  7.3E-03    906  2.6E-05  2.6E-02  5.1983416E-01      1 6.8E+01  m  i
   149      6  4.5E-04    913  2.6E-05  2.6E-02  5.1989400E-01      1 6.8E+01  m  i

 Major Minors     Step   nCon Feasible  Optimal  MeritFunction     nS Penalty
   150      9  1.9E-04    920  2.6E-05  2.6E-02  5.1992460E-01      2 6.8E+01  m  i
   151      9  1.7E-04    927  2.6E-05  2.6E-02  5.1994732E-01        6.8E+01  m  i
   152      0  1.9E-04    934  2.6E-05  2.6E-02  5.1676406E-01        7.3E+01  m  i
   153      0  1.9E-04    940  2.6E-05  2.6E-02  5.1679622E-01        7.3E+01  m  i
   154      3  1.9E-04    946  2.6E-05  2.6E-02  5.1682838E-01      1 7.3E+01  m  i
   155      1  1.9E-04    953  2.6E-05  2.6E-02  5.1686044E-01      1 7.3E+01     i
   156     14  1.9E-04    960  2.6E-05  2.6E-02  5.1689250E-01      2 7.3E+01   r i
   157     10  5.3E-04    967  2.6E-05  2.6E-02  5.1696227E-01      2 7.3E+01 sm  i
   158      3  7.4E-03    972  2.6E-05  2.6E-02  5.1765674E-01      2 7.3E+01  m  i
   159      6  4.7E-04    979  2.6E-05  2.6E-02  5.1772061E-01        7.3E+01  m  i

 Major Minors     Step   nCon Feasible  Optimal  MeritFunction     nS Penalty
   160      9  1.9E-04    986  2.6E-05  2.6E-02  5.1775117E-01      2 7.3E+01  m  i
   161      8  1.7E-04    993  2.6E-05  2.6E-02  5.1777378E-01        7.3E+01  m  i
   162      3  1.9E-04   1000  2.6E-05  2.6E-02  5.1780753E-01      1 7.3E+01  m  i
   163      2  1.9E-04   1007  2.6E-05  2.6E-02  5.1783940E-01        7.3E+01  m  i
   164      0  1.9E-04   1014  2.6E-05  2.8E-02  5.1787314E-01        7.3E+01  m  i
   165      0  1.9E-04   1020  2.6E-05  2.6E-02  5.1790688E-01        7.3E+01  m  i
   166      0  1.9E-04   1026  2.6E-05  2.6E-02  5.1794062E-01        7.3E+01  m  i
   167     13  1.9E-04   1032  2.6E-05  2.6E-02  5.1797436E-01      2 7.3E+01  mr i
   168     13  5.3E-03   1039  2.6E-05  2.5E-02  5.1805403E-01      2 7.3E+01 sm  i
   169      8  7.1E-03   1044  2.6E-05  2.5E-02  5.1871041E-01      1 7.3E+01  m  i

 Major Minors     Step   nCon Feasible  Optimal  MeritFunction     nS Penalty
   170      5  4.5E-04   1051  2.6E-05  2.5E-02  5.1877168E-01        7.3E+01  m  i
   171      7  1.8E-04   1058  2.6E-05  2.5E-02  5.1880201E-01      1 7.3E+01  m  i
   172      8  1.7E-04   1065  2.6E-05  2.5E-02  5.1882468E-01        7.3E+01  m  i
   173      0  1.8E-04   1072  2.6E-05  2.5E-02  5.1576377E-01        7.8E+01  m  i
   174      0  1.8E-04   1078  2.6E-05  2.5E-02  5.1579529E-01        7.8E+01  m  i
   175      3  1.8E-04   1084  2.6E-05  2.5E-02  5.1582680E-01      1 7.8E+01  m  i
   176      1  1.8E-04   1091  2.6E-05  2.5E-02  5.1585821E-01      1 7.8E+01     i
   177     14  1.8E-04   1098  2.6E-05  2.5E-02  5.1588961E-01      2 7.8E+01   r i
   178     13  5.2E-04   1105  2.6E-05  2.5E-02  5.1596039E-01      2 7.8E+01 sm  i
   179      9  7.4E-03   1110  2.6E-05  2.5E-02  5.1668547E-01      2 7.8E+01  m  i

 Major Minors     Step   nCon Feasible  Optimal  MeritFunction     nS Penalty
   180      6  4.6E-04   1117  2.6E-05  2.5E-02  5.1674917E-01        7.8E+01  m  i
   181      9  1.8E-04   1124  2.6E-05  2.5E-02  5.1677916E-01      2 7.8E+01  m  i
   182      8  1.7E-04   1131  2.6E-05  2.5E-02  5.1680168E-01        7.8E+01  m  i
   183      3  1.8E-04   1138  2.6E-05  2.5E-02  5.1683467E-01      1 7.8E+01  m  i
   184      2  1.9E-04   1145  2.6E-05  2.5E-02  5.1686612E-01        7.8E+01  m  i
   185      0  1.8E-04   1152  2.6E-05  2.9E-02  5.1689910E-01        7.8E+01  m  i
   186      0  1.8E-04   1158  2.6E-05  2.5E-02  5.1693208E-01        7.8E+01  m  i
   187      0  1.8E-04   1164  2.6E-05  2.5E-02  5.1696506E-01        7.8E+01  m  i
   188     13  1.8E-04   1170  2.6E-05  2.5E-02  5.1699803E-01      2 7.8E+01  mr i
   189     11  5.3E-03   1177  2.6E-05  2.5E-02  5.1707839E-01      2 7.8E+01 sm  i

 Major Minors     Step   nCon Feasible  Optimal  MeritFunction     nS Penalty
   190      8  7.1E-03   1182  2.6E-05  2.5E-02  5.1776157E-01      1 7.8E+01  m  i
   191      5  4.5E-04   1189  2.6E-05  2.5E-02  5.1782324E-01        7.8E+01  m  i
   192      8  1.8E-04   1196  2.6E-05  2.5E-02  5.1785302E-01      1 7.8E+01  m  i
   193      8  1.7E-04   1203  2.6E-05  2.5E-02  5.1787562E-01      1 7.8E+01  m  i
   194      1  1.8E-04   1210  2.6E-05  2.5E-02  5.1790709E-01      1 7.8E+01  m  i
   195      1  1.8E-04   1217  2.6E-05  2.5E-02  5.1793853E-01      1 7.8E+01     i
   196      1  1.8E-04   1223  2.6E-05  2.5E-02  5.1796996E-01      1 7.8E+01  m  i
   197      1  1.8E-04   1230  2.6E-05  2.5E-02  5.1800239E-01        7.8E+01  m  i
   198      0  1.8E-04   1237  2.6E-05  2.5E-02  5.1803512E-01        7.8E+01     i
   199      0  1.8E-04   1243  2.6E-05  2.5E-02  5.1806784E-01        7.8E+01  m  i

 Major Minors     Step   nCon Feasible  Optimal  MeritFunction     nS Penalty
   200      0  1.8E-04   1249  2.6E-05  2.5E-02  5.1810055E-01        7.8E+01  m  i
   201     13  1.8E-04   1255  2.6E-05  2.5E-02  5.1813326E-01      2 7.8E+01  mr i
   202     11  5.2E-03   1262  2.5E-05  2.5E-02  5.1822427E-01      2 7.8E+01 sm  i
   203      8  7.1E-03   1267  2.5E-05  2.5E-02  5.1890989E-01      1 7.8E+01  m  i
   204      5  4.5E-04   1274  2.5E-05  2.5E-02  5.1897113E-01        7.8E+01  m  i
   205      8  1.8E-04   1281  2.5E-05  2.5E-02  5.1900070E-01      1 7.8E+01  m  i
   206      7  1.7E-04   1288  2.5E-05  2.5E-02  5.1902325E-01        7.8E+01  m  i
   207      3  1.8E-04   1295  2.5E-05  2.5E-02  5.1905575E-01      1 7.8E+01  m  i
   208      2  1.8E-04   1302  2.5E-05  2.5E-02  5.1908584E-01        7.8E+01  m  i
   209      0  1.8E-04   1309  2.5E-05  2.5E-02  5.1911833E-01        7.8E+01  m  i

 Major Minors     Step   nCon Feasible  Optimal  MeritFunction     nS Penalty
   210      0  1.8E-04   1315  2.5E-05  2.5E-02  5.1915081E-01        7.8E+01  m  i
   211      0  1.8E-04   1321  2.5E-05  2.5E-02  5.1918329E-01        7.8E+01  m  i
   212     13  1.8E-04   1327  2.5E-05  2.5E-02  5.1921576E-01      2 7.8E+01  mr i
   213      5  5.6E-03   1333  2.5E-05  2.5E-02  5.1927154E-01      2 7.8E+01 sm  i
   214      4  7.4E-03   1338  2.5E-05  2.5E-02  5.1999702E-01      1 7.8E+01  m  i
   215      6  4.4E-04   1345  2.5E-05  2.5E-02  5.2005658E-01      1 7.8E+01  m  i
   216      7  1.8E-04   1352  2.5E-05  2.5E-02  5.2008435E-01      2 7.8E+01  m  i
   217     13  1.6E-04   1359  2.5E-05  2.5E-02  5.2010497E-01      2 7.8E+01  m  i
   218      3  2.9E-04   1366  2.5E-05  2.5E-02  5.2015360E-01      1 7.8E+01  m  i
   219      8  1.8E-04   1373  2.5E-05  2.5E-02  5.2018384E-01      1 7.8E+01  m  i

 Major Minors     Step   nCon Feasible  Optimal  MeritFunction     nS Penalty
   220      7  1.8E-04   1380  2.5E-05  2.5E-02  5.2020275E-01        7.8E+01  m  i
   221      0  1.8E-04   1387  2.5E-05  2.5E-02  5.2023500E-01        7.8E+01  m  i
   222      0  1.8E-04   1393  2.5E-05  2.5E-02  5.2026725E-01        7.8E+01  m  i
   223     13  1.8E-04   1399  2.5E-05  2.5E-02  5.2029949E-01      2 7.8E+01  mr i
   224      5  5.7E-03   1404  2.5E-05  2.5E-02  5.2035597E-01      2 7.8E+01 sm  i
   225      4  7.5E-03   1409  2.5E-05  2.4E-02  5.2108662E-01      1 7.8E+01  m  i
   226      6  4.4E-04   1416  2.5E-05  2.4E-02  5.2114569E-01      1 7.8E+01  m  i
   227      8  1.8E-04   1423  2.5E-05  2.4E-02  5.2117316E-01      2 7.8E+01  m  i
   228     13  1.6E-04   1430  2.5E-05  2.4E-02  5.2119357E-01      2 7.8E+01  m  i
   229      3  2.9E-04   1437  2.5E-05  2.4E-02  5.2124205E-01      1 7.8E+01  m  i

 Major Minors     Step   nCon Feasible  Optimal  MeritFunction     nS Penalty
   230      8  1.8E-04   1444  2.5E-05  2.4E-02  5.2127204E-01      1 7.8E+01  m  i
   231      7  1.8E-04   1451  2.5E-05  2.4E-02  5.2129094E-01        7.8E+01  m  i
   232      0  1.8E-04   1458  2.5E-05  2.4E-02  5.2132297E-01        7.8E+01  m  i
   233      0  1.8E-04   1464  2.5E-05  2.4E-02  5.2135499E-01        7.8E+01  m  i
   234     13  1.8E-04   1470  2.5E-05  2.4E-02  5.2138700E-01      2 7.8E+01  mr i
   235      5  5.6E-03   1475  2.5E-05  2.4E-02  5.2145763E-01      2 7.8E+01 sm  i
   236      4  7.6E-03   1480  2.5E-05  2.4E-02  5.2219240E-01      1 7.8E+01  m  i
   237      6  4.4E-04   1487  2.5E-05  2.4E-02  5.2225100E-01      1 7.8E+01  m  i
   238     17  1.8E-04   1494  2.5E-05  2.4E-02  5.2227816E-01      2 7.8E+01  m  i
   239     13  1.6E-04   1501  2.5E-05  2.4E-02  5.2229837E-01      2 7.8E+01  m  i

 Major Minors     Step   nCon Feasible  Optimal  MeritFunction     nS Penalty
   240      3  3.0E-04   1508  2.5E-05  2.4E-02  5.2234671E-01      1 7.8E+01  m  i
   241      8  1.8E-04   1515  2.5E-05  2.4E-02  5.2237645E-01      1 7.8E+01  m  i
   242      7  1.8E-04   1522  2.5E-05  2.4E-02  5.2239532E-01        7.8E+01  m  i
   243      0  1.8E-04   1529  2.5E-05  2.4E-02  5.2242714E-01        7.8E+01  m  i
   244      0  1.8E-04   1535  2.5E-05  2.4E-02  5.2245894E-01        7.8E+01  m  i
   245     13  1.8E-04   1541  2.5E-05  2.4E-02  5.2249075E-01      2 7.8E+01  mr i
   246      5  5.6E-03   1546  2.5E-05  2.4E-02  5.2257496E-01      2 7.8E+01 sm  i
   247      4  7.6E-03   1551  2.5E-05  2.4E-02  5.2331282E-01      1 7.8E+01  m  i
   248      6  4.4E-04   1558  2.5E-05  2.4E-02  5.2337094E-01      1 7.8E+01  m  i
   249     16  1.8E-04   1565  2.5E-05  2.4E-02  5.2339782E-01      2 7.8E+01  m  i

 Major Minors     Step   nCon Feasible  Optimal  MeritFunction     nS Penalty
   250      1  1.6E-04   1572  2.5E-05  2.4E-02  5.2341782E-01      2 7.8E+01     i
   251     23  1.6E-04   1579  2.5E-05  2.4E-02  5.2343782E-01      2 7.8E+01   r i
   252     12  5.5E-03   1584  2.5E-05  2.4E-02  5.2353467E-01      2 7.8E+01 sm  i
   253      5  6.9E-03   1589  2.4E-05  2.4E-02  5.2425442E-01      2 7.8E+01  m  i
   254     14  2.4E-03   1594  2.4E-05  2.4E-02  5.2451551E-01      1 7.8E+01  m  i
   255     13  2.4E-04   1601  2.4E-05  2.4E-02  5.2454696E-01      2 7.8E+01  m  i
   256      5  1.7E-04   1608  2.4E-05  2.4E-02  5.2456321E-01      1 7.8E+01  m  i
   257      3  1.7E-04   1615  2.4E-05  2.4E-02  5.2458700E-01        7.8E+01  m  i
   258      0  1.8E-04   1622  2.4E-05  2.4E-02  5.2461837E-01        7.8E+01  M  i
   259      0  1.8E-04   1628  2.4E-05  2.4E-02  5.2464974E-01        7.8E+01  m  i

 Major Minors     Step   nCon Feasible  Optimal  MeritFunction     nS Penalty
   260      0  1.8E-04   1634  2.4E-05  2.4E-02  5.2468111E-01        7.8E+01  m  i
   261      0  1.8E-04   1640  2.4E-05  2.4E-02  5.2471248E-01        7.8E+01  m  i
   262     13  1.8E-04   1646  2.4E-05  2.4E-02  5.2474385E-01      2 7.8E+01  mr i
   263      5  5.5E-03   1651  2.5E-05  2.4E-02  5.2485389E-01      2 7.8E+01 sm  i
   264      4  7.8E-03   1656  2.4E-05  2.4E-02  5.2559754E-01      1 7.8E+01  m  i
   265      6  4.4E-04   1663  2.4E-05  2.4E-02  5.2565464E-01      1 7.8E+01  m  i
   266     16  1.8E-04   1670  2.4E-05  2.4E-02  5.2568101E-01      2 7.8E+01  m  i
   267      1  1.6E-04   1677  2.4E-05  2.4E-02  5.2570062E-01      2 7.8E+01     i
   268     21  1.6E-04   1684  2.4E-05  2.4E-02  5.2572023E-01      2 7.8E+01   r i
   269      8  5.4E-03   1689  2.5E-05  2.4E-02  5.2584166E-01      2 7.8E+01 sm  i

 Major Minors     Step   nCon Feasible  Optimal  MeritFunction     nS Penalty
   270      8  7.0E-03   1694  2.4E-05  2.4E-02  5.2656014E-01      2 7.8E+01  m  i
   271      9  2.4E-03   1699  2.4E-05  2.4E-02  5.2681734E-01      1 7.8E+01  m  i
   272     12  2.4E-04   1706  2.4E-05  2.4E-02  5.2684797E-01      2 7.8E+01  m  i
   273      5  1.7E-04   1713  2.4E-05  2.4E-02  5.2686397E-01      1 7.8E+01  m  i
   274      3  1.7E-04   1720  2.4E-05  2.4E-02  5.2688744E-01        7.8E+01  m  i
   275      0  1.8E-04   1727  2.4E-05  2.4E-02  5.2691843E-01        7.8E+01  M  i
   276      0  1.8E-04   1733  2.4E-05  2.4E-02  5.2694943E-01        7.8E+01  m  i
   277      0  1.8E-04   1739  2.4E-05  2.4E-02  5.2698042E-01        7.8E+01  m  i
   278      0  1.8E-04   1745  2.4E-05  2.4E-02  5.2701141E-01        7.8E+01  m  i
   279     11  1.8E-04   1751  2.4E-05  2.4E-02  5.2704240E-01      2 7.8E+01  mr i

 Major Minors     Step   nCon Feasible  Optimal  MeritFunction     nS Penalty
   280      5  5.4E-03   1756  2.5E-05  2.4E-02  5.2717554E-01      2 7.8E+01 sm  i
   281      7  7.9E-03   1761  2.4E-05  2.4E-02  5.2792104E-01      1 7.8E+01  m  i
   282      6  4.4E-04   1768  2.4E-05  2.4E-02  5.2797695E-01      1 7.8E+01  m  i
   283     16  1.8E-04   1775  2.4E-05  2.4E-02  5.2800259E-01      2 7.8E+01  m  i
   284      1  1.6E-04   1782  2.4E-05  2.4E-02  5.2802153E-01      2 7.8E+01     i
   285     21  1.6E-04   1789  2.4E-05  2.4E-02  5.2804046E-01      2 7.8E+01   r i
   286      4  5.4E-03   1794  2.5E-05  2.4E-02  5.2818368E-01      1 7.8E+01 sm  i
   287      4  4.1E-03   1799  2.4E-05  2.4E-02  5.2862857E-01      1 7.8E+01  m  i
   288      4  2.3E-02   1805  2.4E-05  2.4E-02  5.3085991E-01        7.8E+01  m  i
   289      2  4.1E-03   1810  2.4E-05  2.4E-02  5.3125049E-01        7.8E+01  m  i

 Major Minors     Step   nCon Feasible  Optimal  MeritFunction     nS Penalty
   290      0  5.1E-03   1815  2.4E-05  2.4E-02  5.3171132E-01        7.8E+01  m  i
   291      0  5.2E-03   1819  2.4E-05  2.4E-02  5.3216923E-01        7.8E+01  m  i
   292      0  5.2E-03   1823  2.4E-05  2.3E-02  5.3262779E-01        7.8E+01  m  i
   293      0  5.3E-03   1827  2.4E-05  2.3E-02  5.3308436E-01        7.8E+01  m  i
   294      0  5.4E-03   1831  2.3E-05  2.3E-02  5.3353702E-01        7.8E+01  m  i
   295      0  5.5E-03   1835  2.3E-05  2.3E-02  5.3398398E-01        7.8E+01  m  i
   296      8  5.6E-03   1839  2.3E-05  2.3E-02  5.3442459E-01      2 7.8E+01  mr i
   297      4  5.2E-03   1844  2.4E-05  2.3E-02  5.3461887E-01      1 7.8E+01 sm  i
   298      3  4.6E-04   1851  2.4E-05  2.3E-02  5.3468702E-01      1 7.8E+01  m  i
   299      5  4.8E-04   1858  2.4E-05  2.3E-02  5.3475749E-01      1 7.8E+01  m  i

 Major Minors     Step   nCon Feasible  Optimal  MeritFunction     nS Penalty
   300      5  4.2E-04   1865  2.4E-05  2.3E-02  5.3482044E-01      1 7.8E+01  m  i
   301      6  8.8E-02   1872  1.7E-05  1.7E-02  5.6109219E-01        7.8E+01  m  i
   302      0  2.3E-02   1878  1.5E-05  1.5E-02  5.6560419E-01        7.8E+01  m  i
   303      0  7.4E-03   1882  1.5E-05  1.5E-02  5.6628389E-01        7.8E+01  m  i
   304      0  7.3E-03   1886  1.5E-05  1.4E-02  5.6689003E-01        7.8E+01  m  i
   305      0  7.3E-03   1890  1.4E-05  1.4E-02  5.6742489E-01        7.8E+01  m  i
   306      0  7.2E-03   1894  1.4E-05  1.4E-02  5.6789131E-01        7.8E+01  m  i
   307      9  7.1E-03   1898  1.4E-05  1.4E-02  5.6829223E-01      2 7.8E+01  mr i
   308      3  6.4E-03   1903  1.4E-05  1.4E-02  5.6847775E-01      2 7.8E+01 sm  i
   309      6  6.4E-04   1910  1.4E-05  1.4E-02  5.6854093E-01      1 7.8E+01  m  i

 Major Minors     Step   nCon Feasible  Optimal  MeritFunction     nS Penalty
   310      3  7.1E-03   1915  1.4E-05  1.3E-02  5.6866063E-01        7.8E+01  m  i
   311      7  3.0E-04   1922  1.4E-05  2.4E-02  5.6870026E-01      1 7.8E+01  m  i
   312      6  2.2E-04   1929  1.4E-05  1.3E-02  5.6872351E-01      1 7.8E+01  m  i
   313      8  2.6E-04   1936  1.4E-05  1.3E-02  5.6875831E-01      1 7.8E+01  m  i
   314      8  5.5E-04   1943  1.4E-05  1.3E-02  5.6881609E-01      1 7.8E+01  m  i
   315      7  4.5E-03   1948  1.4E-05  1.3E-02  5.6905985E-01        7.8E+01  m  i
   316      0  7.0E-03   1953  1.4E-05  1.3E-02  5.6930272E-01        7.8E+01  m  i
   317      0  6.9E-03   1957  1.5E-05  1.4E-02  5.6949178E-01        7.8E+01  m  i
   318      9  6.8E-03   1961  1.5E-05  1.5E-02  5.6962923E-01      2 7.8E+01  mr i
   319      3  5.8E-03   1966  1.6E-05  1.6E-02  5.6976015E-01      2 7.8E+01 sm  i

 Major Minors     Step   nCon Feasible  Optimal  MeritFunction     nS Penalty
   320      6  5.4E-04   1973  1.6E-05  1.6E-02  5.6981185E-01        7.8E+01  m  i
   321      1  5.6E-04   1980  1.6E-05  1.6E-02  5.6987223E-01      1 7.8E+01  m  i
   322      6  6.8E-03   1985  1.7E-05  1.7E-02  5.6994032E-01      1 7.8E+01  m  i
   323     23  2.2E-04   1992  1.7E-05  2.4E-02  5.6996896E-01      1 7.8E+01  m  i
   324     10  1.8E-04   1999  1.7E-05  1.7E-02  5.6998418E-01        7.8E+01  m  i
   325      1  2.2E-04   2006  1.7E-05  1.7E-02  5.7001111E-01        7.8E+01  m  i
   326     20  2.2E-04   2013  1.7E-05  1.7E-02  5.7004078E-01      1 7.8E+01  m  i
   327     17  4.2E-04   2020  1.7E-05  1.7E-02  5.7008839E-01      2 7.8E+01  m  i
   328      4  9.9E-02   2027  4.0E-06  4.0E-03  5.8620118E-01        7.8E+01  m  i
   329      9  7.4E-03   2032  4.4E-06  4.4E-03  5.8678692E-01      2 7.8E+01  mr i

 Major Minors     Step   nCon Feasible  Optimal  MeritFunction     nS Penalty
   330      7  7.4E-03   2037  5.0E-06  4.9E-03  5.8709081E-01      2 7.8E+01 sm  i
   331      4  8.2E-03   2042  5.1E-06  5.1E-03  5.8740970E-01      2 7.8E+01  m  i
   332      5  8.2E-03   2047  5.1E-06  5.1E-03  5.8748770E-01        7.8E+01  m  i
   333      3  7.3E-03   2052  6.4E-06  6.4E-03  5.8790778E-01        7.8E+01  m  i
   334     13  7.3E-03   2057  7.8E-06  7.8E-03  5.8822744E-01      1 7.8E+01  m  i
   335      6  7.2E-03   2062  7.9E-06  7.8E-03  5.8852783E-01        7.8E+01  m  i
   336      0  7.2E-03   2067  9.2E-06  9.1E-03  5.8874311E-01        7.8E+01  m  i
   337      0  7.1E-03   2071  1.0E-05  1.0E-02  5.8887100E-01        7.8E+01  m  i
   338      0  6.5E-03   2077  1.2E-05  1.1E-02  5.8896905E-01        7.8E+01  m  i
   339      0  6.3E-04   2083  1.2E-05  1.1E-02  5.8902518E-01        7.8E+01  m  i

 Major Minors     Step   nCon Feasible  Optimal  MeritFunction     nS Penalty
   340      8  6.3E-04   2089  1.2E-05  1.1E-02  5.8908129E-01      2 7.8E+01  mr i
   341      9  6.4E-03   2094  1.2E-05  1.2E-02  5.8922625E-01      1 7.8E+01 sm  i
   342      2  7.2E-03   2099  1.2E-05  1.2E-02  5.8951742E-01      2 7.8E+01  m  i
   343      7  6.5E-02   2107  7.8E-06  7.8E-03  5.9114892E-01        7.8E+01  m  i
   344      6  7.1E-03   2112  8.6E-06  8.6E-03  5.9145128E-01        7.8E+01  m  i
   345      3  7.2E-03   2117  1.0E-05  1.0E-02  5.9161478E-01      1 7.8E+01  m  i
   346     13  7.0E-03   2122  1.1E-05  1.1E-02  5.9186955E-01      1 7.8E+01  m  i
   347      6  6.2E-03   2127  1.1E-05  1.1E-02  5.9210182E-01      1 7.8E+01  m  i
   348      2  8.6E-03   2132  1.1E-05  1.1E-02  5.9239603E-01        7.8E+01  m  i
   349      6  6.0E-03   2137  1.1E-05  1.1E-02  5.9262227E-01      1 7.8E+01  m  i

 Major Minors     Step   nCon Feasible  Optimal  MeritFunction     nS Penalty
   350      6  2.9E-02   2143  1.0E-05  1.0E-02  5.9340797E-01      1 7.8E+01  m  i
   351     57  7.0E-03   2148  1.2E-05  1.1E-02  5.9353900E-01      4 7.8E+01  mR i
   352      3  1.0E+00   2149  2.4E-05  2.4E-02  5.9542841E-01      4 7.8E+01 s   i
   353      1  1.0E+00   2151 (1.3E-08) 1.3E-05  5.9662811E-01      4 7.8E+01     i
   354      6  1.0E+00   2153 (2.5E-08) 2.6E-05  5.9669787E-01      4 7.8E+01  m  i
   355      2  6.2E-01   2155  3.1E-06  3.1E-03  5.9769296E-01      3 7.8E+01     i
   356      1  4.5E-02   2162  1.7E-06  1.7E-03  5.9880220E-01      3 7.8E+01  m  i
   357      1  7.7E-03   2167  1.8E-06  1.8E-03  5.9894005E-01      3 7.8E+01     i
   358      4  7.6E-03   2172  1.9E-06  1.9E-03  5.9907562E-01      4 7.8E+01   R i
   359      5  1.0E+00   2173  2.2E-06  2.2E-03  5.9925477E-01      2 7.8E+01 s   i

 Major Minors     Step   nCon Feasible  Optimal  MeritFunction     nS Penalty
   360      1  8.0E-03   2177  2.2E-06  2.2E-03  5.9941059E-01      2 7.8E+01     i
   361      6  7.7E-03   2181  2.2E-06  2.2E-03  5.9958630E-01      1 7.8E+01     i
   362      1  7.4E-03   2185  4.3E-06  4.3E-03  5.9989282E-01      1 7.8E+01     i
   363      1  6.5E-04   2191  4.3E-06  4.3E-03  5.9995514E-01      1 7.8E+01     i
   364      1  6.5E-04   2197  4.3E-06  4.4E-03  6.0001734E-01      1 7.8E+01     i
   365      1  6.5E-04   2203  4.3E-06  4.4E-03  6.0007943E-01      1 7.8E+01     i
   366      1  6.5E-04   2209  4.4E-06  4.4E-03  6.0014140E-01      1 7.8E+01     i
   367      1  6.5E-04   2215  4.4E-06  4.4E-03  6.0020326E-01      1 7.8E+01     i
   368      1  6.5E-04   2222  4.4E-06  4.4E-03  6.0026501E-01      1 7.8E+01     i
   369      7  6.5E-04   2229  4.4E-06  4.4E-03  6.0032665E-01      1 7.8E+01   r i

 Major Minors     Step   nCon Feasible  Optimal  MeritFunction     nS Penalty
   370      1  2.8E-04   2236  4.4E-06  4.4E-03  5.6496849E-01      1 3.0E+03 sm  i
   371      3  1.0E-02   2241  4.4E-06  4.4E-03  5.9794642E-01        2.9E+02  M  i
   372      0  5.9E-04   2248  4.4E-06  4.4E-03  5.9970792E-01        1.7E+02  m  i
   373      0  5.9E-04   2254  4.4E-06  4.4E-03  5.9975739E-01        1.7E+02  m  i
   374      0  5.9E-04   2260  4.4E-06  4.5E-03  5.9980681E-01        1.7E+02  m  i
   375      0  5.9E-04   2266  4.4E-06  4.5E-03  5.9985619E-01        1.7E+02  m  i
   376      0  5.8E-04   2272  4.4E-06  4.5E-03  5.9990554E-01        1.7E+02  m  i
   377      0  5.8E-04   2278  4.4E-06  6.1E-02  5.9995484E-01        1.7E+02  m  i
   378      0  5.8E-04   2285  4.4E-06  1.2E-01  6.0000410E-01        1.7E+02     i
   379      0  5.8E-04   2291  4.5E-06  4.5E-03  6.0005332E-01        1.7E+02  m  i

 Major Minors     Step   nCon Feasible  Optimal  MeritFunction     nS Penalty
   380      0  5.8E-04   2297  4.5E-06  4.5E-03  6.0010251E-01        1.7E+02  m  i
   381      6  5.8E-04   2303  4.5E-06  4.5E-03  6.0015165E-01      1 1.7E+02  mr i
   382      3  2.8E-04   2310  4.5E-06  4.5E-03  5.6768892E-01      1 2.8E+03 sm  i
   383      5  5.8E-03   2316  4.6E-06  4.6E-03  5.9522189E-01        5.7E+02  m  i
   384      0  2.7E-04   2323  4.6E-06  4.6E-03  5.9524498E-01        5.7E+02  m  i
   385      0  2.7E-04   2329  4.6E-06  4.6E-03  5.9526808E-01        5.7E+02  m  i
   386      0  2.7E-04   2335  4.6E-06  4.6E-03  5.9529117E-01        5.7E+02  m  i
   387      0  2.7E-04   2341  4.6E-06  4.6E-03  5.9531426E-01        5.7E+02  m  i
   388      0  2.7E-04   2347  4.6E-06  4.6E-03  5.9533734E-01        5.7E+02  m  i
   389      0  2.7E-04   2353  4.6E-06  4.6E-03  5.9536043E-01        5.7E+02  m  i

 Major Minors     Step   nCon Feasible  Optimal  MeritFunction     nS Penalty
   390      5  2.7E-04   2359  4.6E-06  7.3E-02  5.9538351E-01      1 5.7E+02  m  i
   391      1  2.7E-04   2366  4.6E-06  7.3E-02  5.9540659E-01      1 5.7E+02     i
   392      5  2.7E-04   2373  4.6E-06  4.6E-03  5.9542966E-01      1 5.7E+02   r i
   393      4  2.9E-04   2380  4.6E-06  4.6E-03  5.6905087E-01      1 2.6E+03 sm  i
   394      1  4.1E-04   2387  4.6E-06  4.6E-03  5.8904953E-01      1 1.1E+03     i
   395      9  4.1E-04   2393  4.6E-06  4.6E-03  5.8907525E-01      1 1.1E+03  m  i
   396      5  2.5E-04   2400  4.6E-06  4.6E-03  5.8909525E-01        1.1E+03  m  i
   397      0  2.1E-04   2407  4.6E-06  4.6E-03  5.8911338E-01        1.1E+03  M  i
   398      0  2.1E-04   2413  4.6E-06  4.6E-03  5.8913152E-01        1.1E+03  m  i
   399      0  2.1E-04   2419  4.6E-06  4.6E-03  5.8914965E-01        1.1E+03  m  i

 Major Minors     Step   nCon Feasible  Optimal  MeritFunction     nS Penalty
   400      0  2.1E-04   2425  4.6E-06  4.6E-03  5.8916778E-01        1.1E+03  m  i
   401      0  2.1E-04   2431  4.6E-06  4.6E-03  5.8918592E-01        1.1E+03  m  i
   402      0  2.1E-04   2437  4.6E-06  4.6E-03  5.8920405E-01        1.1E+03  m  i
   403      0  2.1E-04   2443  4.6E-06  4.9E-02  5.8922218E-01        1.1E+03  m  i
   404      6  2.1E-04   2449  4.6E-06  4.6E-03  5.8924031E-01      1 1.1E+03  mr i
   405      4  2.9E-04   2456  4.6E-06  4.6E-03  5.6960313E-01      1 2.6E+03 sm  i
   406      1  3.0E-04   2463  4.6E-06  4.6E-03  5.6963175E-01      1 2.6E+03     i
   407     10  3.0E-04   2470  4.6E-06  4.6E-03  5.6966036E-01      3 2.6E+03   R i
   408      1  2.3E-03   2475  4.6E-06  4.6E-03  5.6980952E-01      3 2.6E+03   R i
   409      4  2.3E-03   2480  4.5E-06  4.6E-03  6.0249916E-01      2           r i

 Major Minors     Step   nCon Feasible  Optimal  MeritFunction     nS Penalty
   410      2  1.0E+00   2482  2.8E-03  1.0E+00  6.3089181E-01      1         sm  i
   411      1  1.0E+00   2484  2.5E-03  1.0E+00  6.7312758E-01      1          m  i
   412      2  1.0E+00   2486  2.4E-03  1.0E+00  6.8917144E-01        1.1E-04  M  i
   413      0  1.0E+00   2487  1.4E-02  1.0E+00  7.2467956E-01        1.1E-04     i
   414      1  1.0E+00   2488  1.9E-04  1.6E-01  7.3705595E-01        1.1E-04     i
   415      0  1.0E+00   2490  1.5E-03  1.0E+00  7.4008719E-01        1.1E-04  m  i
   416      1  1.0E+00   2491  2.1E-03  1.0E+00  7.4343895E-01        1.1E-04  m  i
   417      0  1.0E+00   2492  1.2E-04  9.6E-02  7.4360813E-01        1.8E-04  m  i
   418      0  1.0E+00   2493 (8.1E-10)(3.8E-12) 7.4360976E-01        1.8E-04     i
 SNOPTC EXIT   0 -- finished successfully
 SNOPTC INFO   1 -- optimality conditions satisfied

 Problem name                 N2
 No. of iterations                2550   Objective            7.4360975815E-01
 No. of major iterations           418   Linear    obj. term  7.4360975815E-01
 Penalty parameter           1.757E-04   Nonlinear obj. term  0.0000000000E+00
 User function calls (total)      2493
 No. of degenerate steps           548   Percentage                      21.49
 Max x                      27 7.7E+02   Max pi                     24 1.0E+10
 Max Primal infeas         552 6.3E-07   Max Dual infeas           381 3.8E-02
 Nonlinear constraint violn    6.3E-07

 Solution not printed
 Time for solving problem                       0.75 seconds
 Time for constraint functions                  0.19 seconds
 Time for objective function                    0.00 seconds

 Root node solved locally optimal.
   Node  Act. Lev.  Objective  IInf  Best Int.   Best Bound   Gap  (1 secs)
      0     2   0       0.8686  10            -       0.8686         -
      1     3   1       0.5579   9            -       0.8686         -
      2     4   2       0.6164   3            -       0.8686         -
      3     3   3   infeasible   -            -       0.8686         -
      4     2   3   infeasible   -            -       0.8686         -
      5     1   2   infeasible   -            -       0.8686         -
      6     2   1       0.5233   3            -       0.5233         -
*     7     1   2       0.5192   0       0.5192       0.5233  0.007820
      8     2   2       0.9987   5       0.5192       0.9987  0.480139
      9     3   3       0.9491  15       0.5192       0.9987  0.480139
     10     4   3       0.9932   7       0.5192       0.9932  0.477236
     11     3   4       pruned   -       0.5192       0.9932  0.477236
     12     2   4   infeasible   -       0.5192       0.9491  0.452964
     13     3   4       0.8280   6       0.5192       0.9491  0.452964
     14     4   4       0.9956   9       0.5192       0.9956  0.478500
     15     5   5       0.8174   6       0.5192       0.9956  0.478500
     16     4   5   infeasible   -       0.5192       0.8280  0.372924
     17     5   5       0.5773   8       0.5192       0.8280  0.372924
     18     6   5       0.6190   5       0.5192       0.8174  0.364827
     19     7   6       0.8819   5       0.5192       0.8819  0.411300
   Node  Act. Lev.  Objective  IInf  Best Int.   Best Bound   Gap  (3 secs)
     20     6   7   infeasible   -       0.5192       0.8819  0.411300
     21     5   7   infeasible   -       0.5192       0.8174  0.364827
     22     6   6       0.7012   8       0.5192       0.7012  0.259564
     23     7   7       0.5287   6       0.5192       0.7012  0.259564
     24     6   7       pruned   -       0.5192       0.6190  0.161228
     25     5   6   infeasible   -       0.5192       0.6190  0.161228
     26     4   6   infeasible   -       0.5192       0.5773  0.100612
     27     3   6   infeasible   -       0.5192       0.5773  0.100612
     28     2   6   infeasible   -       0.5192       0.5287  0.018027
     29     1   8   infeasible   -       0.5192       0.5287  0.018027
     30     0   8   infeasible   -       0.5192       0.5192  0.000000
 Integer solution
 Statistics:
    Iterations    :             27545
    NLP Seconds   :          4.210000
    B&B nodes     :                30
    MIP solution  :          0.519198 found in node 7
    Best possible :          0.519198
    Absolute gap  :          0.000000     optca :1.0000e-09
    Relative gap  :          0.000000     optcr :  0.000001
    Model Status  :                 8
    Solver Status :                 1

 Non convex model!
    # jumps in best bound       :                 3
    Maximum jump in best bound  :          0.475434 in node 8
    # jumps to better objective :                 4
    Maximum jump in objective   :          0.475434 in node 8

 NLP Solver Statistics
    Total Number of NLP solves  :         32
    Total Number of NLP failures:          0
    Details:          snopt
      # execs            32
      # failures          0
 Terminating.
--- Reading solution for model N2
--- Executing after solve: elapsed 0:00:09.389
--- Case2_CBS.gms(647) 4 Mb
--- Generating MINLP model N2
--- Case2_CBS.gms(648) 6 Mb
--- Reset Solvelink = 2
--- LOOPS ics = 4
---   577 rows  523 columns  2,730 non-zeroes
---   3,514 nl-code  1,008 nl-non-zeroes
---   46 discrete-columns
--- Range statistics (absolute non-zero finite values)
--- RHS       [min, max] : [ 1.398E-02, 1.001E+03] - Zero values observed as well
--- Bound     [min, max] : [ 1.000E-10, 2.000E+03] - Zero values observed as well
--- Matrix    [min, max] : [ 8.476E-17, 6.000E+02] - Zero values observed as well
--- Case2_CBS.gms(648) 4 Mb
--- Executing SBB (Solvelink=2): elapsed 0:00:09.396

Simple B&B       42.3.0 dacf7d8e Mar 2, 2023           LEG x86 64bit/Linux    

 523 columns (46 discrete), 577 rows, 2730 nonzeros

SNOPT            42.3.0 dacf7d8e Mar 2, 2023           LEG x86 64bit/Linux    


 ==============================
 S N O P T  7.7.7    (Feb 2021)
 ==============================
 SNMEMB EXIT 100 -- finished successfully
 SNMEMB INFO 104 -- memory requirements estimated

 Nonlinear constraints     323     Linear constraints     254
 Nonlinear variables       419     Linear variables       103
 Jacobian  variables       419     Objective variables    419
 Total constraints         577     Total variables        522

        Minor NonOpt  LP mult  LP Step                 SumInfE
          100      4  7.9E-01  6.8E-12           1.0039466E+00
 The user has defined    1202   out of    1202   constraint gradients.
 The user has defined     419   out of     419   objective  gradients.

        Minor NumInf  FP mult  FP step   rgNorm         SumInf     nS
          100      5  1.2E+04  1.8E-10           8.5412525E-01

 Major Minors     Step   nCon Feasible  Optimal  MeritFunction     nS Penalty
     0    159               1  3.8E-03  7.5E-03  5.1919771E-01      8           r
     1      1  7.6E-01      2  9.3E-04  5.0E-03  5.1716394E-01      8 6.7E-03   rl
     2     13  1.0E+00      3 (1.2E-07) 8.3E-03  5.1927650E-01      5 6.7E-03 s
     3      5  1.0E+00      5  1.6E-03  3.8E-03  5.4381157E-01      1 6.7E-03  m
     4      4  1.0E+00      7  6.1E-04  1.2E-03  5.7527551E-01      1 6.7E-03  m
     5      1  1.0E+00      9  2.6E-04  7.5E-05  5.9766712E-01        6.7E-03  m
     6      5  1.0E+00     11  2.7E-03  4.1E-04  6.4479809E-01        6.7E-03  m
     7     21  1.0E+00     13  2.2E-03  2.0E-02  6.9444053E-01      1 6.7E-03  m
     8     11  1.0E+00     15  1.3E-04  8.4E-02  7.1002999E-01      1 9.5E-03  m
     9      5  1.0E+00     17  3.5E-04  1.9E-02  7.6590293E-01        9.5E-03  m

 Major Minors     Step   nCon Feasible  Optimal  MeritFunction     nS Penalty
    10      0  1.0E+00     19  5.4E-04  6.0E-04  8.1968837E-01        9.5E-03  M
    11      3  1.0E+00     20  5.0E-04  6.3E-01  8.6119788E-01        9.5E-03  m
    12     10  1.0E+00     21  4.6E-04  1.1E+00  8.9174293E-01      4 9.5E-03   R
    13      3  1.0E+00     22  3.3E-06  7.4E-04  8.8909939E-01      4 2.7E-01 s
    14      6  1.0E+00     24  2.2E-05  6.1E-04  8.9221953E-01      1 2.7E-01  m
    15     16  1.0E+00     26  7.3E-04  7.2E-01  9.1194892E-01      3 2.7E-01  m
    16     21  1.0E+00     28  8.4E-04  5.1E-01  9.2958240E-01      3 2.7E-01  m
    17      7  1.0E+00     29  2.5E-04  3.3E-03  9.4173310E-01      1 2.7E-01
    18     21  1.0E+00     30  1.4E-04  1.1E+00  9.5484656E-01      2 2.7E-01
    19     10  6.3E-01     32  4.1E-04  3.2E-04  9.6147189E-01      3 2.7E-01

 Major Minors     Step   nCon Feasible  Optimal  MeritFunction     nS Penalty
    20     22  1.0E+00     33  8.1E-04  1.4E+00  9.7026273E-01      5 2.7E-01
    21      6  1.0E+00     34  7.6E-05  1.4E-03  9.7634731E-01      5 2.7E-01
    22     16  1.0E+00     35  3.6E-04  1.2E-01  9.8315630E-01      3 2.7E-01
    23     12  1.0E+00     36  3.3E-04  8.5E-01  9.9052382E-01      7 2.7E-01   R
    24      2  1.0E+00     37  1.4E-05  9.9E-05  9.9023525E-01      6 2.9E-01 s
    25      9  1.0E+00     38  1.1E-05  8.0E-04  9.9047040E-01      2 2.9E-01 s
    26     15  4.1E-01     41  1.8E-04  8.7E-04  9.9095780E-01      2 2.9E-01  m
    27      7  4.0E-01     43  2.5E-04  1.6E-04  9.9146141E-01        2.9E-01
    28      4  4.8E-01     45  4.6E-04  1.2E-04  9.9268088E-01      1 2.9E-01
    29      6  5.9E-01     47  2.8E-04  1.7E-01  9.9500964E-01      2 2.9E-01

 Major Minors     Step   nCon Feasible  Optimal  MeritFunction     nS Penalty
    30     11  6.0E-01     49  1.5E-04  1.4E-01  9.9613339E-01      1 2.9E-01
    31      3  5.4E-01     52  1.8E-04  3.3E-01  9.9692762E-01        2.9E-01  M
    32      0  1.0E+00     53  1.8E-04  2.1E-01  9.9755603E-01        2.9E-01
    33      2  1.0E+00     54  6.3E-05  8.8E-05  9.9780271E-01        2.9E-01  m
    34      5  1.0E+00     56  4.1E-05 (8.5E-07) 9.9790513E-01      3 2.9E-01  mr
    35      3  1.0E+00     57  6.1E-06  1.0E-05  9.9789487E-01        3.0E-01 s
    36      1  1.0E+00     59  4.4E-05  9.9E-06  9.9798162E-01      1 3.0E-01  m
    37      1  1.0E+00     61  3.0E-05  4.6E-06  9.9807939E-01      1 3.0E-01  m
    38      2  1.0E+00     63  6.5E-06  8.8E-06  9.9814313E-01        3.0E-01  m
    39      1  1.0E+00     65  2.3E-05  5.8E-02  9.9824741E-01      1 3.0E-01  m

 Major Minors     Step   nCon Feasible  Optimal  MeritFunction     nS Penalty
    40      5  1.0E+00     67  7.4E-05  1.7E-02  9.9846303E-01      1 3.0E-01  m
    41      2  1.0E+00     69  2.9E-05  9.1E-06  9.9847276E-01      1 3.0E-01  m
    42      1  1.0E+00     71  2.2E-05  7.9E-03  9.9855646E-01      1 3.0E-01  m
    43      4  1.0E+00     73  1.5E-05  1.1E-03  9.9860769E-01        3.0E-01  m
    44      1  5.8E-01     76  4.1E-05  9.0E-04  9.9866263E-01        3.0E-01  m
    45      1  1.0E+00     77  2.5E-05  2.3E-05  9.9871858E-01      1 3.0E-01   R
    46      1  1.0E+00     78 (5.9E-08)(5.8E-07) 9.9872341E-01      1 3.0E-01 s
 SNOPTC EXIT   0 -- finished successfully
 SNOPTC INFO   1 -- optimality conditions satisfied

 Problem name                 N2
 No. of iterations                 570   Objective            9.9872341225E-01
 No. of major iterations            46   Linear    obj. term  9.9872341225E-01
 Penalty parameter           3.038E-01   Nonlinear obj. term  0.0000000000E+00
 User function calls (total)        78
 No. of superbasics                  1   No. of basic nonlinears           391
 No. of degenerate steps           155   Percentage                      27.19
 Max x                      27 5.7E+02   Max pi                    325 3.5E+01
 Max Primal infeas         841 3.4E-05   Max Dual infeas            73 2.1E-05
 Nonlinear constraint violn    3.4E-05

 Solution not printed
 Time for solving problem                       0.12 seconds
 Time for constraint functions                  0.00 seconds
 Time for objective function                    0.00 seconds

 Root node solved locally optimal.
   Node  Act. Lev.  Objective  IInf  Best Int.   Best Bound   Gap  (0 secs)
      0     2   0       0.9987   5            -       0.9987         -
      1     3   1       0.9932   7            -       0.9987         -
      2     4   2       0.9933   6            -       0.9987         -
      3     3   3   infeasible   -            -       0.9987         -
      4     2   3   infeasible   -            -       0.9987         -
      5     1   2   infeasible   -            -       0.9987         -
      6     2   1       0.9918  15            -       0.9918         -
      7     3   2       0.9980   3            -       0.9980         -
      8     2   3   infeasible   -            -       0.9980         -
      9     3   3       0.9818  13            -       0.9918         -
     10     4   4       0.9800  13            -       0.9918         -
     11     5   5       0.9806  12            -       0.9918         -
     12     6   6       0.6107   6            -       0.9918         -
     13     5   7   infeasible   -            -       0.9918         -
*    14     4   7       0.5000   0       0.5000       0.9918  0.495859
     15     3   2   infeasible   -       0.5000       0.9818  0.490717
     16     4   4       0.8338  16       0.5000       0.9806  0.490073
     17     5   6       0.6164   3       0.5000       0.9800  0.489759
     18     4   5   infeasible   -       0.5000       0.8338  0.400325
     19     5   5       0.8932  13       0.5000       0.8932  0.440228
   Node  Act. Lev.  Objective  IInf  Best Int.   Best Bound   Gap  (87 secs)
     20     6   6       0.8615  11       0.5000       0.8932  0.440228
     21     5   6       pruned   -       0.5000       0.8615  0.419577
     22     6   7       0.8590  11       0.5000       0.8615  0.419577
     23     7   7       0.6748   5       0.5000       0.8590  0.417926
     24     8   8       0.5476   5       0.5000       0.8590  0.417926
     25     7   8   infeasible   -       0.5000       0.8338  0.400325
     26     6   5      ignored   -       0.5000       0.6748  0.259000 (4,7)
     27     5   8   infeasible   -       0.5000       0.6748  0.259000
     28     4   8   infeasible   -       0.5000       0.6164  0.188860
     29     3   7   infeasible   -       0.5000       0.6164  0.188860
     30     2   7   infeasible   -       0.5000       0.5476  0.086829
     31     1   9   infeasible   -       0.5000       0.5476  0.086829
     32     0   9   infeasible   -       0.5000       0.5000  0.000000
 Integer solution
 Statistics:
    Iterations    :             45995
    NLP Seconds   :         87.931000
    B&B nodes     :                32
    Ignored nodes :                 1
    MIP solution  :          0.500015 found in node 14
    Best possible :          0.500015
    Absolute gap  :          0.000000     optca :1.0000e-09
    Relative gap  :          0.000000     optcr :  0.000001
    Model Status  :                 8
    Solver Status :                 1

 Non convex model!
    # jumps in best bound       :                 2
    Maximum jump in best bound  :          0.059437 in node 19
    # jumps to better objective :                 4
    Maximum jump in objective   :          0.059437 in node 19

 NLP Solver Statistics
    Total Number of NLP solves  :         34
    Total Number of NLP failures:          1
    Details:          snopt
      # execs            34
      # failures          1
 Terminating.
--- Reading solution for model N2
--- Executing after solve: elapsed 0:01:37.387
--- Case2_CBS.gms(647) 4 Mb
--- Generating MINLP model N2
--- Case2_CBS.gms(648) 6 Mb
--- Reset Solvelink = 2
--- LOOPS ics = 5
---   578 rows  523 columns  2,746 non-zeroes
---   3,514 nl-code  1,008 nl-non-zeroes
---   46 discrete-columns
--- Range statistics (absolute non-zero finite values)
--- RHS       [min, max] : [ 1.398E-02, 1.001E+03] - Zero values observed as well
--- Bound     [min, max] : [ 1.000E-10, 2.000E+03] - Zero values observed as well
--- Matrix    [min, max] : [ 3.642E-19, 6.000E+02] - Zero values observed as well
--- Case2_CBS.gms(648) 4 Mb
--- Executing SBB (Solvelink=2): elapsed 0:01:37.395

Simple B&B       42.3.0 dacf7d8e Mar 2, 2023           LEG x86 64bit/Linux    

 523 columns (46 discrete), 578 rows, 2746 nonzeros

SNOPT            42.3.0 dacf7d8e Mar 2, 2023           LEG x86 64bit/Linux    


 ==============================
 S N O P T  7.7.7    (Feb 2021)
 ==============================
 SNMEMB EXIT 100 -- finished successfully
 SNMEMB INFO 104 -- memory requirements estimated

 Nonlinear constraints     323     Linear constraints     255
 Nonlinear variables       419     Linear variables       103
 Jacobian  variables       419     Objective variables    419
 Total constraints         578     Total variables        522

        Minor NonOpt  LP mult  LP Step                 SumInfE
          100     14 -3.6E+00  4.4E-11           1.0039307E+00
 The user has defined    1202   out of    1202   constraint gradients.
 The user has defined     419   out of     419   objective  gradients.

        Minor NumInf  FP mult  FP step   rgNorm         SumInf     nS
          100      3  4.7E+01  3.2E-10           1.2850648E-01

 Major Minors     Step   nCon Feasible  Optimal  MeritFunction     nS Penalty
     0    140               1  2.6E-04  1.0E-03  5.0000182E-01      6           r
     1      4  1.0E+00      2 (6.3E-08) 7.6E-04  5.0000680E-01      8 4.6E-01   r
     2      1  1.0E+00      4 (3.0E-10) 7.6E-04  5.0000233E-01      8 6.0E+01   r
     3      8  1.0E+00      6 (3.0E-10) 1.2E-03  5.0000453E-01      1 9.3E+00   r
     4      9  1.5E-01      9  2.8E-05  1.6E-04  5.0265862E-01        9.3E+00 s
     5     10  2.6E-01     13  1.6E-04  2.1E-03  5.2497119E-01      1 9.3E+00  m
     6      4  2.2E-01     17  3.0E-04  7.4E-02  5.4432600E-01      1 9.3E+00  m
     7     12  2.8E-01     21  2.6E-04  1.2E-01  5.6614410E-01      2 9.3E+00  m
     8      8  4.2E-01     24  3.4E-04  1.5E-02  5.7593188E-01      1 9.3E+00  m
     9      5  5.1E-01     27  2.5E-04  4.7E-02  6.0941103E-01        9.3E+00  m

 Major Minors     Step   nCon Feasible  Optimal  MeritFunction     nS Penalty
    10     14  1.0E+00     29  1.5E-04  1.1E-02  6.5816325E-01      1 9.3E+00  m
    11      2  1.0E+00     31  1.1E-04  1.0E-01  6.6392684E-01        9.3E+00 sM
    12      4  1.0E+00     33  8.6E-05  3.8E-01  6.7871570E-01      1 9.3E+00  m
    13      2  9.8E-01     35  7.2E-05  2.4E-03  6.8440722E-01        9.3E+00  M
    14      6  9.8E-01     37  6.2E-05  1.1E-05  6.9940617E-01      2 9.3E+00  mr
    15      3  4.9E-01     40  6.4E-05  2.0E-02  6.9817305E-01      1 9.4E+00 sm
    16      2  1.2E-01     42  9.3E-05  1.3E-01  7.0059314E-01      1 9.4E+00  m
    17      3  9.6E-01     44  5.3E-05  4.2E-02  7.0526007E-01      1 9.4E+00  M
    18      1  1.0E+00     45  1.8E-05  8.2E-03  7.0626400E-01        9.4E+00
    19      2  1.0E+00     47  2.0E-05  7.6E-02  7.0679266E-01      1 9.4E+00  m

 Major Minors     Step   nCon Feasible  Optimal  MeritFunction     nS Penalty
    20      1  4.8E-01     49  1.8E-05  1.1E-02  7.0675090E-01        9.4E+00
    21      0  1.0E+00     51  3.6E-05  9.7E-03  7.0709796E-01        9.4E+00  m
    22      1  1.0E+00     52  4.1E-05  4.1E-02  7.0776139E-01      1 9.4E+00  m
    23      1  1.0E+00     54  3.7E-05  1.1E-03  7.0842958E-01        9.4E+00 sM
    24      1  1.0E+00     56  6.0E-05  8.9E-05  7.0921043E-01        9.4E+00  M
    25      0  1.0E+00     57  8.5E-06  2.7E-06  7.0947841E-01        9.4E+00  mr
    26      0  1.0E+00     58 (1.1E-08)(9.1E-08) 7.0948363E-01        9.4E+00 s
 SNOPTC EXIT   0 -- finished successfully
 SNOPTC INFO   1 -- optimality conditions satisfied

 Problem name                 N2
 No. of iterations                 360   Objective            7.0948363116E-01
 No. of major iterations            26   Linear    obj. term  7.0948363116E-01
 Penalty parameter           9.444E+00   Nonlinear obj. term  0.0000000000E+00
 User function calls (total)        58
 No. of degenerate steps           156   Percentage                      43.33
 Max x                      27 6.9E+02   Max pi                    223 4.6E+00
 Max Primal infeas         554 7.3E-06   Max Dual infeas           527 2.9E-04
 Nonlinear constraint violn    7.3E-06

 Solution not printed
 Time for solving problem                       0.06 seconds
 Time for constraint functions                  0.00 seconds
 Time for objective function                    0.00 seconds

 Root node solved locally optimal.
   Node  Act. Lev.  Objective  IInf  Best Int.   Best Bound   Gap  (0 secs)
      0     2   0       0.7095   9            -       0.7095         -
      1     3   1       0.7079   5            -       0.7095         -
      2     2   2   infeasible   -            -       0.7095         -
      3     3   2       0.5030  14            -       0.7095         -
      4     4   3       0.5454   4            -       0.7095         -
      5     5   4       0.5424   5            -       0.7095         -
*     6     1   5       0.5493   0       0.5493       0.7095  0.225809
      7     2   1       0.6185   7       0.5493       0.6185  0.111879
      8     3   2       0.6525   4       0.5493       0.6525  0.158168
      9     2   3       pruned   -       0.5493       0.6525  0.158168
     10     3   3       0.5706   4       0.5493       0.6185  0.111879
     11     4   2       0.6074   6       0.5493       0.6074  0.095718
     12     3   3       pruned   -       0.5493       0.6074  0.095718
     13     2   3   infeasible   -       0.5493       0.5706  0.037362
     14     1   4   infeasible   -       0.5493       0.5706  0.037362
     15     0   4       pruned   -       0.5493       0.5493  0.000000
 Integer solution
 Statistics:
    Iterations    :             15914
    NLP Seconds   :         10.321001
    B&B nodes     :                15
    MIP solution  :          0.549276 found in node 6
    Best possible :          0.549276
    Absolute gap  :          0.000000     optca :1.0000e-09
    Relative gap  :          0.000000     optcr :  0.000001
    Model Status  :                 8
    Solver Status :                 1

 Non convex model!
    # jumps in best bound       :                 1
    Maximum jump in best bound  :          0.034007 in node 8
    # jumps to better objective :                 3
    Maximum jump in objective   :          0.042343 in node 4

 NLP Solver Statistics
    Total Number of NLP solves  :         17
    Total Number of NLP failures:          0
    Details:          snopt
      # execs            17
      # failures          0
 Terminating.
--- Reading solution for model N2
--- Executing after solve: elapsed 0:01:47.781
--- Case2_CBS.gms(647) 4 Mb
--- Generating MINLP model N2
--- Case2_CBS.gms(648) 6 Mb
--- Reset Solvelink = 2
--- LOOPS ics = 6
---   579 rows  523 columns  2,762 non-zeroes
---   3,514 nl-code  1,008 nl-non-zeroes
---   46 discrete-columns
--- Range statistics (absolute non-zero finite values)
--- RHS       [min, max] : [ 1.398E-02, 1.001E+03] - Zero values observed as well
--- Bound     [min, max] : [ 1.000E-10, 2.000E+03] - Zero values observed as well
--- Matrix    [min, max] : [ 1.426E-16, 6.000E+02] - Zero values observed as well
--- Case2_CBS.gms(648) 4 Mb
--- Executing SBB (Solvelink=2): elapsed 0:01:47.789

Simple B&B       42.3.0 dacf7d8e Mar 2, 2023           LEG x86 64bit/Linux    

 523 columns (46 discrete), 579 rows, 2762 nonzeros

SNOPT            42.3.0 dacf7d8e Mar 2, 2023           LEG x86 64bit/Linux    


 ==============================
 S N O P T  7.7.7    (Feb 2021)
 ==============================
 SNMEMB EXIT 100 -- finished successfully
 SNMEMB INFO 104 -- memory requirements estimated

 Nonlinear constraints     323     Linear constraints     256
 Nonlinear variables       419     Linear variables       103
 Jacobian  variables       419     Objective variables    419
 Total constraints         579     Total variables        522

        Minor NonOpt  LP mult  LP Step                 SumInfE
          100     10 -3.4E+04  4.9E-11           1.8338360E+00
 The user has defined    1202   out of    1202   constraint gradients.
 The user has defined     419   out of     419   objective  gradients.

        Minor NumInf  FP mult  FP step   rgNorm         SumInf     nS
          100     17  7.0E-01  7.5E-02           1.0985475E+00

 Major Minors     Step   nCon Feasible  Optimal  MeritFunction     nS Penalty
     0    166               1  1.9E-03  1.6E-02  5.4999247E-01      5           r
     1      4  1.0E-01      2  1.7E-03  3.0E-02 -1.1191458E+01      6 1.9E+01   rl
     2     11  5.5E-01      4  7.8E-04  4.8E-01 -8.5531016E+00      4 3.4E+01 sM l
     3     44  1.0E+00      5  1.8E-04  6.9E-02  4.9826324E-01      6 8.8E+00
     4     14  1.0E+00      7  4.8E-06  2.9E-04  5.4574163E-01        8.8E+00 sM
     5      4  1.0E+00      9  3.6E-04  6.0E-02  5.8372559E-01      1 8.8E+00  m
     6      8  1.0E+00     11  1.1E-04  1.6E-02  5.8661478E-01      2 8.8E+00  m
     7      2  1.0E+00     13  4.3E-06  3.5E-01  5.8626418E-01      1 8.8E+00  m
     8      3  7.5E-01     16  1.8E-04  2.2E-02  5.8912729E-01      1 8.8E+00  m
     9      3  1.0E+00     18  2.1E-04  3.2E-02  5.9669879E-01      1 8.8E+00  M

 Major Minors     Step   nCon Feasible  Optimal  MeritFunction     nS Penalty
    10      2  1.3E-01     21  7.3E-05  6.1E-02  6.0691211E-01      1 8.8E+00  m
    11      1 -4.8E+00     23  3.5E-05  9.4E-04  6.2021138E-01      1 8.8E+00  m
    12      7  1.0E+00     25  1.4E-04  1.4E-03  6.3050697E-01      2 8.8E+00 sMr
    13      3  2.8E-01     27  1.2E-04  7.0E-03  6.3436325E-01      1 8.8E+00 sm
    14      2  1.0E+00     29  2.1E-05  1.4E-03  6.5478436E-01      2 8.8E+00  M
    15      9  1.0E+00     31  1.3E-04  1.7E-01  6.6634087E-01      1 8.8E+00  m
    16      5  1.0E+00     33  6.5E-05  1.4E-03  6.7173390E-01        8.8E+00  m
    17      5  1.0E+00     35  8.1E-05  4.3E-04  6.8677738E-01      1 8.8E+00  m
    18      1  1.0E+00     37  3.0E-05  1.6E-04  6.9698333E-01        8.8E+00  m
    19      2  1.0E+00     39  2.5E-05  2.8E-05  7.0670555E-01        8.8E+00 sM

 Major Minors     Step   nCon Feasible  Optimal  MeritFunction     nS Penalty
    20      4  1.0E+00     41  2.6E-05  5.4E-03  7.0953789E-01      1 8.8E+00  m
    21      1  1.0E+00     43  1.5E-06  6.7E-05  7.0947635E-01        9.0E+00 sM
    22      0  1.0E+00     44 (5.0E-09)(1.8E-07) 7.0948363E-01        9.0E+00
 SNOPTC EXIT   0 -- finished successfully
 SNOPTC INFO   1 -- optimality conditions satisfied

 Problem name                 N2
 No. of iterations                 447   Objective            7.0948363348E-01
 No. of major iterations            22   Linear    obj. term  7.0948363348E-01
 Penalty parameter           9.033E+00   Nonlinear obj. term  0.0000000000E+00
 User function calls (total)        44
 No. of degenerate steps           133   Percentage                      29.75
 Max x                      27 6.9E+02   Max pi                    223 4.6E+00
 Max Primal infeas         554 3.5E-06   Max Dual infeas           527 2.9E-04
 Nonlinear constraint violn    3.5E-06

 Solution not printed
 Time for solving problem                       0.00 seconds
 Time for constraint functions                  0.00 seconds
 Time for objective function                    0.00 seconds

 Root node solved locally optimal.
   Node  Act. Lev.  Objective  IInf  Best Int.   Best Bound   Gap  (0 secs)
      0     2   0       0.7095   9            -       0.7095         -
      1     3   1       0.7079   5            -       0.7095         -
      2     2   2      ignored   -            -       0.7095         - (4,6)
      3     1   2      ignored   -            -       0.7095         - (4,6)
      4     0   1      ignored   -            -            -         - (4,6)
 Integer infeasible
 Statistics:
    Iterations    :              4809
    NLP Seconds   :          1.322000
    B&B nodes     :                 4
    Ignored nodes :                 3
    MIP solution  :                 -
    Best possible :                 -
    Absolute gap  :                 -     optca :1.0000e-09
    Relative gap  :         -1.000000     optcr :  0.000001
    Model Status  :                10
    Solver Status :                 1

 NLP Solver Statistics
    Total Number of NLP solves  :          6
    Total Number of NLP failures:          3
    Details:          snopt
      # execs             6
      # failures          3
 Terminating.
--- Reading solution for model N2
--- Executing after solve: elapsed 0:01:49.165
--- Case2_CBS.gms(647) 4 Mb--- Case2_CBS.gms(663) 4 Mb
--- GDX File (execute_unload) /home/ps/ce-fs2/tk3016/proper_comparison/classifier/Process/Paper/Case2_CBS50.gdx
*** Status: Normal completion
--- Job Case2_CBS.gms Stop 05/09/24 15:47:07 elapsed 0:01:49.205

Execution Time : ce-l208 : User 108.71  System 0.10  Elapsed 1:49.23

done
