Warning: no access to tty (Bad file descriptor).
Thus no job control in this shell.
SHELL=/bin/csh
Hostname=ce-l208
Scratch dir=/work/tk3016/gams/Crystallisation_Ibuprofen_classify_deep.2747971.wk
Parameters=
Gams command= gams  Crystallisation_Ibuprofen_classify_deep.gms procDirPath=/work/tk3016/gams/Crystallisation_Ibuprofen_classify_deep.2747971.wk O=Crystallisation_Ibuprofen_classify_deep.2747971.lst lo=3 SolveLink=5 
Allocated cpu cores= 24
Requested Gams threads= 24
Allocated Gams threads= 24
--- Job Crystallisation_Ibuprofen_classify_deep.gms Start 09/07/23 09:40:55 42.3.0 dacf7d8e LEX-LEG x86 64bit/Linux
--- Applying:
    /rvol/GAMS/gams42.3_linux_x64_64_sfx/gmsprmun.txt
--- GAMS Parameters defined
    Input /home/ps/ce-fs2/tk3016/proper_comparison/classifier/Process/Crystallisation_Ibuprofen_classify_deep.gms
    Output /home/ps/ce-fs2/tk3016/proper_comparison/classifier/Process/Crystallisation_Ibuprofen_classify_deep.2747971.lst
    ScrDir /work/tk3016/gams/Crystallisation_Ibuprofen_classify_deep.2747971.wk/225a/
    SysDir /rvol/GAMS/gams42.3_linux_x64_64_sfx/
    LogOption 3
    SolveLink 5
    Threads 24
    ProcDirPath /work/tk3016/gams/Crystallisation_Ibuprofen_classify_deep.2747971.wk
Licensee: Medium MUD - 10 User License                   S220602|0002AP-LNX
          Imperial College London, Centre for Process Systems EngineerDC621
          /rvol/GAMS/res/.rtspvr3/GAMS/gamslice.txt
          License Admin: Graham Stuart, g.stuart@imperial.ac.uk            
Processor information: 2 socket(s), 24 core(s), and 24 thread(s) available
GAMS 42.3.0   Copyright (C) 1987-2023 GAMS Development. All rights reserved
--- Starting compilation
--- Crystallisation_Ibuprofen_classify_deep.gms(38) 3 Mb
--- GDXin=/home/ps/ce-fs2/tk3016/proper_comparison/classifier/Process/Case2_lle.gdx
--- GDX File ($gdxIn) /home/ps/ce-fs2/tk3016/proper_comparison/classifier/Process/Case2_lle.gdx
--- Crystallisation_Ibuprofen_classify_deep.gms(66) 3 Mb
--- GDXin=/home/ps/ce-fs2/tk3016/proper_comparison/classifier/Process/Case2_lle.gdx
--- GDX File ($gdxIn) /home/ps/ce-fs2/tk3016/proper_comparison/classifier/Process/Case2_lle.gdx
--- Crystallisation_Ibuprofen_classify_deep.gms(71) 3 Mb
--- GDXin=/home/ps/ce-fs2/tk3016/proper_comparison/classifier/Process/Case2_lle.gdx
--- GDX File ($gdxIn) /home/ps/ce-fs2/tk3016/proper_comparison/classifier/Process/Case2_lle.gdx
--- Crystallisation_Ibuprofen_classify_deep.gms(76) 3 Mb
--- GDXin=/home/ps/ce-fs2/tk3016/proper_comparison/classifier/Process/Case2_lle.gdx
--- GDX File ($gdxIn) /home/ps/ce-fs2/tk3016/proper_comparison/classifier/Process/Case2_lle.gdx
--- Crystallisation_Ibuprofen_classify_deep.gms(81) 3 Mb
--- GDXin=/home/ps/ce-fs2/tk3016/proper_comparison/classifier/Process/Case2_lle.gdx
--- GDX File ($gdxIn) /home/ps/ce-fs2/tk3016/proper_comparison/classifier/Process/Case2_lle.gdx
--- Crystallisation_Ibuprofen_classify_deep.gms(86) 3 Mb
--- GDXin=/home/ps/ce-fs2/tk3016/proper_comparison/classifier/Process/Case2_lle.gdx
--- GDX File ($gdxIn) /home/ps/ce-fs2/tk3016/proper_comparison/classifier/Process/Case2_lle.gdx
--- Crystallisation_Ibuprofen_classify_deep.gms(91) 3 Mb
--- GDXin=/home/ps/ce-fs2/tk3016/proper_comparison/classifier/Process/Case2_lle.gdx
--- GDX File ($gdxIn) /home/ps/ce-fs2/tk3016/proper_comparison/classifier/Process/Case2_lle.gdx
--- Crystallisation_Ibuprofen_classify_deep.gms(96) 3 Mb
--- GDXin=/home/ps/ce-fs2/tk3016/proper_comparison/classifier/Process/Case2_lle.gdx
--- GDX File ($gdxIn) /home/ps/ce-fs2/tk3016/proper_comparison/classifier/Process/Case2_lle.gdx
--- Crystallisation_Ibuprofen_classify_deep.gms(101) 3 Mb
--- GDXin=/home/ps/ce-fs2/tk3016/proper_comparison/classifier/Process/Case2_lle.gdx
--- GDX File ($gdxIn) /home/ps/ce-fs2/tk3016/proper_comparison/classifier/Process/Case2_lle.gdx
--- Crystallisation_Ibuprofen_classify_deep.gms(106) 3 Mb
--- GDXin=/home/ps/ce-fs2/tk3016/proper_comparison/classifier/Process/Case2_lle.gdx
--- GDX File ($gdxIn) /home/ps/ce-fs2/tk3016/proper_comparison/classifier/Process/Case2_lle.gdx
--- Crystallisation_Ibuprofen_classify_deep.gms(111) 3 Mb
--- GDXin=/home/ps/ce-fs2/tk3016/proper_comparison/classifier/Process/Case2_lle.gdx
--- GDX File ($gdxIn) /home/ps/ce-fs2/tk3016/proper_comparison/classifier/Process/Case2_lle.gdx
--- Crystallisation_Ibuprofen_classify_deep.gms(662) 3 Mb
--- Starting execution: elapsed 0:00:00.057
--- Crystallisation_Ibuprofen_classify_deep.gms(646) 4 Mb
--- Generating MINLP model N2
--- Crystallisation_Ibuprofen_classify_deep.gms(647) 6 Mb
--- Reset Solvelink = 2
--- LOOPS ics = 1
---   478 rows  427 columns  1,898 non-zeroes
---   3,130 nl-code  960 nl-non-zeroes
---   46 discrete-columns
--- Range statistics (absolute non-zero finite values)
--- RHS       [min, max] : [ 1.845E-03, 1.001E+03] - Zero values observed as well
--- Bound     [min, max] : [ 1.000E-10, 2.000E+03] - Zero values observed as well
--- Matrix    [min, max] : [ 2.024E-10, 2.723E+04] - Zero values observed as well
--- Crystallisation_Ibuprofen_classify_deep.gms(647) 4 Mb
--- Executing SBB (Solvelink=2): elapsed 0:00:00.073

Simple B&B       42.3.0 dacf7d8e Mar 2, 2023           LEG x86 64bit/Linux    

 427 columns (46 discrete), 478 rows, 1898 nonzeros

SNOPT            42.3.0 dacf7d8e Mar 2, 2023           LEG x86 64bit/Linux    


 ==============================
 S N O P T  7.7.7    (Feb 2021)
 ==============================
 SNMEMB EXIT 100 -- finished successfully
 SNMEMB INFO 104 -- memory requirements estimated

 Nonlinear constraints     275     Linear constraints     203
 Nonlinear variables       371     Linear variables        55
 Jacobian  variables       371     Objective variables    371
 Total constraints         478     Total variables        426
 The user has defined    1154   out of    1154   constraint gradients.
 The user has defined     371   out of     371   objective  gradients.

        Minor NumInf  FP mult  FP step   rgNorm         SumInf     nS
          100      1  3.8E+00  9.8E-10           4.8819739E-01

 Major Minors     Step   nCon Feasible  Optimal  MeritFunction     nS Penalty
     0    187               1  9.2E-02  1.0E+00  9.9862999E-01      4           r i
     1     16  6.4E-02      2  8.6E-02  1.0E+00 -4.4395041E+04      7 2.9E+01   rli
     2     32  1.5E-01      4  7.4E-02  9.5E-01 -4.5066984E+04      4 3.0E+01 sm li
     3     74  1.0E+00      5  1.0E-01  1.0E+00  4.3016400E+04      4 3.0E+01     i
     4     12  1.0E+00      6  1.8E-02  1.0E+00 -2.5554738E+03      8 2.7E+01     i
     5      6  1.0E+00      7  9.3E-04  5.6E-01 -9.3065658E-01      8 9.1E+00     i
     6      6  1.0E+00      9 (9.4E-07) 5.7E-04  9.8015944E-01      7 9.1E+00 sM  i
     7      4  7.0E-01     13  1.0E-04  6.1E-02  9.9321163E-01      6 9.1E+00  m  i
     8      3  2.3E-01     17  8.6E-05  5.2E-02  9.8607344E-01      6 9.6E+00  m  i
     9      3  1.0E+00     18  2.0E-06  1.2E-03  9.8655162E-01      4 9.9E+00     i

 Major Minors     Step   nCon Feasible  Optimal  MeritFunction     nS Penalty
    10      1  1.0E+00     19  5.3E-05  3.2E-02  9.8839748E-01      4 9.9E+00     i
    11      1  1.0E+00     20 (7.8E-07) 4.7E-04  9.8927924E-01      4 9.9E+00     i
    12      2  1.0E+00     21 (6.4E-09) 3.9E-06  9.8929447E-01      3 9.9E+00 s r i
    13      1  1.4E-01     24  8.5E-06  5.1E-03  9.8951293E-01      3 9.9E+00 s   i
    14      1  1.3E-01     27  1.2E-05  7.3E-03  9.8964052E-01      3 9.9E+00     i
    15      1  1.3E-01     30  1.4E-05  8.6E-03  9.8976651E-01      3 9.9E+00     i
    16      1  1.4E-01     33  1.5E-05  9.3E-03  9.8990451E-01      3 9.9E+00     i
    17      1  1.7E-01     36  1.6E-05  9.7E-03  9.9006217E-01      3 9.9E+00     i
    18      1  3.4E-01     38  2.0E-05  1.2E-02  9.9018447E-01      3 9.9E+00     i
    19      1  4.8E-01     40  1.8E-05  1.1E-02  9.9055540E-01      3 9.9E+00     i

 Major Minors     Step   nCon Feasible  Optimal  MeritFunction     nS Penalty
    20      1  1.0E+00     41  9.7E-06  5.8E-03  9.9117501E-01      3 9.9E+00     i
    21      1  1.0E+00     42 (4.2E-08) 3.4E-04  9.9131631E-01      3 9.9E+00     i
    22      1  5.7E-01     44  2.1E-06  1.2E-03  9.9136989E-01      3 9.9E+00     i
    23      5  1.0E+00     45  3.0E-06  1.8E-03  9.9137949E-01      3 9.9E+00   R i
    24      3  3.9E-01     47  1.8E-06  1.1E-03  9.9088909E-01      3 2.5E+02 s   i
    25      1  6.9E-01     49 (5.6E-07) 3.4E-04  9.9045381E-01      3 1.4E+03     i
    26      1  1.0E+00     50 (1.7E-08) 1.0E-05  9.9137497E-01      3 1.0E+02     i
    27      1  1.0E+00     51 (8.0E-12)(6.7E-13) 9.9138308E-01      3 4.6E+01 s   i
 SNOPTC EXIT   0 -- finished successfully
 SNOPTC INFO   1 -- optimality conditions satisfied

 Problem name                 N2
 No. of iterations                 370   Objective            9.9138307548E-01
 No. of major iterations            27   Linear    obj. term  9.9138307548E-01
 Penalty parameter           4.556E+01   Nonlinear obj. term  0.0000000000E+00
 User function calls (total)        51
 No. of superbasics                  3   No. of basic nonlinears           345
 No. of degenerate steps           138   Percentage                      37.30
 Max x                      27 6.0E+02   Max pi                     21 1.0E+10
 Max Primal infeas         429 4.8E-09   Max Dual infeas            76 6.7E-03
 Nonlinear constraint violn    4.8E-09

 Solution not printed
 Time for solving problem                       0.06 seconds
 Time for constraint functions                  0.00 seconds
 Time for objective function                    0.00 seconds

 Root node solved locally optimal.
   Node  Act. Lev.  Objective  IInf  Best Int.   Best Bound   Gap  (0 secs)
      0     2   0       0.9914  13            -       0.9914         -
      1     3   1       0.9909  10            -       0.9914         -
      2     2   2   infeasible   -            -       0.9914         -
      3     3   2       0.5000  14            -       0.9914         -
      4     4   3       0.7095   9            -       0.9914         -
      5     5   4       0.7079   5            -       0.9914         -
      6     6   5       0.7045   5            -       0.9914         -
      7     5   6   infeasible   -            -       0.9914         -
      8     6   6       0.5188   5            -       0.9914         -
*     9     3   7       0.5378   0       0.5378       0.9914  0.457495
     10     4   1       0.5921   3       0.5378       0.7095  0.241941
     11     3   4       pruned   -       0.5378       0.7079  0.240247
*    12     2   5       0.5493   0       0.5493       0.5921  0.072289
*    13     0   2       0.6972   0       0.6972       0.6972  0.000000
 Integer solution
 Statistics:
    Iterations    :              7497
    NLP Seconds   :          1.508000
    B&B nodes     :                13
    MIP solution  :          0.697159 found in node 13
    Best possible :          0.697159
    Absolute gap  :          0.000000     optca :1.0000e-09
    Relative gap  :          0.000000     optcr :  0.000001
    Model Status  :                 8
    Solver Status :                 1

 Non convex model!
    # jumps in best bound       :                 1
    Maximum jump in best bound  :          0.105083 in node 13
    # jumps to better objective :                 3
    Maximum jump in objective   :          0.209474 in node 4

 NLP Solver Statistics
    Total Number of NLP solves  :         15
    Total Number of NLP failures:          0
    Details:          snopt
      # execs            15
      # failures          0
 Terminating.
--- Reading solution for model N2
--- Executing after solve: elapsed 0:00:01.708
--- Crystallisation_Ibuprofen_classify_deep.gms(646) 4 Mb
--- Generating MINLP model N2
--- Crystallisation_Ibuprofen_classify_deep.gms(647) 6 Mb
--- Reset Solvelink = 2
--- LOOPS ics = 2
---   479 rows  427 columns  1,914 non-zeroes
---   3,130 nl-code  960 nl-non-zeroes
---   46 discrete-columns
--- Range statistics (absolute non-zero finite values)
--- RHS       [min, max] : [ 1.845E-03, 1.001E+03] - Zero values observed as well
--- Bound     [min, max] : [ 1.000E-10, 2.000E+03] - Zero values observed as well
--- Matrix    [min, max] : [ 1.208E-20, 6.000E+02] - Zero values observed as well
--- Crystallisation_Ibuprofen_classify_deep.gms(647) 4 Mb
--- Executing SBB (Solvelink=2): elapsed 0:00:01.715

Simple B&B       42.3.0 dacf7d8e Mar 2, 2023           LEG x86 64bit/Linux    

 427 columns (46 discrete), 479 rows, 1914 nonzeros

SNOPT            42.3.0 dacf7d8e Mar 2, 2023           LEG x86 64bit/Linux    


 ==============================
 S N O P T  7.7.7    (Feb 2021)
 ==============================
 SNMEMB EXIT 100 -- finished successfully
 SNMEMB INFO 104 -- memory requirements estimated

 Nonlinear constraints     275     Linear constraints     204
 Nonlinear variables       371     Linear variables        55
 Jacobian  variables       371     Objective variables    371
 Total constraints         479     Total variables        426
 The user has defined    1154   out of    1154   constraint gradients.
 The user has defined     371   out of     371   objective  gradients.

        Minor NumInf  FP mult  FP step   rgNorm         SumInf     nS
          100      5 -9.7E-02  2.7E+00           1.3978943E-01

 Major Minors     Step   nCon Feasible  Optimal  MeritFunction     nS Penalty
     0    144               1  8.0E-02  2.2E-02  6.9703942E-01      2           r
     1     10  9.6E-02      2  7.2E-02  9.2E-01 -2.5096248E+02      4 2.6E-01   rli
     2      3  2.9E-02      3  7.0E-02  9.7E-01 -3.8241909E+03      2 4.7E+00 s  li
     3      4  1.0E+00      4  8.0E-03  1.0E+00 -6.2291308E+01      2 4.7E+00     i
     4      1  1.0E+00      5  1.1E-03  5.2E-01  3.7746021E-01      2 4.7E+00     i
     5      1  1.0E+00      6  2.1E-06  9.7E-04  6.2246751E-01      2 4.7E+00     i
     6      3  1.0E+00      7 (1.0E-11) 1.0E-02  6.2247091E-01      1 4.7E+00 s   i
     7      1  3.1E-02     12  4.2E-05  1.9E-02  6.2649358E-01      1 4.7E+00     i
     8      1  2.7E-02     17  7.4E-05  3.4E-02  6.3011411E-01      1 4.7E+00     i
     9      1  2.5E-02     22  1.0E-04  4.7E-02  6.3339172E-01      1 4.7E+00     i

 Major Minors     Step   nCon Feasible  Optimal  MeritFunction     nS Penalty
    10      1  9.0E-03     26  1.0E-04  4.8E-02  6.3467352E-01      1 4.7E+00     i
    11      1  9.0E-03     30  1.1E-04  4.9E-02  6.3593833E-01      1 4.7E+00     i
    12     45  8.9E-03     34  1.1E-04  5.1E-02  6.3718727E-01      3 4.7E+00   R i
    13      6  1.0E+00     36 (5.5E-08) 1.6E-02  6.3840269E-01        4.7E+00 sM  i
    14      0  2.4E-02     42  3.2E-05  1.5E-02  6.4271284E-01        4.7E+00  m  i
    15      0  8.0E-03     46  3.5E-05  1.1E-01  6.4420589E-01        4.7E+00  m  i
    16      0  7.9E-03     50  3.8E-05  4.2E-02  6.4567392E-01        4.7E+00  m  i
    17      0  7.8E-03     54  4.1E-05  1.7E-01  6.4711809E-01        4.7E+00  m  i
    18      5  7.8E-03     58  4.4E-05  2.0E-02  6.4853890E-01        4.7E+00  m  i
    19      0  7.7E-03     63  4.7E-05  2.2E-02  6.4993652E-01        4.7E+00  m  i

 Major Minors     Step   nCon Feasible  Optimal  MeritFunction     nS Penalty
    20      0  7.6E-03     67  5.0E-05  2.3E-02  6.5130758E-01        4.7E+00  m  i
    21      1  7.5E-03     71  5.3E-05  7.2E-01  6.5265306E-01        4.7E+00  m  i
    22      1  7.5E-03     75  5.5E-05  2.5E-02  6.5397063E-01        4.7E+00  m  i
    23     13  7.4E-03     79  5.8E-05  2.6E-02  6.5526723E-01      2 4.7E+00  mr i
    24      4  4.0E-01     81  2.4E-04  1.1E-01  6.6012712E-01        4.7E+00 s   i
    25      0  6.3E-03     85  2.4E-04  1.1E-01  6.6109184E-01        4.7E+00     i
    26      0  6.3E-03     89  2.4E-04  1.1E-01  6.6204452E-01        4.7E+00     i
    27      0  6.2E-03     93  2.4E-04  1.1E-01  6.6298583E-01        4.7E+00     i
    28      0  6.2E-03     97  2.4E-04  1.1E-01  6.6391611E-01        4.7E+00     i
    29      0  6.2E-03    101  2.4E-04  1.1E-01  6.6483566E-01        4.7E+00     i

 Major Minors     Step   nCon Feasible  Optimal  MeritFunction     nS Penalty
    30      0  6.2E-03    105  2.4E-04  1.1E-01  6.6574478E-01        4.7E+00     i
    31      0  6.1E-03    109  2.4E-04  1.1E-01  6.6664376E-01        4.7E+00     i
    32      0  6.1E-03    113  2.4E-04  1.1E-01  6.6753288E-01        4.7E+00     i
    33      0  6.1E-03    117  2.4E-04  1.1E-01  6.6841240E-01        4.7E+00     i
    34     33  6.1E-03    121  2.4E-04  1.1E-01  6.6928257E-01      4 4.7E+00   R i
    35      9  1.0E+00    123 (6.8E-08) 1.2E-02  6.7553746E-01        4.7E+00 sM  i
    36      0  2.3E-02    129  2.2E-05  1.4E-02  6.7861404E-01        4.7E+00  m  i
    37      0  7.7E-03    133  2.5E-05  1.1E-02  6.7966558E-01        4.7E+00  m  i
    38      8  7.6E-03    137  2.7E-05  5.3E-01  6.8069493E-01      1 4.7E+00  m  i
    39      4  7.4E-03    142  3.0E-05  6.7E-02  6.8177740E-01        4.7E+00  m  i

 Major Minors     Step   nCon Feasible  Optimal  MeritFunction     nS Penalty
    40      0  7.5E-03    147  3.3E-05  2.2E-01  6.8294178E-01        4.7E+00  m  i
    41      1  7.5E-03    151  3.5E-05  1.6E-02  6.8407769E-01        4.7E+00  m  i
    42      0  7.3E-03    156  3.8E-05  4.7E-02  6.8516287E-01        4.7E+00  m  i
    43      0  7.2E-03    160  4.1E-05  1.8E-02  6.8621678E-01        4.7E+00     i
    44      0  7.2E-03    164  4.3E-05  1.9E-02  6.8724082E-01        4.7E+00     i
    45     10  7.1E-03    168  4.6E-05  2.1E-02  6.8823620E-01      2 4.7E+00   r i
    46      2  5.6E-01    170  2.5E-04  1.1E-01  6.9502951E-01        4.7E+00 s   i
    47      0  6.8E-03    174  2.5E-04  1.1E-01  6.9578937E-01        4.7E+00     i
    48      0  6.7E-03    178  2.5E-04  1.1E-01  6.9654171E-01        4.7E+00     i
    49      0  6.7E-03    182  2.5E-04  1.1E-01  6.9728704E-01        4.7E+00     i

 Major Minors     Step   nCon Feasible  Optimal  MeritFunction     nS Penalty
    50      0  6.7E-03    186  2.5E-04  1.1E-01  6.9802554E-01        4.7E+00     i
    51      0  6.7E-03    190  2.5E-04  1.1E-01  6.9875740E-01        4.7E+00     i
    52      0  6.7E-03    194  2.5E-04  1.1E-01  6.9948278E-01        4.7E+00     i
    53      0  6.7E-03    198  2.4E-04  1.1E-01  7.0020185E-01        4.7E+00     i
    54      0  6.7E-03    202  2.4E-04  1.1E-01  7.0091478E-01        4.7E+00     i
    55      0  6.7E-03    206  2.4E-04  1.1E-01  7.0162173E-01        4.7E+00     i
    56     22  6.7E-03    210  2.4E-04  1.1E-01  7.0232284E-01      4 4.7E+00   R i
    57      8  4.6E-01    212  1.8E-04  7.5E-02  7.0231089E-01      4 4.8E+00 s   i
    58      1  4.6E-01    214  1.8E-04  7.6E-02  7.0422026E-01      4 4.8E+00     i
    59      1  4.0E-01    216  1.6E-04  6.4E-02  7.0490233E-01      4 4.8E+00     i

 Major Minors     Step   nCon Feasible  Optimal  MeritFunction     nS Penalty
    60      1  3.8E-01    218  1.4E-04  5.5E-02  7.0537186E-01      4 4.8E+00     i
    61      1  3.6E-01    220  1.3E-04  4.9E-02  7.0566044E-01      4 4.8E+00     i
    62      7  3.4E-01    222  1.1E-04  4.4E-02  7.0584712E-01      4 4.8E+00     i
    63     25  3.3E-01    224  1.1E-04  4.0E-02  7.0598098E-01      4 4.8E+00     i
    64      1  1.0E+00    225  2.6E-05  9.7E-03  7.0641358E-01      4 4.8E+00     i
    65      8  6.7E-01    227  2.4E-05  9.0E-03  7.0642799E-01      4 4.9E+00     i
    66      1  1.0E+00    229  7.3E-06  2.7E-03  7.0660502E-01      4 4.9E+00  m  i
    67      1  1.0E+00    231 (1.0E-09)(1.8E-11) 7.0660810E-01      4 4.9E+00     i
 SNOPTC EXIT   0 -- finished successfully
 SNOPTC INFO   1 -- optimality conditions satisfied

 Problem name                 N2
 No. of iterations                 456   Objective            7.0660810239E-01
 No. of major iterations            67   Linear    obj. term  7.0660810239E-01
 Penalty parameter           4.894E+00   Nonlinear obj. term  0.0000000000E+00
 User function calls (total)       231
 No. of superbasics                  4   No. of basic nonlinears           344
 No. of degenerate steps           158   Percentage                      34.65
 Max x                      27 3.7E+02   Max pi                    277 1.0E+10
 Max Primal infeas         700 3.7E-07   Max Dual infeas            75 1.8E-01
 Nonlinear constraint violn    3.7E-07

 Solution not printed
 Time for solving problem                       0.12 seconds
 Time for constraint functions                  0.00 seconds
 Time for objective function                    0.00 seconds

 Root node solved locally optimal.
   Node  Act. Lev.  Objective  IInf  Best Int.   Best Bound   Gap  (0 secs)
      0     2   0       0.8690  10            -       0.8690         -
      1     3   1       0.5806   3            -       0.8690         -
      2     2   2   infeasible   -            -       0.8690         -
      3     1   2   infeasible   -            -       0.8690         -
      4     2   1       0.6494  21            -       0.6494         -
      5     3   2       0.9868  12            -       0.9868         -
      6     4   3       0.9910   9            -       0.9910         -
      7     3   4   infeasible   -            -       0.9910         -
      8     2   4   infeasible   -            -       0.9868         -
      9     1   3   infeasible   -            -       0.6494         -
     10     2   2       0.7079   5            -       0.7079         -
     11     3   3       0.7045   5            -       0.7079         -
     12     2   4      ignored   -            -       0.7079         - (4,6)
*    13     1   4       0.5378   0       0.5378       0.7079  0.240246
     14     0   3   infeasible   -       0.5378       0.5378  0.000000
 Integer solution
 Statistics:
    Iterations    :             16681
    NLP Seconds   :          1.741000
    B&B nodes     :                14
    Ignored nodes :                 1
    MIP solution  :          0.537831 found in node 13
    Best possible :          0.537831
    Absolute gap  :          0.000000     optca :1.0000e-09
    Relative gap  :          0.000000     optcr :  0.000001
    Model Status  :                 8
    Solver Status :                 1

 Non convex model!
    # jumps in best bound       :                 3
    Maximum jump in best bound  :          0.337382 in node 5
    # jumps to better objective :                 3
    Maximum jump in objective   :          0.337382 in node 5

 NLP Solver Statistics
    Total Number of NLP solves  :         16
    Total Number of NLP failures:          1
    Details:          snopt
      # execs            16
      # failures          1
 Terminating.
--- Reading solution for model N2
--- Executing after solve: elapsed 0:00:03.546
--- Crystallisation_Ibuprofen_classify_deep.gms(646) 4 Mb
--- Generating MINLP model N2
--- Crystallisation_Ibuprofen_classify_deep.gms(647) 6 Mb
--- Reset Solvelink = 2
--- LOOPS ics = 3
---   480 rows  427 columns  1,930 non-zeroes
---   3,130 nl-code  960 nl-non-zeroes
---   46 discrete-columns
--- Range statistics (absolute non-zero finite values)
--- RHS       [min, max] : [ 1.845E-03, 1.001E+03] - Zero values observed as well
--- Bound     [min, max] : [ 1.000E-10, 2.000E+03] - Zero values observed as well
--- Matrix    [min, max] : [ 1.868E-18, 6.000E+02] - Zero values observed as well
--- Crystallisation_Ibuprofen_classify_deep.gms(647) 4 Mb
--- Executing SBB (Solvelink=2): elapsed 0:00:03.552

Simple B&B       42.3.0 dacf7d8e Mar 2, 2023           LEG x86 64bit/Linux    

 427 columns (46 discrete), 480 rows, 1930 nonzeros

SNOPT            42.3.0 dacf7d8e Mar 2, 2023           LEG x86 64bit/Linux    


 ==============================
 S N O P T  7.7.7    (Feb 2021)
 ==============================
 SNMEMB EXIT 100 -- finished successfully
 SNMEMB INFO 104 -- memory requirements estimated

 Nonlinear constraints     275     Linear constraints     205
 Nonlinear variables       371     Linear variables        55
 Jacobian  variables       371     Objective variables    371
 Total constraints         480     Total variables        426
 The user has defined    1154   out of    1154   constraint gradients.
 The user has defined     371   out of     371   objective  gradients.

        Minor NumInf  FP mult  FP step   rgNorm         SumInf     nS
          100      4  2.0E+02  1.2E-11           5.4890213E-02

 Major Minors     Step   nCon Feasible  Optimal  MeritFunction     nS Penalty
     0    134               1  2.2E-02  4.7E-03  5.3793000E-01      3           r
     1      1  7.3E-02      2  2.1E-02  4.3E-03 -5.0761510E+00      3 7.7E-02   rl
     2     21  7.7E-02      3  1.9E-02  4.0E-01 -1.0656911E+01      6 1.7E-01 s  l
     3      8  1.0E+00      4  4.5E-04  7.0E-03  5.3139911E-01      5 1.7E-01
     4      5  1.0E+00      6  1.1E-05  1.6E-02  5.3525796E-01      4 1.7E-01  m
     5      5  1.0E+00      7  2.7E-05  9.0E-02  5.3693826E-01      6 1.7E-01
     6     16  1.0E+00      8  5.4E-04  5.2E-02  5.4274543E-01      6 1.7E-01
     7      5  1.0E+00     10  2.6E-03  1.4E-01  5.5819656E-01      4 1.7E-01  m
     8      3  1.0E+00     12  2.8E-03  8.3E-02  5.7250027E-01      4 1.7E-01  m
     9      3  1.0E+00     13  8.1E-05  4.9E-02  5.7419878E-01      4 1.7E-01

 Major Minors     Step   nCon Feasible  Optimal  MeritFunction     nS Penalty
    10      2  1.0E+00     14  1.6E-05  2.3E-02  5.7687272E-01      3 1.7E-01
    11      2  1.0E+00     16  1.4E-06  1.2E-01  5.7801114E-01      3 1.7E-01  m
    12      5  1.0E+00     18  1.4E-04  1.2E-03  5.8989847E-01      4 1.7E-01  mR
    13      5  1.0E+00     19 (8.1E-07) 3.5E-05  5.9029568E-01      2 1.7E-01 s
    14     11  1.0E+00     21  6.2E-04  1.7E-01  6.6298850E-01      1 1.7E-01  m
    15      6  1.0E+00     23  4.2E-04  3.1E-01  6.9773109E-01      1 1.7E-01  m
    16      6  1.0E+00     25  9.9E-05  1.6E-01  7.0486861E-01      1 1.7E-01  m
    17      2  1.0E+00     26  1.5E-05  1.2E-02  7.0941805E-01      1 1.7E-01
    18      1  1.0E+00     27 (9.8E-07) 7.0E-04  7.0947217E-01        1.8E-01
    19      0  1.0E+00     28 (5.3E-10)(8.3E-10) 7.0948363E-01        1.8E-01
 SNOPTC EXIT   0 -- finished successfully
 SNOPTC INFO   1 -- optimality conditions satisfied

 Problem name                 N2
 No. of iterations                 323   Objective            7.0948363157E-01
 No. of major iterations            19   Linear    obj. term  7.0948363157E-01
 Penalty parameter           1.800E-01   Nonlinear obj. term  0.0000000000E+00
 User function calls (total)        28
 No. of degenerate steps           130   Percentage                      40.25
 Max x                      27 6.9E+02   Max pi                    223 4.6E+00
 Max Primal infeas         458 3.7E-07   Max Dual infeas            45 3.8E-09
 Nonlinear constraint violn    3.7E-07

 Solution not printed
 Time for solving problem                       0.06 seconds
 Time for constraint functions                  0.00 seconds
 Time for objective function                    0.00 seconds

 Root node solved locally optimal.
   Node  Act. Lev.  Objective  IInf  Best Int.   Best Bound   Gap  (0 secs)
      0     2   0       0.7095   9            -       0.7095         -
      1     3   1       0.7079   5            -       0.7095         -
      2     2   2   infeasible   -            -       0.7095         -
*     3     1   2       0.5493   0       0.5493       0.7095  0.225809
      4     2   1       0.7062   8       0.5493       0.7062  0.222186
      5     3   2       0.6525   4       0.5493       0.7062  0.222186
      6     4   2       0.7053   6       0.5493       0.7053  0.221221
      7     3   3       pruned   -       0.5493       0.7053  0.221221
      8     2   3      ignored   -       0.5493       0.6525  0.158168 (4,6)
      9     3   3       0.5569   6       0.5493       0.6525  0.158168
*    10     2   3       0.5493   0       0.5493       0.5569  0.013654
     11     1   4   infeasible   -       0.5493       0.5569  0.013654
     12     0   4       pruned   -       0.5493       0.5493  0.000000
 Integer solution
 Statistics:
    Iterations    :              4070
    NLP Seconds   :         10.786000
    B&B nodes     :                12
    Ignored nodes :                 1
    MIP solution  :          0.549276 found in node 10
    Best possible :          0.549276
    Absolute gap  :          0.000000     optca :1.0000e-09
    Relative gap  :          0.000000     optcr :  0.000001
    Model Status  :                 8
    Solver Status :                 1

 NLP Solver Statistics
    Total Number of NLP solves  :         14
    Total Number of NLP failures:          1
    Details:          snopt
      # execs            14
      # failures          1
 Terminating.
--- Reading solution for model N2
--- Executing after solve: elapsed 0:00:14.442
--- Crystallisation_Ibuprofen_classify_deep.gms(646) 4 Mb
--- Generating MINLP model N2
--- Crystallisation_Ibuprofen_classify_deep.gms(647) 6 Mb
--- Reset Solvelink = 2
--- LOOPS ics = 4
---   481 rows  427 columns  1,946 non-zeroes
---   3,130 nl-code  960 nl-non-zeroes
---   46 discrete-columns
--- Range statistics (absolute non-zero finite values)
--- RHS       [min, max] : [ 1.845E-03, 1.001E+03] - Zero values observed as well
--- Bound     [min, max] : [ 1.000E-10, 2.000E+03] - Zero values observed as well
--- Matrix    [min, max] : [ 1.045E-20, 6.000E+02] - Zero values observed as well
--- Crystallisation_Ibuprofen_classify_deep.gms(647) 4 Mb
--- Executing SBB (Solvelink=2): elapsed 0:00:14.449

Simple B&B       42.3.0 dacf7d8e Mar 2, 2023           LEG x86 64bit/Linux    

 427 columns (46 discrete), 481 rows, 1946 nonzeros

SNOPT            42.3.0 dacf7d8e Mar 2, 2023           LEG x86 64bit/Linux    


 ==============================
 S N O P T  7.7.7    (Feb 2021)
 ==============================
 SNMEMB EXIT 100 -- finished successfully
 SNMEMB INFO 104 -- memory requirements estimated

 Nonlinear constraints     275     Linear constraints     206
 Nonlinear variables       371     Linear variables        55
 Jacobian  variables       371     Objective variables    371
 Total constraints         481     Total variables        426
 The user has defined    1154   out of    1154   constraint gradients.
 The user has defined     371   out of     371   objective  gradients.

        Minor NumInf  FP mult  FP step   rgNorm         SumInf     nS
          100      5 -1.3E+01  5.8E-11           1.5570293E-01

 Major Minors     Step   nCon Feasible  Optimal  MeritFunction     nS Penalty
     0    143               1  1.9E-03  1.0E+00  5.4931171E-01      1           r i
     1     14  2.5E-01      2  1.4E-03  7.8E-01 -1.3447885E+01      3 3.1E+01   rli
     2     38  6.4E-01      4  5.2E-04  4.5E+01 -1.9039730E+01      3 1.3E+02 sm l
     3     15  1.0E+00      6  1.3E-05  7.0E+02  5.7814496E-01     11 1.3E+01  m
     4     14  1.0E+00      7 (5.4E-09) 2.9E-01  5.4864655E-01      2 1.2E+03 s
     5      6  2.7E-01     10  6.3E-06  2.0E+00  5.4969479E-01      2 7.6E+01
     6      4  4.0E-01     13  1.4E-05  9.1E-01  5.5107304E-01      1 4.0E+01  m
     7      1  1.0E+00     15  5.3E-05  1.5E+00  5.7242318E-01      1 4.0E+01  m
     8      2  7.1E-01     18  2.9E-05  2.1E+00  5.7797329E-01        4.0E+01  m
     9      6  5.1E-01     21  3.2E-05  3.3E+02  5.8130106E-01      2 4.0E+01  m

 Major Minors     Step   nCon Feasible  Optimal  MeritFunction     nS Penalty
    10      3  1.0E+00     23  3.3E-05  7.0E+02  5.8457496E-01        4.0E+01  m
    11      8  3.7E-01     26  4.5E-05  2.7E-02  5.8943200E-01        4.0E+01  m  i
    12      4  3.8E-01     29  5.1E-05  3.1E-02  5.9583541E-01      1 4.0E+01  mR i
    13      1  1.0E+00     31  2.0E-05  1.2E-02  6.1499758E-01        4.0E+01 sm  i
    14      0  1.0E+00     33  1.3E-05  8.2E-03  6.2292953E-01        4.0E+01  m  i
    15      0  1.0E+00     34 (3.5E-09) 2.2E-06  6.2377568E-01        4.0E+01  m  i
    16      0  1.0E+00     35 (2.4E-10)(8.3E-12) 6.2377568E-01        4.0E+01     i
 SNOPTC EXIT   0 -- finished successfully
 SNOPTC INFO   1 -- optimality conditions satisfied

 Problem name                 N2
 No. of iterations                 328   Objective            6.2377568368E-01
 No. of major iterations            16   Linear    obj. term  6.2377568368E-01
 Penalty parameter           3.961E+01   Nonlinear obj. term  0.0000000000E+00
 User function calls (total)        35
 No. of degenerate steps           130   Percentage                      39.63
 Max x                      26 6.1E+02   Max pi                     21 1.0E+10
 Max Primal infeas         700 1.5E-07   Max Dual infeas           866 8.3E-02
 Nonlinear constraint violn    1.5E-07

 Solution not printed
 Time for solving problem                       0.06 seconds
 Time for constraint functions                  0.00 seconds
 Time for objective function                    0.00 seconds

 Root node solved locally optimal.
   Node  Act. Lev.  Objective  IInf  Best Int.   Best Bound   Gap  (0 secs)
      0     2   0       0.7095   9            -       0.7095         -
      1     3   1       0.7079   5            -       0.7095         -
      2     4   2       0.7045   5            -       0.7095         -
      3     3   3   infeasible   -            -       0.7095         -
      4     4   3       0.5040   6            -       0.7095         -
      5     5   4       0.5454   4            -       0.7095         -
      6     4   5   infeasible   -            -       0.7095         -
*     7     2   5       0.5159   0       0.5159       0.7095  0.272920
      8     3   1       0.5460   8       0.5159       0.7079  0.271295
      9     2   2   infeasible   -       0.5159       0.5460  0.055262
     10     3   2       0.7053   6       0.5159       0.7053  0.268610
     11     4   3       0.5348   5       0.5159       0.7053  0.268610
     12     3   3   infeasible   -       0.5159       0.5460  0.055262
     13     4   2       0.6525   4       0.5159       0.6525  0.209395
     14     3   3       pruned   -       0.5159       0.6525  0.209395
     15     4   3       0.5549   8       0.5159       0.5549  0.070356
     16     3   4       pruned   -       0.5159       0.5549  0.070356
     17     2   4   infeasible   -       0.5159       0.5348  0.035477
*    18     1   4       0.5307   0       0.5307       0.5348  0.007761
     19     0   4   infeasible   -       0.5307       0.5307  0.000000
 Integer solution
 Statistics:
    Iterations    :              6027
    NLP Seconds   :          0.789001
    B&B nodes     :                19
    MIP solution  :          0.530675 found in node 18
    Best possible :          0.530675
    Absolute gap  :          0.000000     optca :1.0000e-09
    Relative gap  :          0.000000     optcr :  0.000001
    Model Status  :                 8
    Solver Status :                 1

 Non convex model!
    # jumps in best bound       :                 2
    Maximum jump in best bound  :          0.159277 in node 10
    # jumps to better objective :                 3
    Maximum jump in objective   :          0.159277 in node 10

 NLP Solver Statistics
    Total Number of NLP solves  :         21
    Total Number of NLP failures:          0
    Details:          snopt
      # execs            21
      # failures          0
 Terminating.
--- Reading solution for model N2
--- Executing after solve: elapsed 0:00:15.327
--- Crystallisation_Ibuprofen_classify_deep.gms(646) 4 Mb
--- Generating MINLP model N2
--- Crystallisation_Ibuprofen_classify_deep.gms(647) 6 Mb
--- Reset Solvelink = 2
--- LOOPS ics = 5
---   482 rows  427 columns  1,962 non-zeroes
---   3,130 nl-code  960 nl-non-zeroes
---   46 discrete-columns
--- Range statistics (absolute non-zero finite values)
--- RHS       [min, max] : [ 1.845E-03, 1.001E+03] - Zero values observed as well
--- Bound     [min, max] : [ 1.000E-10, 2.000E+03] - Zero values observed as well
--- Matrix    [min, max] : [ 8.476E-17, 6.000E+02] - Zero values observed as well
--- Crystallisation_Ibuprofen_classify_deep.gms(647) 4 Mb
--- Executing SBB (Solvelink=2): elapsed 0:00:15.334

Simple B&B       42.3.0 dacf7d8e Mar 2, 2023           LEG x86 64bit/Linux    

 427 columns (46 discrete), 482 rows, 1962 nonzeros

SNOPT            42.3.0 dacf7d8e Mar 2, 2023           LEG x86 64bit/Linux    


 ==============================
 S N O P T  7.7.7    (Feb 2021)
 ==============================
 SNMEMB EXIT 100 -- finished successfully
 SNMEMB INFO 104 -- memory requirements estimated

 Nonlinear constraints     275     Linear constraints     207
 Nonlinear variables       371     Linear variables        55
 Jacobian  variables       371     Objective variables    371
 Total constraints         482     Total variables        426
 The user has defined    1154   out of    1154   constraint gradients.
 The user has defined     371   out of     371   objective  gradients.

        Minor NumInf  FP mult  FP step   rgNorm         SumInf     nS
          100      1 -7.6E+01  6.0E-11           2.1398965E-04

 Major Minors     Step   nCon Feasible  Optimal  MeritFunction     nS Penalty
     0    136               1  2.2E-04  1.7E-03  5.3067490E-01      5           r
     1     12  1.0E+00      2 (1.5E-07) 1.4E-03  5.3068016E-01      7 5.7E-01   r
     2      2  1.0E+00      4 (4.7E-11) 7.7E-04  5.3066580E-01      7 4.9E+03   r
     3     16  1.0E+00      6 (4.8E-11) 9.7E-04  5.3066784E-01      3 8.7E+01   r
     4      5  3.2E-02     11  3.2E-06  1.3E-02  5.3128343E-01        2.2E+01 s
     5      2  1.2E-01     16  7.1E-05  2.7E-02  5.4063154E-01      2 1.7E+01  m
     6      5  8.9E-02     22  9.5E-05  1.4E-02  5.4693658E-01        1.7E+01  M
     7      0  1.2E-01     26  1.3E-04  2.0E-02  5.5248919E-01        1.7E+01  M
     8      1  1.1E-01     29  1.5E-04  3.7E-01  5.5840068E-01        1.7E+01  m
     9      3  1.2E-01     33  1.6E-04  4.8E-02  5.6563062E-01      1 1.7E+01  m

 Major Minors     Step   nCon Feasible  Optimal  MeritFunction     nS Penalty
    10      1  1.2E-01     37  1.7E-04  4.4E-02  5.7356817E-01        1.7E+01  m
    11      0  1.3E-01     41  1.7E-04  2.6E-02  5.8244686E-01        1.7E+01  m
    12      1  1.5E-01     44  1.7E-04  4.5E-01  5.9275264E-01      1 1.7E+01  m
    13      4  1.8E-01     48  1.7E-04  2.6E-03  6.0524867E-01      1 1.7E+01  m
    14      2  1.6E-01     52  1.6E-04  1.7E-03  6.1839051E-01      2 1.7E+01  mR
    15      2  2.4E-01     56  1.5E-04  1.4E-03  6.3459724E-01        1.7E+01 sm
    16      0  4.3E-01     59  1.4E-04  6.6E-03  6.5429086E-01        1.7E+01  m
    17      5  1.0E+00     60  1.3E-04  6.5E-02  6.8560684E-01      1 1.7E+01  m
    18      2  1.0E+00     62  5.2E-06  6.5E-02  7.0937582E-01      1 1.7E+01  m
    19      1  1.0E+00     64 (1.1E-08) 2.3E-03  7.0939972E-01        1.7E+01  m

 Major Minors     Step   nCon Feasible  Optimal  MeritFunction     nS Penalty
    20      0  1.0E+00     66 (5.3E-08)(1.0E-08) 7.0948363E-01        1.7E+01  m
 SNOPTC EXIT   0 -- finished successfully
 SNOPTC INFO   1 -- optimality conditions satisfied

 Problem name                 N2
 No. of iterations                 252   Objective            7.0948362086E-01
 No. of major iterations            20   Linear    obj. term  7.0948362086E-01
 Penalty parameter           1.718E+01   Nonlinear obj. term  0.0000000000E+00
 User function calls (total)        66
 No. of degenerate steps           138   Percentage                      54.76
 Max x                      27 6.9E+02   Max pi                    340 5.4E+00
 Max Primal infeas         429 3.7E-05   Max Dual infeas           431 2.9E-04
 Nonlinear constraint violn    3.7E-05

 Solution not printed
 Time for solving problem                       0.06 seconds
 Time for constraint functions                  0.00 seconds
 Time for objective function                    0.00 seconds

 Root node solved locally optimal.
   Node  Act. Lev.  Objective  IInf  Best Int.   Best Bound   Gap  (0 secs)
      0     2   0       0.7095   9            -       0.7095         -
      1     3   1       0.7079   5            -       0.7095         -
      2     4   2       0.6586   8            -       0.7095         -
      3     3   3   infeasible   -            -       0.7095         -
      4     2   3      ignored   -            -       0.7095         - (4,6)
*     5     1   2       0.5493   0       0.5493       0.7095  0.225809
      6     0   1   infeasible   -       0.5493       0.5493  0.000000
 Integer solution
 Statistics:
    Iterations    :              3348
    NLP Seconds   :          0.386000
    B&B nodes     :                 6
    Ignored nodes :                 1
    MIP solution  :          0.549276 found in node 5
    Best possible :          0.549276
    Absolute gap  :          0.000000     optca :1.0000e-09
    Relative gap  :          0.000000     optcr :  0.000001
    Model Status  :                 8
    Solver Status :                 1

 NLP Solver Statistics
    Total Number of NLP solves  :          8
    Total Number of NLP failures:          1
    Details:          snopt
      # execs             8
      # failures          1
 Terminating.
--- Reading solution for model N2
--- Executing after solve: elapsed 0:00:15.790
--- Crystallisation_Ibuprofen_classify_deep.gms(646) 4 Mb--- Crystallisation_Ibuprofen_classify_deep.gms(662) 4 Mb
--- GDX File (execute_unload) /home/ps/ce-fs2/tk3016/proper_comparison/classifier/Process/Crystallisation_ibuprofen_classify.gdx
*** Status: Normal completion
--- Job Crystallisation_Ibuprofen_classify_deep.gms Stop 09/07/23 09:41:11 elapsed 0:00:15.841

Execution Time : ce-l208 : User 15.12  System 0.10  Elapsed 0:16.09

done
